[1.472s] Invoking command in '/home/jeff/tcc/robots/bot_ws/src/my_bot': PYTHONPATH=/home/jeff/tcc/robots/bot_ws/build/my_bot/prefix_override:/home/jeff/tcc/robots/bot_ws/install/my_bot/lib/python3.10/site-packages:${PYTHONPATH} /usr/bin/python3 setup.py egg_info --egg-base ../../build/my_bot build --build-base /home/jeff/tcc/robots/bot_ws/build/my_bot/build install --record /home/jeff/tcc/robots/bot_ws/build/my_bot/install.log --single-version-externally-managed
[1.764s] running egg_info
[1.765s] creating ../../build/my_bot/my_bot.egg-info
[1.765s] writing ../../build/my_bot/my_bot.egg-info/PKG-INFO
[1.765s] writing dependency_links to ../../build/my_bot/my_bot.egg-info/dependency_links.txt
[1.765s] writing entry points to ../../build/my_bot/my_bot.egg-info/entry_points.txt
[1.766s] writing requirements to ../../build/my_bot/my_bot.egg-info/requires.txt
[1.766s] writing top-level names to ../../build/my_bot/my_bot.egg-info/top_level.txt
[1.766s] writing manifest file '../../build/my_bot/my_bot.egg-info/SOURCES.txt'
[1.768s] reading manifest file '../../build/my_bot/my_bot.egg-info/SOURCES.txt'
[1.771s] writing manifest file '../../build/my_bot/my_bot.egg-info/SOURCES.txt'
[1.771s] running build
[1.771s] running build_py
[1.771s] creating /home/jeff/tcc/robots/bot_ws/build/my_bot/build
[1.772s] creating /home/jeff/tcc/robots/bot_ws/build/my_bot/build/lib
[1.772s] creating /home/jeff/tcc/robots/bot_ws/build/my_bot/build/lib/my_bot
[1.772s] copying my_bot/__init__.py -> /home/jeff/tcc/robots/bot_ws/build/my_bot/build/lib/my_bot
[1.772s] copying my_bot/controller.py -> /home/jeff/tcc/robots/bot_ws/build/my_bot/build/lib/my_bot
[1.772s] running install
[1.773s] running install_lib
[1.774s] creating /home/jeff/tcc/robots/bot_ws/install/my_bot/lib/python3.10/site-packages/my_bot
[1.775s] copying /home/jeff/tcc/robots/bot_ws/build/my_bot/build/lib/my_bot/__init__.py -> /home/jeff/tcc/robots/bot_ws/install/my_bot/lib/python3.10/site-packages/my_bot
[1.775s] copying /home/jeff/tcc/robots/bot_ws/build/my_bot/build/lib/my_bot/controller.py -> /home/jeff/tcc/robots/bot_ws/install/my_bot/lib/python3.10/site-packages/my_bot
[1.777s] byte-compiling /home/jeff/tcc/robots/bot_ws/install/my_bot/lib/python3.10/site-packages/my_bot/__init__.py to __init__.cpython-310.pyc
[1.777s] byte-compiling /home/jeff/tcc/robots/bot_ws/install/my_bot/lib/python3.10/site-packages/my_bot/controller.py to controller.cpython-310.pyc
[1.777s] running install_data
[1.778s] creating /home/jeff/tcc/robots/bot_ws/install/my_bot/share/ament_index
[1.778s] creating /home/jeff/tcc/robots/bot_ws/install/my_bot/share/ament_index/resource_index
[1.778s] creating /home/jeff/tcc/robots/bot_ws/install/my_bot/share/ament_index/resource_index/packages
[1.779s] copying resource/my_bot -> /home/jeff/tcc/robots/bot_ws/install/my_bot/share/ament_index/resource_index/packages
[1.779s] copying package.xml -> /home/jeff/tcc/robots/bot_ws/install/my_bot/share/my_bot
[1.779s] running install_egg_info
[1.782s] Copying ../../build/my_bot/my_bot.egg-info to /home/jeff/tcc/robots/bot_ws/install/my_bot/lib/python3.10/site-packages/my_bot-0.0.0-py3.10.egg-info
[1.782s] running install_scripts
[1.802s] Installing controller script to /home/jeff/tcc/robots/bot_ws/install/my_bot/lib/my_bot
[1.802s] writing list of installed files to '/home/jeff/tcc/robots/bot_ws/build/my_bot/install.log'
[1.845s] Invoked command in '/home/jeff/tcc/robots/bot_ws/src/my_bot' returned '0': PYTHONPATH=/home/jeff/tcc/robots/bot_ws/build/my_bot/prefix_override:/home/jeff/tcc/robots/bot_ws/install/my_bot/lib/python3.10/site-packages:${PYTHONPATH} /usr/bin/python3 setup.py egg_info --egg-base ../../build/my_bot build --build-base /home/jeff/tcc/robots/bot_ws/build/my_bot/build install --record /home/jeff/tcc/robots/bot_ws/build/my_bot/install.log --single-version-externally-managed
