[0.642s] Invoking command in '/home/jeff/tcc/robots/my_ws/src/simulation': PYTHONPATH=/home/jeff/tcc/robots/my_ws/build/simulation/prefix_override:/home/jeff/tcc/robots/my_ws/install/simulation/lib/python3.10/site-packages:${PYTHONPATH} /usr/bin/python3 setup.py egg_info --egg-base ../../build/simulation build --build-base /home/jeff/tcc/robots/my_ws/build/simulation/build install --record /home/jeff/tcc/robots/my_ws/build/simulation/install.log --single-version-externally-managed
[0.889s] running egg_info
[0.889s] writing ../../build/simulation/simulation.egg-info/PKG-INFO
[0.889s] writing dependency_links to ../../build/simulation/simulation.egg-info/dependency_links.txt
[0.890s] writing entry points to ../../build/simulation/simulation.egg-info/entry_points.txt
[0.890s] writing requirements to ../../build/simulation/simulation.egg-info/requires.txt
[0.890s] writing top-level names to ../../build/simulation/simulation.egg-info/top_level.txt
[0.892s] reading manifest file '../../build/simulation/simulation.egg-info/SOURCES.txt'
[0.893s] writing manifest file '../../build/simulation/simulation.egg-info/SOURCES.txt'
[0.893s] running build
[0.893s] running build_py
[0.893s] running install
[0.893s] /usr/lib/python3/dist-packages/setuptools/command/install.py:34: SetuptoolsDeprecationWarning: setup.py install is deprecated. Use build and pip and other standards-based tools.
[0.893s]   warnings.warn(
[0.893s] running install_lib
[0.894s] running install_data
[0.895s] copying launch/simulation.launch.py -> /home/jeff/tcc/robots/my_ws/install/simulation/share/simulation
[0.895s] running install_egg_info
[0.897s] removing '/home/jeff/tcc/robots/my_ws/install/simulation/lib/python3.10/site-packages/simulation-0.0.0-py3.10.egg-info' (and everything under it)
[0.897s] Copying ../../build/simulation/simulation.egg-info to /home/jeff/tcc/robots/my_ws/install/simulation/lib/python3.10/site-packages/simulation-0.0.0-py3.10.egg-info
[0.898s] running install_scripts
[0.919s] writing list of installed files to '/home/jeff/tcc/robots/my_ws/build/simulation/install.log'
[0.944s] Invoked command in '/home/jeff/tcc/robots/my_ws/src/simulation' returned '0': PYTHONPATH=/home/jeff/tcc/robots/my_ws/build/simulation/prefix_override:/home/jeff/tcc/robots/my_ws/install/simulation/lib/python3.10/site-packages:${PYTHONPATH} /usr/bin/python3 setup.py egg_info --egg-base ../../build/simulation build --build-base /home/jeff/tcc/robots/my_ws/build/simulation/build install --record /home/jeff/tcc/robots/my_ws/build/simulation/install.log --single-version-externally-managed
