[0.768s] Invoking command in '/home/ti/tcc/robots/youtube_robot/src/modelo_robot': PYTHONPATH=/home/ti/tcc/robots/youtube_robot/build/modelo_robot/prefix_override:/home/ti/tcc/robots/youtube_robot/install/modelo_robot/lib/python3.10/site-packages:${PYTHONPATH} /usr/bin/python3 setup.py egg_info --egg-base ../../build/modelo_robot build --build-base /home/ti/tcc/robots/youtube_robot/build/modelo_robot/build install --record /home/ti/tcc/robots/youtube_robot/build/modelo_robot/install.log --single-version-externally-managed
[1.022s] running egg_info
[1.022s] creating ../../build/modelo_robot/modelo_robot.egg-info
[1.023s] writing ../../build/modelo_robot/modelo_robot.egg-info/PKG-INFO
[1.023s] writing dependency_links to ../../build/modelo_robot/modelo_robot.egg-info/dependency_links.txt
[1.023s] writing entry points to ../../build/modelo_robot/modelo_robot.egg-info/entry_points.txt
[1.023s] writing requirements to ../../build/modelo_robot/modelo_robot.egg-info/requires.txt
[1.024s] writing top-level names to ../../build/modelo_robot/modelo_robot.egg-info/top_level.txt
[1.024s] writing manifest file '../../build/modelo_robot/modelo_robot.egg-info/SOURCES.txt'
[1.025s] reading manifest file '../../build/modelo_robot/modelo_robot.egg-info/SOURCES.txt'
[1.028s] writing manifest file '../../build/modelo_robot/modelo_robot.egg-info/SOURCES.txt'
[1.029s] running build
[1.029s] running build_py
[1.029s] creating /home/ti/tcc/robots/youtube_robot/build/modelo_robot/build
[1.029s] creating /home/ti/tcc/robots/youtube_robot/build/modelo_robot/build/lib
[1.030s] creating /home/ti/tcc/robots/youtube_robot/build/modelo_robot/build/lib/modelo_robot
[1.030s] copying modelo_robot/__init__.py -> /home/ti/tcc/robots/youtube_robot/build/modelo_robot/build/lib/modelo_robot
[1.030s] running install
[1.030s] running install_lib
[1.031s] warning: install_data: setup script did not provide a directory for 'share' -- installing right in '/home/ti/tcc/robots/youtube_robot/install/modelo_robot'
[1.031s] 
[1.031s] error: can't copy 'share': doesn't exist or not a regular file
[1.033s] creating /home/ti/tcc/robots/youtube_robot/install/modelo_robot/lib/python3.10/site-packages/modelo_robot
[1.033s] copying /home/ti/tcc/robots/youtube_robot/build/modelo_robot/build/lib/modelo_robot/__init__.py -> /home/ti/tcc/robots/youtube_robot/install/modelo_robot/lib/python3.10/site-packages/modelo_robot
[1.033s] byte-compiling /home/ti/tcc/robots/youtube_robot/install/modelo_robot/lib/python3.10/site-packages/modelo_robot/__init__.py to __init__.cpython-310.pyc
[1.034s] running install_data
[1.034s] creating /home/ti/tcc/robots/youtube_robot/install/modelo_robot/share/ament_index
[1.034s] creating /home/ti/tcc/robots/youtube_robot/install/modelo_robot/share/ament_index/resource_index
[1.034s] creating /home/ti/tcc/robots/youtube_robot/install/modelo_robot/share/ament_index/resource_index/packages
[1.035s] copying resource/modelo_robot -> /home/ti/tcc/robots/youtube_robot/install/modelo_robot/share/ament_index/resource_index/packages
[1.035s] copying package.xml -> /home/ti/tcc/robots/youtube_robot/install/modelo_robot/share/modelo_robot
[1.058s] Invoked command in '/home/ti/tcc/robots/youtube_robot/src/modelo_robot' returned '1': PYTHONPATH=/home/ti/tcc/robots/youtube_robot/build/modelo_robot/prefix_override:/home/ti/tcc/robots/youtube_robot/install/modelo_robot/lib/python3.10/site-packages:${PYTHONPATH} /usr/bin/python3 setup.py egg_info --egg-base ../../build/modelo_robot build --build-base /home/ti/tcc/robots/youtube_robot/build/modelo_robot/build install --record /home/ti/tcc/robots/youtube_robot/build/modelo_robot/install.log --single-version-externally-managed
