[0.564s] Invoking command in '/home/jeff/tcc/robots/my_ws/build/my_car_simulation': /usr/bin/cmake --build /home/jeff/tcc/robots/my_ws/build/my_car_simulation -- -j8 -l8
[0.595s] -- Found ament_cmake: 1.3.5 (/opt/ros/humble/share/ament_cmake/cmake)
[0.759s] -- Found ament_lint_auto: 0.12.7 (/opt/ros/humble/share/ament_lint_auto/cmake)
[0.837s] -- Added test 'flake8' to check Python code syntax and style conventions
[0.837s] -- Added test 'lint_cmake' to check CMake code style
[0.838s] -- Added test 'pep257' to check Python code against some of the docstring style conventions in PEP 257
[0.840s] -- Added test 'xmllint' to check XML markup files
[0.840s] -- Configuring done
[0.844s] -- Generating done
[0.845s] -- Build files have been written to: /home/jeff/tcc/robots/my_ws/build/my_car_simulation
[0.870s] Invoked command in '/home/jeff/tcc/robots/my_ws/build/my_car_simulation' returned '0': /usr/bin/cmake --build /home/jeff/tcc/robots/my_ws/build/my_car_simulation -- -j8 -l8
[0.913s] Invoking command in '/home/jeff/tcc/robots/my_ws/build/my_car_simulation': /usr/bin/cmake --install /home/jeff/tcc/robots/my_ws/build/my_car_simulation
[0.920s] -- Install configuration: ""
[0.921s] -- Installing: /home/jeff/tcc/robots/my_ws/install/my_car_simulation/share/ament_index/resource_index/package_run_dependencies/my_car_simulation
[0.922s] -- Up-to-date: /home/jeff/tcc/robots/my_ws/install/my_car_simulation/share/ament_index/resource_index/parent_prefix_path/my_car_simulation
[0.922s] -- Up-to-date: /home/jeff/tcc/robots/my_ws/install/my_car_simulation/share/my_car_simulation/environment/ament_prefix_path.sh
[0.922s] -- Installing: /home/jeff/tcc/robots/my_ws/install/my_car_simulation/share/my_car_simulation/environment/ament_prefix_path.dsv
[0.922s] -- Up-to-date: /home/jeff/tcc/robots/my_ws/install/my_car_simulation/share/my_car_simulation/environment/path.sh
[0.922s] -- Installing: /home/jeff/tcc/robots/my_ws/install/my_car_simulation/share/my_car_simulation/environment/path.dsv
[0.922s] -- Up-to-date: /home/jeff/tcc/robots/my_ws/install/my_car_simulation/share/my_car_simulation/local_setup.bash
[0.923s] -- Up-to-date: /home/jeff/tcc/robots/my_ws/install/my_car_simulation/share/my_car_simulation/local_setup.sh
[0.923s] -- Up-to-date: /home/jeff/tcc/robots/my_ws/install/my_car_simulation/share/my_car_simulation/local_setup.zsh
[0.923s] -- Installing: /home/jeff/tcc/robots/my_ws/install/my_car_simulation/share/my_car_simulation/local_setup.dsv
[0.923s] -- Installing: /home/jeff/tcc/robots/my_ws/install/my_car_simulation/share/my_car_simulation/package.dsv
[0.923s] -- Up-to-date: /home/jeff/tcc/robots/my_ws/install/my_car_simulation/share/ament_index/resource_index/packages/my_car_simulation
[0.923s] -- Up-to-date: /home/jeff/tcc/robots/my_ws/install/my_car_simulation/share/my_car_simulation/cmake/my_car_simulationConfig.cmake
[0.923s] -- Up-to-date: /home/jeff/tcc/robots/my_ws/install/my_car_simulation/share/my_car_simulation/cmake/my_car_simulationConfig-version.cmake
[0.924s] -- Installing: /home/jeff/tcc/robots/my_ws/install/my_car_simulation/share/my_car_simulation/package.xml
[0.925s] Invoked command in '/home/jeff/tcc/robots/my_ws/build/my_car_simulation' returned '0': /usr/bin/cmake --install /home/jeff/tcc/robots/my_ws/build/my_car_simulation
