-- Install configuration: ""
-- Up-to-date: /home/jeff/tcc/robots/nav2_outdoor_example/install/nav2_outdoor_example/share/nav2_outdoor_example/launch
-- Up-to-date: /home/jeff/tcc/robots/nav2_outdoor_example/install/nav2_outdoor_example/share/nav2_outdoor_example/launch/localization.launch.py
-- Up-to-date: /home/jeff/tcc/robots/nav2_outdoor_example/install/nav2_outdoor_example/share/nav2_outdoor_example/launch/navigation.launch.py
-- Up-to-date: /home/jeff/tcc/robots/nav2_outdoor_example/install/nav2_outdoor_example/share/nav2_outdoor_example/launch/bringup.launch.py
-- Up-to-date: /home/jeff/tcc/robots/nav2_outdoor_example/install/nav2_outdoor_example/share/nav2_outdoor_example/launch/simulation.launch.py
-- Up-to-date: /home/jeff/tcc/robots/nav2_outdoor_example/install/nav2_outdoor_example/share/nav2_outdoor_example/launch/visualization.launch.py
-- Up-to-date: /home/jeff/tcc/robots/nav2_outdoor_example/install/nav2_outdoor_example/share/nav2_outdoor_example/rviz
-- Up-to-date: /home/jeff/tcc/robots/nav2_outdoor_example/install/nav2_outdoor_example/share/nav2_outdoor_example/rviz/navigation_config.rviz
-- Up-to-date: /home/jeff/tcc/robots/nav2_outdoor_example/install/nav2_outdoor_example/share/nav2_outdoor_example/config
-- Up-to-date: /home/jeff/tcc/robots/nav2_outdoor_example/install/nav2_outdoor_example/share/nav2_outdoor_example/config/nav2_params.yaml
-- Up-to-date: /home/jeff/tcc/robots/nav2_outdoor_example/install/nav2_outdoor_example/share/nav2_outdoor_example/config/ukf.yaml
-- Up-to-date: /home/jeff/tcc/robots/nav2_outdoor_example/install/nav2_outdoor_example/share/nav2_outdoor_example/config/diff_drive_controller_velocity.yaml
-- Up-to-date: /home/jeff/tcc/robots/nav2_outdoor_example/install/nav2_outdoor_example/share/nav2_outdoor_example/world
-- Up-to-date: /home/jeff/tcc/robots/nav2_outdoor_example/install/nav2_outdoor_example/share/nav2_outdoor_example/world/turtlebot3_world.xcf
-- Up-to-date: /home/jeff/tcc/robots/nav2_outdoor_example/install/nav2_outdoor_example/share/nav2_outdoor_example/world/turtlebot3_world_empty.pgm
-- Up-to-date: /home/jeff/tcc/robots/nav2_outdoor_example/install/nav2_outdoor_example/share/nav2_outdoor_example/world/turtlebot3_world.yaml
-- Up-to-date: /home/jeff/tcc/robots/nav2_outdoor_example/install/nav2_outdoor_example/share/nav2_outdoor_example/world/empty.sdf
-- Up-to-date: /home/jeff/tcc/robots/nav2_outdoor_example/install/nav2_outdoor_example/share/nav2_outdoor_example/urdf
-- Up-to-date: /home/jeff/tcc/robots/nav2_outdoor_example/install/nav2_outdoor_example/share/nav2_outdoor_example/urdf/materials.xacro
-- Up-to-date: /home/jeff/tcc/robots/nav2_outdoor_example/install/nav2_outdoor_example/share/nav2_outdoor_example/urdf/robot.gazebo
-- Up-to-date: /home/jeff/tcc/robots/nav2_outdoor_example/install/nav2_outdoor_example/share/nav2_outdoor_example/urdf/meshes
-- Up-to-date: /home/jeff/tcc/robots/nav2_outdoor_example/install/nav2_outdoor_example/share/nav2_outdoor_example/urdf/meshes/base_link.stl
-- Up-to-date: /home/jeff/tcc/robots/nav2_outdoor_example/install/nav2_outdoor_example/share/nav2_outdoor_example/urdf/meshes/wheel.stl
-- Up-to-date: /home/jeff/tcc/robots/nav2_outdoor_example/install/nav2_outdoor_example/share/nav2_outdoor_example/urdf/wheel.xacro
-- Up-to-date: /home/jeff/tcc/robots/nav2_outdoor_example/install/nav2_outdoor_example/share/nav2_outdoor_example/urdf/robot.xacro.urdf
-- Up-to-date: /home/jeff/tcc/robots/nav2_outdoor_example/install/nav2_outdoor_example/share/ament_index/resource_index/package_run_dependencies/nav2_outdoor_example
-- Up-to-date: /home/jeff/tcc/robots/nav2_outdoor_example/install/nav2_outdoor_example/share/ament_index/resource_index/parent_prefix_path/nav2_outdoor_example
-- Up-to-date: /home/jeff/tcc/robots/nav2_outdoor_example/install/nav2_outdoor_example/share/nav2_outdoor_example/environment/ament_prefix_path.sh
-- Up-to-date: /home/jeff/tcc/robots/nav2_outdoor_example/install/nav2_outdoor_example/share/nav2_outdoor_example/environment/ament_prefix_path.dsv
-- Up-to-date: /home/jeff/tcc/robots/nav2_outdoor_example/install/nav2_outdoor_example/share/nav2_outdoor_example/environment/path.sh
-- Up-to-date: /home/jeff/tcc/robots/nav2_outdoor_example/install/nav2_outdoor_example/share/nav2_outdoor_example/environment/path.dsv
-- Up-to-date: /home/jeff/tcc/robots/nav2_outdoor_example/install/nav2_outdoor_example/share/nav2_outdoor_example/local_setup.bash
-- Up-to-date: /home/jeff/tcc/robots/nav2_outdoor_example/install/nav2_outdoor_example/share/nav2_outdoor_example/local_setup.sh
-- Up-to-date: /home/jeff/tcc/robots/nav2_outdoor_example/install/nav2_outdoor_example/share/nav2_outdoor_example/local_setup.zsh
-- Up-to-date: /home/jeff/tcc/robots/nav2_outdoor_example/install/nav2_outdoor_example/share/nav2_outdoor_example/local_setup.dsv
-- Up-to-date: /home/jeff/tcc/robots/nav2_outdoor_example/install/nav2_outdoor_example/share/nav2_outdoor_example/package.dsv
-- Up-to-date: /home/jeff/tcc/robots/nav2_outdoor_example/install/nav2_outdoor_example/share/ament_index/resource_index/packages/nav2_outdoor_example
-- Up-to-date: /home/jeff/tcc/robots/nav2_outdoor_example/install/nav2_outdoor_example/share/nav2_outdoor_example/cmake/nav2_outdoor_exampleConfig.cmake
-- Up-to-date: /home/jeff/tcc/robots/nav2_outdoor_example/install/nav2_outdoor_example/share/nav2_outdoor_example/cmake/nav2_outdoor_exampleConfig-version.cmake
-- Up-to-date: /home/jeff/tcc/robots/nav2_outdoor_example/install/nav2_outdoor_example/share/nav2_outdoor_example/package.xml
