[0.015s] Invoking command in '/home/jeff/tcc/robots/nav2_outdoor_example/build/nav2_outdoor_example': CMAKE_PREFIX_PATH=${CMAKE_PREFIX_PATH}:/opt/ros/humble /usr/bin/cmake --build /home/jeff/tcc/robots/nav2_outdoor_example/build/nav2_outdoor_example -- -j8 -l8
[0.056s] Invoked command in '/home/jeff/tcc/robots/nav2_outdoor_example/build/nav2_outdoor_example' returned '0': CMAKE_PREFIX_PATH=${CMAKE_PREFIX_PATH}:/opt/ros/humble /usr/bin/cmake --build /home/jeff/tcc/robots/nav2_outdoor_example/build/nav2_outdoor_example -- -j8 -l8
[0.089s] Invoking command in '/home/jeff/tcc/robots/nav2_outdoor_example/build/nav2_outdoor_example': CMAKE_PREFIX_PATH=${CMAKE_PREFIX_PATH}:/opt/ros/humble /usr/bin/cmake --install /home/jeff/tcc/robots/nav2_outdoor_example/build/nav2_outdoor_example
[0.097s] -- Install configuration: ""
[0.097s] -- Up-to-date: /home/jeff/tcc/robots/nav2_outdoor_example/install/nav2_outdoor_example/share/nav2_outdoor_example/launch
[0.097s] -- Up-to-date: /home/jeff/tcc/robots/nav2_outdoor_example/install/nav2_outdoor_example/share/nav2_outdoor_example/launch/localization.launch.py
[0.098s] -- Up-to-date: /home/jeff/tcc/robots/nav2_outdoor_example/install/nav2_outdoor_example/share/nav2_outdoor_example/launch/navigation.launch.py
[0.098s] -- Up-to-date: /home/jeff/tcc/robots/nav2_outdoor_example/install/nav2_outdoor_example/share/nav2_outdoor_example/launch/bringup.launch.py
[0.098s] -- Up-to-date: /home/jeff/tcc/robots/nav2_outdoor_example/install/nav2_outdoor_example/share/nav2_outdoor_example/launch/simulation.launch.py
[0.098s] -- Up-to-date: /home/jeff/tcc/robots/nav2_outdoor_example/install/nav2_outdoor_example/share/nav2_outdoor_example/launch/visualization.launch.py
[0.098s] -- Up-to-date: /home/jeff/tcc/robots/nav2_outdoor_example/install/nav2_outdoor_example/share/nav2_outdoor_example/rviz
[0.098s] -- Up-to-date: /home/jeff/tcc/robots/nav2_outdoor_example/install/nav2_outdoor_example/share/nav2_outdoor_example/rviz/navigation_config.rviz
[0.099s] -- Up-to-date: /home/jeff/tcc/robots/nav2_outdoor_example/install/nav2_outdoor_example/share/nav2_outdoor_example/config
[0.099s] -- Up-to-date: /home/jeff/tcc/robots/nav2_outdoor_example/install/nav2_outdoor_example/share/nav2_outdoor_example/config/nav2_params.yaml
[0.099s] -- Up-to-date: /home/jeff/tcc/robots/nav2_outdoor_example/install/nav2_outdoor_example/share/nav2_outdoor_example/config/ukf.yaml
[0.099s] -- Up-to-date: /home/jeff/tcc/robots/nav2_outdoor_example/install/nav2_outdoor_example/share/nav2_outdoor_example/config/diff_drive_controller_velocity.yaml
[0.099s] -- Up-to-date: /home/jeff/tcc/robots/nav2_outdoor_example/install/nav2_outdoor_example/share/nav2_outdoor_example/world
[0.099s] -- Up-to-date: /home/jeff/tcc/robots/nav2_outdoor_example/install/nav2_outdoor_example/share/nav2_outdoor_example/world/turtlebot3_world.xcf
[0.099s] -- Up-to-date: /home/jeff/tcc/robots/nav2_outdoor_example/install/nav2_outdoor_example/share/nav2_outdoor_example/world/turtlebot3_world_empty.pgm
[0.099s] -- Up-to-date: /home/jeff/tcc/robots/nav2_outdoor_example/install/nav2_outdoor_example/share/nav2_outdoor_example/world/turtlebot3_world.yaml
[0.100s] -- Up-to-date: /home/jeff/tcc/robots/nav2_outdoor_example/install/nav2_outdoor_example/share/nav2_outdoor_example/world/empty.sdf
[0.101s] -- Up-to-date: /home/jeff/tcc/robots/nav2_outdoor_example/install/nav2_outdoor_example/share/nav2_outdoor_example/urdf
[0.101s] -- Up-to-date: /home/jeff/tcc/robots/nav2_outdoor_example/install/nav2_outdoor_example/share/nav2_outdoor_example/urdf/materials.xacro
[0.101s] -- Up-to-date: /home/jeff/tcc/robots/nav2_outdoor_example/install/nav2_outdoor_example/share/nav2_outdoor_example/urdf/robot.gazebo
[0.102s] -- Up-to-date: /home/jeff/tcc/robots/nav2_outdoor_example/install/nav2_outdoor_example/share/nav2_outdoor_example/urdf/meshes
[0.102s] -- Up-to-date: /home/jeff/tcc/robots/nav2_outdoor_example/install/nav2_outdoor_example/share/nav2_outdoor_example/urdf/meshes/base_link.stl
[0.103s] -- Up-to-date: /home/jeff/tcc/robots/nav2_outdoor_example/install/nav2_outdoor_example/share/nav2_outdoor_example/urdf/meshes/wheel.stl
[0.103s] -- Up-to-date: /home/jeff/tcc/robots/nav2_outdoor_example/install/nav2_outdoor_example/share/nav2_outdoor_example/urdf/wheel.xacro
[0.103s] -- Up-to-date: /home/jeff/tcc/robots/nav2_outdoor_example/install/nav2_outdoor_example/share/nav2_outdoor_example/urdf/robot.xacro.urdf
[0.104s] -- Up-to-date: /home/jeff/tcc/robots/nav2_outdoor_example/install/nav2_outdoor_example/share/ament_index/resource_index/package_run_dependencies/nav2_outdoor_example
[0.104s] -- Up-to-date: /home/jeff/tcc/robots/nav2_outdoor_example/install/nav2_outdoor_example/share/ament_index/resource_index/parent_prefix_path/nav2_outdoor_example
[0.104s] -- Up-to-date: /home/jeff/tcc/robots/nav2_outdoor_example/install/nav2_outdoor_example/share/nav2_outdoor_example/environment/ament_prefix_path.sh
[0.105s] -- Up-to-date: /home/jeff/tcc/robots/nav2_outdoor_example/install/nav2_outdoor_example/share/nav2_outdoor_example/environment/ament_prefix_path.dsv
[0.105s] -- Up-to-date: /home/jeff/tcc/robots/nav2_outdoor_example/install/nav2_outdoor_example/share/nav2_outdoor_example/environment/path.sh
[0.105s] -- Up-to-date: /home/jeff/tcc/robots/nav2_outdoor_example/install/nav2_outdoor_example/share/nav2_outdoor_example/environment/path.dsv
[0.105s] -- Up-to-date: /home/jeff/tcc/robots/nav2_outdoor_example/install/nav2_outdoor_example/share/nav2_outdoor_example/local_setup.bash
[0.105s] -- Up-to-date: /home/jeff/tcc/robots/nav2_outdoor_example/install/nav2_outdoor_example/share/nav2_outdoor_example/local_setup.sh
[0.106s] -- Up-to-date: /home/jeff/tcc/robots/nav2_outdoor_example/install/nav2_outdoor_example/share/nav2_outdoor_example/local_setup.zsh
[0.106s] -- Up-to-date: /home/jeff/tcc/robots/nav2_outdoor_example/install/nav2_outdoor_example/share/nav2_outdoor_example/local_setup.dsv
[0.106s] -- Up-to-date: /home/jeff/tcc/robots/nav2_outdoor_example/install/nav2_outdoor_example/share/nav2_outdoor_example/package.dsv
[0.106s] -- Up-to-date: /home/jeff/tcc/robots/nav2_outdoor_example/install/nav2_outdoor_example/share/ament_index/resource_index/packages/nav2_outdoor_example
[0.106s] -- Up-to-date: /home/jeff/tcc/robots/nav2_outdoor_example/install/nav2_outdoor_example/share/nav2_outdoor_example/cmake/nav2_outdoor_exampleConfig.cmake
[0.107s] -- Up-to-date: /home/jeff/tcc/robots/nav2_outdoor_example/install/nav2_outdoor_example/share/nav2_outdoor_example/cmake/nav2_outdoor_exampleConfig-version.cmake
[0.107s] -- Up-to-date: /home/jeff/tcc/robots/nav2_outdoor_example/install/nav2_outdoor_example/share/nav2_outdoor_example/package.xml
[0.108s] Invoked command in '/home/jeff/tcc/robots/nav2_outdoor_example/build/nav2_outdoor_example' returned '0': CMAKE_PREFIX_PATH=${CMAKE_PREFIX_PATH}:/opt/ros/humble /usr/bin/cmake --install /home/jeff/tcc/robots/nav2_outdoor_example/build/nav2_outdoor_example
