[0.698s] Invoking command in '/home/ti/tcc/robots/youtube_robot/src/modelo_robot': PYTHONPATH=/home/ti/tcc/robots/youtube_robot/build/modelo_robot/prefix_override:/home/ti/tcc/robots/youtube_robot/install/modelo_robot/lib/python3.10/site-packages:${PYTHONPATH} /usr/bin/python3 setup.py egg_info --egg-base ../../build/modelo_robot build --build-base /home/ti/tcc/robots/youtube_robot/build/modelo_robot/build install --record /home/ti/tcc/robots/youtube_robot/build/modelo_robot/install.log --single-version-externally-managed
[0.983s] running egg_info
[0.983s] writing ../../build/modelo_robot/modelo_robot.egg-info/PKG-INFO
[0.984s] writing dependency_links to ../../build/modelo_robot/modelo_robot.egg-info/dependency_links.txt
[0.984s] writing entry points to ../../build/modelo_robot/modelo_robot.egg-info/entry_points.txt
[0.984s] writing requirements to ../../build/modelo_robot/modelo_robot.egg-info/requires.txt
[0.984s] writing top-level names to ../../build/modelo_robot/modelo_robot.egg-info/top_level.txt
[0.986s] reading manifest file '../../build/modelo_robot/modelo_robot.egg-info/SOURCES.txt'
[0.987s] writing manifest file '../../build/modelo_robot/modelo_robot.egg-info/SOURCES.txt'
[0.987s] running build
[0.987s] running build_py
[0.987s] running install
[0.988s] running install_lib
[0.989s] running install_data
[0.989s] creating /home/ti/tcc/robots/youtube_robot/install/modelo_robot/share/modelo_robot/urdf
[0.990s] creating /home/ti/tcc/robots/youtube_robot/install/modelo_robot/share/modelo_robot/launch
[0.990s] creating /home/ti/tcc/robots/youtube_robot/install/modelo_robot/share/modelo_robot/meshes
[0.990s] running install_egg_info
[0.992s] Copying ../../build/modelo_robot/modelo_robot.egg-info to /home/ti/tcc/robots/youtube_robot/install/modelo_robot/lib/python3.10/site-packages/modelo_robot-0.0.0-py3.10.egg-info
[0.993s] running install_scripts
[1.012s] writing list of installed files to '/home/ti/tcc/robots/youtube_robot/build/modelo_robot/install.log'
[1.050s] Invoked command in '/home/ti/tcc/robots/youtube_robot/src/modelo_robot' returned '0': PYTHONPATH=/home/ti/tcc/robots/youtube_robot/build/modelo_robot/prefix_override:/home/ti/tcc/robots/youtube_robot/install/modelo_robot/lib/python3.10/site-packages:${PYTHONPATH} /usr/bin/python3 setup.py egg_info --egg-base ../../build/modelo_robot build --build-base /home/ti/tcc/robots/youtube_robot/build/modelo_robot/build install --record /home/ti/tcc/robots/youtube_robot/build/modelo_robot/install.log --single-version-externally-managed
