[0.608s] DEBUG:colcon:Command line arguments: ['/usr/bin/colcon', 'list', '-p', '--base-paths', '/home/jeff/tcc/robots/bot_ws']
[0.608s] DEBUG:colcon:Parsed command line arguments: Namespace(log_base=None, log_level=None, verb_name='list', build_base='build', ignore_user_meta=False, metas=['./colcon.meta'], base_paths=['/home/jeff/tcc/robots/bot_ws'], packages_ignore=None, packages_ignore_regex=None, paths=None, packages_up_to=None, packages_up_to_regex=None, packages_above=None, packages_above_and_dependencies=None, packages_above_depth=None, packages_select_by_dep=None, packages_skip_by_dep=None, packages_skip_up_to=None, packages_select_build_failed=False, packages_skip_build_finished=False, packages_select_test_failures=False, packages_skip_test_passed=False, packages_select=None, packages_skip=None, packages_select_regex=None, packages_skip_regex=None, packages_start=None, packages_end=None, allow_overriding=[], topological_order=False, names_only=False, paths_only=True, topological_graph=False, topological_graph_dot=False, topological_graph_density=False, topological_graph_legend=False, topological_graph_dot_cluster=False, topological_graph_dot_include_skipped=False, verb_parser=<colcon_defaults.argument_parser.defaults.DefaultArgumentsDecorator object at 0x7f48215b7df0>, verb_extension=<colcon_package_information.verb.list.ListVerb object at 0x7f4821566050>, main=<bound method ListVerb.main of <colcon_package_information.verb.list.ListVerb object at 0x7f4821566050>>)
[0.670s] Level 1:colcon.colcon_core.package_discovery:discover_packages(colcon_meta) check parameters
[0.671s] Level 1:colcon.colcon_core.package_discovery:discover_packages(recursive) check parameters
[0.671s] Level 1:colcon.colcon_core.package_discovery:discover_packages(ignore) check parameters
[0.671s] Level 1:colcon.colcon_core.package_discovery:discover_packages(path) check parameters
[0.671s] Level 1:colcon.colcon_core.package_discovery:discover_packages(recursive) discover
[0.671s] INFO:colcon.colcon_core.package_discovery:Crawling recursively for packages in '/home/jeff/tcc/robots/bot_ws'
[0.671s] Level 1:colcon.colcon_core.package_identification:_identify(/home/jeff/tcc/robots/bot_ws) by extensions ['ignore', 'ignore_ament_install']
[0.672s] Level 1:colcon.colcon_core.package_identification:_identify(/home/jeff/tcc/robots/bot_ws) by extension 'ignore'
[0.672s] Level 1:colcon.colcon_core.package_identification:_identify(/home/jeff/tcc/robots/bot_ws) by extension 'ignore_ament_install'
[0.672s] Level 1:colcon.colcon_core.package_identification:_identify(/home/jeff/tcc/robots/bot_ws) by extensions ['colcon_pkg']
[0.672s] Level 1:colcon.colcon_core.package_identification:_identify(/home/jeff/tcc/robots/bot_ws) by extension 'colcon_pkg'
[0.672s] Level 1:colcon.colcon_core.package_identification:_identify(/home/jeff/tcc/robots/bot_ws) by extensions ['colcon_meta']
[0.672s] Level 1:colcon.colcon_core.package_identification:_identify(/home/jeff/tcc/robots/bot_ws) by extension 'colcon_meta'
[0.672s] Level 1:colcon.colcon_core.package_identification:_identify(/home/jeff/tcc/robots/bot_ws) by extensions ['ros']
[0.673s] Level 1:colcon.colcon_core.package_identification:_identify(/home/jeff/tcc/robots/bot_ws) by extension 'ros'
[0.693s] Level 1:colcon.colcon_core.package_identification:_identify(/home/jeff/tcc/robots/bot_ws) by extensions ['cmake', 'python']
[0.694s] Level 1:colcon.colcon_core.package_identification:_identify(/home/jeff/tcc/robots/bot_ws) by extension 'cmake'
[0.694s] Level 1:colcon.colcon_core.package_identification:_identify(/home/jeff/tcc/robots/bot_ws) by extension 'python'
[0.694s] Level 1:colcon.colcon_core.package_identification:_identify(/home/jeff/tcc/robots/bot_ws) by extensions ['python_setup_py']
[0.694s] Level 1:colcon.colcon_core.package_identification:_identify(/home/jeff/tcc/robots/bot_ws) by extension 'python_setup_py'
[0.694s] Level 1:colcon.colcon_core.package_identification:_identify(/home/jeff/tcc/robots/bot_ws/log) by extensions ['ignore', 'ignore_ament_install']
[0.695s] Level 1:colcon.colcon_core.package_identification:_identify(/home/jeff/tcc/robots/bot_ws/log) by extension 'ignore'
[0.695s] Level 1:colcon.colcon_core.package_identification:_identify(/home/jeff/tcc/robots/bot_ws/log) ignored
[0.695s] Level 1:colcon.colcon_core.package_identification:_identify(/home/jeff/tcc/robots/bot_ws/src) by extensions ['ignore', 'ignore_ament_install']
[0.695s] Level 1:colcon.colcon_core.package_identification:_identify(/home/jeff/tcc/robots/bot_ws/src) by extension 'ignore'
[0.696s] Level 1:colcon.colcon_core.package_identification:_identify(/home/jeff/tcc/robots/bot_ws/src) by extension 'ignore_ament_install'
[0.696s] Level 1:colcon.colcon_core.package_identification:_identify(/home/jeff/tcc/robots/bot_ws/src) by extensions ['colcon_pkg']
[0.696s] Level 1:colcon.colcon_core.package_identification:_identify(/home/jeff/tcc/robots/bot_ws/src) by extension 'colcon_pkg'
[0.696s] Level 1:colcon.colcon_core.package_identification:_identify(/home/jeff/tcc/robots/bot_ws/src) by extensions ['colcon_meta']
[0.696s] Level 1:colcon.colcon_core.package_identification:_identify(/home/jeff/tcc/robots/bot_ws/src) by extension 'colcon_meta'
[0.696s] Level 1:colcon.colcon_core.package_identification:_identify(/home/jeff/tcc/robots/bot_ws/src) by extensions ['ros']
[0.696s] Level 1:colcon.colcon_core.package_identification:_identify(/home/jeff/tcc/robots/bot_ws/src) by extension 'ros'
[0.696s] Level 1:colcon.colcon_core.package_identification:_identify(/home/jeff/tcc/robots/bot_ws/src) by extensions ['cmake', 'python']
[0.697s] Level 1:colcon.colcon_core.package_identification:_identify(/home/jeff/tcc/robots/bot_ws/src) by extension 'cmake'
[0.697s] Level 1:colcon.colcon_core.package_identification:_identify(/home/jeff/tcc/robots/bot_ws/src) by extension 'python'
[0.697s] Level 1:colcon.colcon_core.package_identification:_identify(/home/jeff/tcc/robots/bot_ws/src) by extensions ['python_setup_py']
[0.697s] Level 1:colcon.colcon_core.package_identification:_identify(/home/jeff/tcc/robots/bot_ws/src) by extension 'python_setup_py'
[0.697s] Level 1:colcon.colcon_core.package_identification:_identify(/home/jeff/tcc/robots/bot_ws/src/harm) by extensions ['ignore', 'ignore_ament_install']
[0.697s] Level 1:colcon.colcon_core.package_identification:_identify(/home/jeff/tcc/robots/bot_ws/src/harm) by extension 'ignore'
[0.698s] Level 1:colcon.colcon_core.package_identification:_identify(/home/jeff/tcc/robots/bot_ws/src/harm) by extension 'ignore_ament_install'
[0.698s] Level 1:colcon.colcon_core.package_identification:_identify(/home/jeff/tcc/robots/bot_ws/src/harm) by extensions ['colcon_pkg']
[0.698s] Level 1:colcon.colcon_core.package_identification:_identify(/home/jeff/tcc/robots/bot_ws/src/harm) by extension 'colcon_pkg'
[0.698s] Level 1:colcon.colcon_core.package_identification:_identify(/home/jeff/tcc/robots/bot_ws/src/harm) by extensions ['colcon_meta']
[0.698s] Level 1:colcon.colcon_core.package_identification:_identify(/home/jeff/tcc/robots/bot_ws/src/harm) by extension 'colcon_meta'
[0.698s] Level 1:colcon.colcon_core.package_identification:_identify(/home/jeff/tcc/robots/bot_ws/src/harm) by extensions ['ros']
[0.698s] Level 1:colcon.colcon_core.package_identification:_identify(/home/jeff/tcc/robots/bot_ws/src/harm) by extension 'ros'
[0.704s] DEBUG:colcon.colcon_core.package_identification:Package '/home/jeff/tcc/robots/bot_ws/src/harm' with type 'ros.ament_python' and name 'harm'
[0.705s] Level 1:colcon.colcon_core.package_identification:_identify(/home/jeff/tcc/robots/bot_ws/src/my_bot) by extensions ['ignore', 'ignore_ament_install']
[0.706s] Level 1:colcon.colcon_core.package_identification:_identify(/home/jeff/tcc/robots/bot_ws/src/my_bot) by extension 'ignore'
[0.706s] Level 1:colcon.colcon_core.package_identification:_identify(/home/jeff/tcc/robots/bot_ws/src/my_bot) by extension 'ignore_ament_install'
[0.706s] Level 1:colcon.colcon_core.package_identification:_identify(/home/jeff/tcc/robots/bot_ws/src/my_bot) by extensions ['colcon_pkg']
[0.707s] Level 1:colcon.colcon_core.package_identification:_identify(/home/jeff/tcc/robots/bot_ws/src/my_bot) by extension 'colcon_pkg'
[0.707s] Level 1:colcon.colcon_core.package_identification:_identify(/home/jeff/tcc/robots/bot_ws/src/my_bot) by extensions ['colcon_meta']
[0.707s] Level 1:colcon.colcon_core.package_identification:_identify(/home/jeff/tcc/robots/bot_ws/src/my_bot) by extension 'colcon_meta'
[0.708s] Level 1:colcon.colcon_core.package_identification:_identify(/home/jeff/tcc/robots/bot_ws/src/my_bot) by extensions ['ros']
[0.708s] Level 1:colcon.colcon_core.package_identification:_identify(/home/jeff/tcc/robots/bot_ws/src/my_bot) by extension 'ros'
[0.709s] DEBUG:colcon.colcon_core.package_identification:Package '/home/jeff/tcc/robots/bot_ws/src/my_bot' with type 'ros.ament_python' and name 'my_bot'
[0.710s] Level 1:colcon.colcon_core.package_identification:_identify(/home/jeff/tcc/robots/bot_ws/src/my_package) by extensions ['ignore', 'ignore_ament_install']
[0.710s] Level 1:colcon.colcon_core.package_identification:_identify(/home/jeff/tcc/robots/bot_ws/src/my_package) by extension 'ignore'
[0.711s] Level 1:colcon.colcon_core.package_identification:_identify(/home/jeff/tcc/robots/bot_ws/src/my_package) by extension 'ignore_ament_install'
[0.711s] Level 1:colcon.colcon_core.package_identification:_identify(/home/jeff/tcc/robots/bot_ws/src/my_package) by extensions ['colcon_pkg']
[0.712s] Level 1:colcon.colcon_core.package_identification:_identify(/home/jeff/tcc/robots/bot_ws/src/my_package) by extension 'colcon_pkg'
[0.712s] Level 1:colcon.colcon_core.package_identification:_identify(/home/jeff/tcc/robots/bot_ws/src/my_package) by extensions ['colcon_meta']
[0.712s] Level 1:colcon.colcon_core.package_identification:_identify(/home/jeff/tcc/robots/bot_ws/src/my_package) by extension 'colcon_meta'
[0.712s] Level 1:colcon.colcon_core.package_identification:_identify(/home/jeff/tcc/robots/bot_ws/src/my_package) by extensions ['ros']
[0.712s] Level 1:colcon.colcon_core.package_identification:_identify(/home/jeff/tcc/robots/bot_ws/src/my_package) by extension 'ros'
[0.713s] DEBUG:colcon.colcon_core.package_identification:Package '/home/jeff/tcc/robots/bot_ws/src/my_package' with type 'ros.ament_python' and name 'my_package'
[0.714s] Level 1:colcon.colcon_core.package_identification:_identify(/home/jeff/tcc/robots/bot_ws/src/room_wall_2x5m) by extensions ['ignore', 'ignore_ament_install']
[0.714s] Level 1:colcon.colcon_core.package_identification:_identify(/home/jeff/tcc/robots/bot_ws/src/room_wall_2x5m) by extension 'ignore'
[0.714s] Level 1:colcon.colcon_core.package_identification:_identify(/home/jeff/tcc/robots/bot_ws/src/room_wall_2x5m) by extension 'ignore_ament_install'
[0.714s] Level 1:colcon.colcon_core.package_identification:_identify(/home/jeff/tcc/robots/bot_ws/src/room_wall_2x5m) by extensions ['colcon_pkg']
[0.715s] Level 1:colcon.colcon_core.package_identification:_identify(/home/jeff/tcc/robots/bot_ws/src/room_wall_2x5m) by extension 'colcon_pkg'
[0.715s] Level 1:colcon.colcon_core.package_identification:_identify(/home/jeff/tcc/robots/bot_ws/src/room_wall_2x5m) by extensions ['colcon_meta']
[0.715s] Level 1:colcon.colcon_core.package_identification:_identify(/home/jeff/tcc/robots/bot_ws/src/room_wall_2x5m) by extension 'colcon_meta'
[0.715s] Level 1:colcon.colcon_core.package_identification:_identify(/home/jeff/tcc/robots/bot_ws/src/room_wall_2x5m) by extensions ['ros']
[0.715s] Level 1:colcon.colcon_core.package_identification:_identify(/home/jeff/tcc/robots/bot_ws/src/room_wall_2x5m) by extension 'ros'
[0.716s] Level 1:colcon.colcon_core.package_identification:_identify(/home/jeff/tcc/robots/bot_ws/src/room_wall_2x5m) by extensions ['cmake', 'python']
[0.716s] Level 1:colcon.colcon_core.package_identification:_identify(/home/jeff/tcc/robots/bot_ws/src/room_wall_2x5m) by extension 'cmake'
[0.717s] Level 1:colcon.colcon_core.package_identification:_identify(/home/jeff/tcc/robots/bot_ws/src/room_wall_2x5m) by extension 'python'
[0.717s] Level 1:colcon.colcon_core.package_identification:_identify(/home/jeff/tcc/robots/bot_ws/src/room_wall_2x5m) by extensions ['python_setup_py']
[0.717s] Level 1:colcon.colcon_core.package_identification:_identify(/home/jeff/tcc/robots/bot_ws/src/room_wall_2x5m) by extension 'python_setup_py'
[0.718s] Level 1:colcon.colcon_core.package_discovery:discover_packages(recursive) using defaults
