[1.499s] Invoking command in '/home/jeff/tcc/robots/bot_ws/src/harm': PYTHONPATH=/home/jeff/tcc/robots/bot_ws/build/harm/prefix_override:/home/jeff/tcc/robots/bot_ws/install/harm/lib/python3.10/site-packages:${PYTHONPATH} /usr/bin/python3 setup.py egg_info --egg-base ../../build/harm build --build-base /home/jeff/tcc/robots/bot_ws/build/harm/build install --record /home/jeff/tcc/robots/bot_ws/build/harm/install.log --single-version-externally-managed
[1.793s] running egg_info
[1.794s] creating ../../build/harm/harm.egg-info
[1.794s] writing ../../build/harm/harm.egg-info/PKG-INFO
[1.795s] writing dependency_links to ../../build/harm/harm.egg-info/dependency_links.txt
[1.795s] writing entry points to ../../build/harm/harm.egg-info/entry_points.txt
[1.795s] writing requirements to ../../build/harm/harm.egg-info/requires.txt
[1.795s] writing top-level names to ../../build/harm/harm.egg-info/top_level.txt
[1.796s] writing manifest file '../../build/harm/harm.egg-info/SOURCES.txt'
[1.798s] reading manifest file '../../build/harm/harm.egg-info/SOURCES.txt'
[1.799s] writing manifest file '../../build/harm/harm.egg-info/SOURCES.txt'
[1.800s] running build
[1.800s] running build_py
[1.800s] creating /home/jeff/tcc/robots/bot_ws/build/harm/build
[1.800s] creating /home/jeff/tcc/robots/bot_ws/build/harm/build/lib
[1.800s] creating /home/jeff/tcc/robots/bot_ws/build/harm/build/lib/harm
[1.801s] copying harm/controller copy 2.py -> /home/jeff/tcc/robots/bot_ws/build/harm/build/lib/harm
[1.801s] copying harm/__init__.py -> /home/jeff/tcc/robots/bot_ws/build/harm/build/lib/harm
[1.801s] copying harm/controller.py -> /home/jeff/tcc/robots/bot_ws/build/harm/build/lib/harm
[1.801s] copying harm/controller copy 3.py -> /home/jeff/tcc/robots/bot_ws/build/harm/build/lib/harm
[1.801s] running install
[1.802s] running install_lib
[1.804s] creating /home/jeff/tcc/robots/bot_ws/install/harm/lib/python3.10/site-packages/harm
[1.804s] copying /home/jeff/tcc/robots/bot_ws/build/harm/build/lib/harm/controller copy 2.py -> /home/jeff/tcc/robots/bot_ws/install/harm/lib/python3.10/site-packages/harm
[1.804s] copying /home/jeff/tcc/robots/bot_ws/build/harm/build/lib/harm/__init__.py -> /home/jeff/tcc/robots/bot_ws/install/harm/lib/python3.10/site-packages/harm
[1.805s] copying /home/jeff/tcc/robots/bot_ws/build/harm/build/lib/harm/controller.py -> /home/jeff/tcc/robots/bot_ws/install/harm/lib/python3.10/site-packages/harm
[1.805s] copying /home/jeff/tcc/robots/bot_ws/build/harm/build/lib/harm/controller copy 3.py -> /home/jeff/tcc/robots/bot_ws/install/harm/lib/python3.10/site-packages/harm
[1.805s] byte-compiling /home/jeff/tcc/robots/bot_ws/install/harm/lib/python3.10/site-packages/harm/controller copy 2.py to controller copy 2.cpython-310.pyc
[1.807s] byte-compiling /home/jeff/tcc/robots/bot_ws/install/harm/lib/python3.10/site-packages/harm/__init__.py to __init__.cpython-310.pyc
[1.808s] byte-compiling /home/jeff/tcc/robots/bot_ws/install/harm/lib/python3.10/site-packages/harm/controller.py to controller.cpython-310.pyc
[1.808s] byte-compiling /home/jeff/tcc/robots/bot_ws/install/harm/lib/python3.10/site-packages/harm/controller copy 3.py to controller copy 3.cpython-310.pyc
[1.809s] running install_data
[1.809s] creating /home/jeff/tcc/robots/bot_ws/install/harm/share/ament_index
[1.809s] creating /home/jeff/tcc/robots/bot_ws/install/harm/share/ament_index/resource_index
[1.809s] creating /home/jeff/tcc/robots/bot_ws/install/harm/share/ament_index/resource_index/packages
[1.809s] copying resource/harm -> /home/jeff/tcc/robots/bot_ws/install/harm/share/ament_index/resource_index/packages
[1.810s] copying package.xml -> /home/jeff/tcc/robots/bot_ws/install/harm/share/harm
[1.810s] creating /home/jeff/tcc/robots/bot_ws/install/harm/share/harm/models
[1.810s] creating /home/jeff/tcc/robots/bot_ws/install/harm/share/harm/models/room_wall_2x5m
[1.811s] copying models/room_wall_2x5m/model.config -> /home/jeff/tcc/robots/bot_ws/install/harm/share/harm/models/room_wall_2x5m
[1.811s] copying models/room_wall_2x5m/model.sdf -> /home/jeff/tcc/robots/bot_ws/install/harm/share/harm/models/room_wall_2x5m
[1.811s] creating /home/jeff/tcc/robots/bot_ws/install/harm/share/harm/worlds
[1.811s] copying worlds/mapa.sdf -> /home/jeff/tcc/robots/bot_ws/install/harm/share/harm/worlds
[1.811s] copying worlds/shapes.sdf -> /home/jeff/tcc/robots/bot_ws/install/harm/share/harm/worlds
[1.811s] copying worlds/my_world_copy.world -> /home/jeff/tcc/robots/bot_ws/install/harm/share/harm/worlds
[1.811s] copying worlds/my_world.world -> /home/jeff/tcc/robots/bot_ws/install/harm/share/harm/worlds
[1.811s] copying worlds/mapa4.sdf -> /home/jeff/tcc/robots/bot_ws/install/harm/share/harm/worlds
[1.812s] copying worlds/mapa2.sdf -> /home/jeff/tcc/robots/bot_ws/install/harm/share/harm/worlds
[1.812s] copying worlds/mapa3.sdf -> /home/jeff/tcc/robots/bot_ws/install/harm/share/harm/worlds
[1.812s] creating /home/jeff/tcc/robots/bot_ws/install/harm/share/harm/launch
[1.812s] copying launch/world.launch_copy.py -> /home/jeff/tcc/robots/bot_ws/install/harm/share/harm/launch
[1.812s] copying launch/world.launch.py -> /home/jeff/tcc/robots/bot_ws/install/harm/share/harm/launch
[1.812s] creating /home/jeff/tcc/robots/bot_ws/install/harm/share/harm/launch/__pycache__
[1.812s] copying launch/__pycache__/world.launch.cpython-310.pyc -> /home/jeff/tcc/robots/bot_ws/install/harm/share/harm/launch/__pycache__
[1.812s] running install_egg_info
[1.813s] Copying ../../build/harm/harm.egg-info to /home/jeff/tcc/robots/bot_ws/install/harm/lib/python3.10/site-packages/harm-0.0.1-py3.10.egg-info
[1.814s] running install_scripts
[1.834s] Installing controller script to /home/jeff/tcc/robots/bot_ws/install/harm/lib/harm
[1.834s] writing list of installed files to '/home/jeff/tcc/robots/bot_ws/build/harm/install.log'
[1.907s] Invoked command in '/home/jeff/tcc/robots/bot_ws/src/harm' returned '0': PYTHONPATH=/home/jeff/tcc/robots/bot_ws/build/harm/prefix_override:/home/jeff/tcc/robots/bot_ws/install/harm/lib/python3.10/site-packages:${PYTHONPATH} /usr/bin/python3 setup.py egg_info --egg-base ../../build/harm build --build-base /home/jeff/tcc/robots/bot_ws/build/harm/build install --record /home/jeff/tcc/robots/bot_ws/build/harm/install.log --single-version-externally-managed
