[0.327s] DEBUG:colcon:Command line arguments: ['/usr/bin/colcon', 'build']
[0.327s] DEBUG:colcon:Parsed command line arguments: Namespace(log_base=None, log_level=None, verb_name='build', build_base='build', install_base='install', merge_install=False, symlink_install=False, test_result_base=None, continue_on_error=False, executor='parallel', parallel_workers=8, event_handlers=None, ignore_user_meta=False, metas=['./colcon.meta'], base_paths=['.'], packages_ignore=None, packages_ignore_regex=None, paths=None, packages_up_to=None, packages_up_to_regex=None, packages_above=None, packages_above_and_dependencies=None, packages_above_depth=None, packages_select_by_dep=None, packages_skip_by_dep=None, packages_skip_up_to=None, packages_select_build_failed=False, packages_skip_build_finished=False, packages_select_test_failures=False, packages_skip_test_passed=False, packages_select=None, packages_skip=None, packages_select_regex=None, packages_skip_regex=None, packages_start=None, packages_end=None, allow_overriding=[], cmake_args=None, cmake_target=None, cmake_target_skip_unavailable=False, cmake_clean_cache=False, cmake_clean_first=False, cmake_force_configure=False, ament_cmake_args=None, catkin_cmake_args=None, catkin_skip_building_tests=False, verb_parser=<colcon_defaults.argument_parser.defaults.DefaultArgumentsDecorator object at 0x7f2a7fe47400>, verb_extension=<colcon_core.verb.build.BuildVerb object at 0x7f2a80640a90>, main=<bound method BuildVerb.main of <colcon_core.verb.build.BuildVerb object at 0x7f2a80640a90>>)
[0.371s] Level 1:colcon.colcon_core.package_discovery:discover_packages(colcon_meta) check parameters
[0.372s] Level 1:colcon.colcon_core.package_discovery:discover_packages(recursive) check parameters
[0.372s] Level 1:colcon.colcon_core.package_discovery:discover_packages(ignore) check parameters
[0.372s] Level 1:colcon.colcon_core.package_discovery:discover_packages(path) check parameters
[0.372s] Level 1:colcon.colcon_core.package_discovery:discover_packages(colcon_meta) discover
[0.372s] Level 1:colcon.colcon_core.package_discovery:discover_packages(recursive) discover
[0.372s] INFO:colcon.colcon_core.package_discovery:Crawling recursively for packages in '/home/jeff/tcc/robots/my_ws'
[0.372s] Level 1:colcon.colcon_core.package_identification:_identify(.) by extensions ['ignore', 'ignore_ament_install']
[0.372s] Level 1:colcon.colcon_core.package_identification:_identify(.) by extension 'ignore'
[0.372s] Level 1:colcon.colcon_core.package_identification:_identify(.) by extension 'ignore_ament_install'
[0.372s] Level 1:colcon.colcon_core.package_identification:_identify(.) by extensions ['colcon_pkg']
[0.372s] Level 1:colcon.colcon_core.package_identification:_identify(.) by extension 'colcon_pkg'
[0.372s] Level 1:colcon.colcon_core.package_identification:_identify(.) by extensions ['colcon_meta']
[0.372s] Level 1:colcon.colcon_core.package_identification:_identify(.) by extension 'colcon_meta'
[0.372s] Level 1:colcon.colcon_core.package_identification:_identify(.) by extensions ['ros']
[0.372s] Level 1:colcon.colcon_core.package_identification:_identify(.) by extension 'ros'
[0.384s] Level 1:colcon.colcon_core.package_identification:_identify(.) by extensions ['cmake', 'python']
[0.384s] Level 1:colcon.colcon_core.package_identification:_identify(.) by extension 'cmake'
[0.384s] Level 1:colcon.colcon_core.package_identification:_identify(.) by extension 'python'
[0.384s] Level 1:colcon.colcon_core.package_identification:_identify(.) by extensions ['python_setup_py']
[0.384s] Level 1:colcon.colcon_core.package_identification:_identify(.) by extension 'python_setup_py'
[0.384s] Level 1:colcon.colcon_core.package_identification:_identify(build) by extensions ['ignore', 'ignore_ament_install']
[0.384s] Level 1:colcon.colcon_core.package_identification:_identify(build) by extension 'ignore'
[0.385s] Level 1:colcon.colcon_core.package_identification:_identify(build) ignored
[0.385s] Level 1:colcon.colcon_core.package_identification:_identify(install) by extensions ['ignore', 'ignore_ament_install']
[0.385s] Level 1:colcon.colcon_core.package_identification:_identify(install) by extension 'ignore'
[0.385s] Level 1:colcon.colcon_core.package_identification:_identify(install) ignored
[0.385s] Level 1:colcon.colcon_core.package_identification:_identify(log) by extensions ['ignore', 'ignore_ament_install']
[0.385s] Level 1:colcon.colcon_core.package_identification:_identify(log) by extension 'ignore'
[0.385s] Level 1:colcon.colcon_core.package_identification:_identify(log) ignored
[0.385s] Level 1:colcon.colcon_core.package_identification:_identify(src) by extensions ['ignore', 'ignore_ament_install']
[0.385s] Level 1:colcon.colcon_core.package_identification:_identify(src) by extension 'ignore'
[0.385s] Level 1:colcon.colcon_core.package_identification:_identify(src) by extension 'ignore_ament_install'
[0.385s] Level 1:colcon.colcon_core.package_identification:_identify(src) by extensions ['colcon_pkg']
[0.385s] Level 1:colcon.colcon_core.package_identification:_identify(src) by extension 'colcon_pkg'
[0.385s] Level 1:colcon.colcon_core.package_identification:_identify(src) by extensions ['colcon_meta']
[0.385s] Level 1:colcon.colcon_core.package_identification:_identify(src) by extension 'colcon_meta'
[0.385s] Level 1:colcon.colcon_core.package_identification:_identify(src) by extensions ['ros']
[0.386s] Level 1:colcon.colcon_core.package_identification:_identify(src) by extension 'ros'
[0.386s] Level 1:colcon.colcon_core.package_identification:_identify(src) by extensions ['cmake', 'python']
[0.386s] Level 1:colcon.colcon_core.package_identification:_identify(src) by extension 'cmake'
[0.386s] Level 1:colcon.colcon_core.package_identification:_identify(src) by extension 'python'
[0.386s] Level 1:colcon.colcon_core.package_identification:_identify(src) by extensions ['python_setup_py']
[0.386s] Level 1:colcon.colcon_core.package_identification:_identify(src) by extension 'python_setup_py'
[0.386s] Level 1:colcon.colcon_core.package_identification:_identify(src/controllers) by extensions ['ignore', 'ignore_ament_install']
[0.386s] Level 1:colcon.colcon_core.package_identification:_identify(src/controllers) by extension 'ignore'
[0.386s] Level 1:colcon.colcon_core.package_identification:_identify(src/controllers) by extension 'ignore_ament_install'
[0.386s] Level 1:colcon.colcon_core.package_identification:_identify(src/controllers) by extensions ['colcon_pkg']
[0.386s] Level 1:colcon.colcon_core.package_identification:_identify(src/controllers) by extension 'colcon_pkg'
[0.386s] Level 1:colcon.colcon_core.package_identification:_identify(src/controllers) by extensions ['colcon_meta']
[0.386s] Level 1:colcon.colcon_core.package_identification:_identify(src/controllers) by extension 'colcon_meta'
[0.386s] Level 1:colcon.colcon_core.package_identification:_identify(src/controllers) by extensions ['ros']
[0.386s] Level 1:colcon.colcon_core.package_identification:_identify(src/controllers) by extension 'ros'
[0.389s] DEBUG:colcon.colcon_core.package_identification:Package 'src/controllers' with type 'ros.ament_python' and name 'controllers'
[0.389s] Level 1:colcon.colcon_core.package_identification:_identify(src/my_car_control_package) by extensions ['ignore', 'ignore_ament_install']
[0.389s] Level 1:colcon.colcon_core.package_identification:_identify(src/my_car_control_package) by extension 'ignore'
[0.389s] Level 1:colcon.colcon_core.package_identification:_identify(src/my_car_control_package) by extension 'ignore_ament_install'
[0.389s] Level 1:colcon.colcon_core.package_identification:_identify(src/my_car_control_package) by extensions ['colcon_pkg']
[0.389s] Level 1:colcon.colcon_core.package_identification:_identify(src/my_car_control_package) by extension 'colcon_pkg'
[0.389s] Level 1:colcon.colcon_core.package_identification:_identify(src/my_car_control_package) by extensions ['colcon_meta']
[0.389s] Level 1:colcon.colcon_core.package_identification:_identify(src/my_car_control_package) by extension 'colcon_meta'
[0.389s] Level 1:colcon.colcon_core.package_identification:_identify(src/my_car_control_package) by extensions ['ros']
[0.389s] Level 1:colcon.colcon_core.package_identification:_identify(src/my_car_control_package) by extension 'ros'
[0.390s] DEBUG:colcon.colcon_core.package_identification:Package 'src/my_car_control_package' with type 'ros.ament_python' and name 'my_car_control_package'
[0.390s] Level 1:colcon.colcon_core.package_identification:_identify(src/my_car_simulation) by extensions ['ignore', 'ignore_ament_install']
[0.390s] Level 1:colcon.colcon_core.package_identification:_identify(src/my_car_simulation) by extension 'ignore'
[0.390s] Level 1:colcon.colcon_core.package_identification:_identify(src/my_car_simulation) by extension 'ignore_ament_install'
[0.390s] Level 1:colcon.colcon_core.package_identification:_identify(src/my_car_simulation) by extensions ['colcon_pkg']
[0.390s] Level 1:colcon.colcon_core.package_identification:_identify(src/my_car_simulation) by extension 'colcon_pkg'
[0.390s] Level 1:colcon.colcon_core.package_identification:_identify(src/my_car_simulation) by extensions ['colcon_meta']
[0.390s] Level 1:colcon.colcon_core.package_identification:_identify(src/my_car_simulation) by extension 'colcon_meta'
[0.390s] Level 1:colcon.colcon_core.package_identification:_identify(src/my_car_simulation) by extensions ['ros']
[0.390s] Level 1:colcon.colcon_core.package_identification:_identify(src/my_car_simulation) by extension 'ros'
[0.391s] DEBUG:colcon.colcon_core.package_identification:Package 'src/my_car_simulation' with type 'ros.ament_cmake' and name 'my_car_simulation'
[0.391s] Level 1:colcon.colcon_core.package_identification:_identify(src/my_robot) by extensions ['ignore', 'ignore_ament_install']
[0.391s] Level 1:colcon.colcon_core.package_identification:_identify(src/my_robot) by extension 'ignore'
[0.391s] Level 1:colcon.colcon_core.package_identification:_identify(src/my_robot) by extension 'ignore_ament_install'
[0.391s] Level 1:colcon.colcon_core.package_identification:_identify(src/my_robot) by extensions ['colcon_pkg']
[0.391s] Level 1:colcon.colcon_core.package_identification:_identify(src/my_robot) by extension 'colcon_pkg'
[0.391s] Level 1:colcon.colcon_core.package_identification:_identify(src/my_robot) by extensions ['colcon_meta']
[0.391s] Level 1:colcon.colcon_core.package_identification:_identify(src/my_robot) by extension 'colcon_meta'
[0.391s] Level 1:colcon.colcon_core.package_identification:_identify(src/my_robot) by extensions ['ros']
[0.391s] Level 1:colcon.colcon_core.package_identification:_identify(src/my_robot) by extension 'ros'
[0.392s] DEBUG:colcon.colcon_core.package_identification:Package 'src/my_robot' with type 'ros.ament_cmake' and name 'my_robot'
[0.392s] Level 1:colcon.colcon_core.package_identification:_identify(src/simulation) by extensions ['ignore', 'ignore_ament_install']
[0.392s] Level 1:colcon.colcon_core.package_identification:_identify(src/simulation) by extension 'ignore'
[0.392s] Level 1:colcon.colcon_core.package_identification:_identify(src/simulation) by extension 'ignore_ament_install'
[0.392s] Level 1:colcon.colcon_core.package_identification:_identify(src/simulation) by extensions ['colcon_pkg']
[0.392s] Level 1:colcon.colcon_core.package_identification:_identify(src/simulation) by extension 'colcon_pkg'
[0.392s] Level 1:colcon.colcon_core.package_identification:_identify(src/simulation) by extensions ['colcon_meta']
[0.392s] Level 1:colcon.colcon_core.package_identification:_identify(src/simulation) by extension 'colcon_meta'
[0.392s] Level 1:colcon.colcon_core.package_identification:_identify(src/simulation) by extensions ['ros']
[0.392s] Level 1:colcon.colcon_core.package_identification:_identify(src/simulation) by extension 'ros'
[0.393s] DEBUG:colcon.colcon_core.package_identification:Package 'src/simulation' with type 'ros.ament_python' and name 'simulation'
[0.393s] Level 1:colcon.colcon_core.package_discovery:discover_packages(recursive) using defaults
[0.393s] Level 1:colcon.colcon_core.package_discovery:discover_packages(ignore) discover
[0.393s] Level 1:colcon.colcon_core.package_discovery:discover_packages(ignore) using defaults
[0.393s] Level 1:colcon.colcon_core.package_discovery:discover_packages(path) discover
[0.393s] Level 1:colcon.colcon_core.package_discovery:discover_packages(path) using defaults
[0.417s] Level 1:colcon.colcon_core.package_discovery:discover_packages(prefix_path) check parameters
[0.417s] Level 1:colcon.colcon_core.package_discovery:discover_packages(prefix_path) discover
[0.420s] DEBUG:colcon.colcon_installed_package_information.package_discovery:Found 284 installed packages in /opt/ros/humble
[0.422s] Level 1:colcon.colcon_core.package_discovery:discover_packages(prefix_path) using defaults
[0.485s] Level 5:colcon.colcon_core.verb:set package 'controllers' build argument 'cmake_args' from command line to 'None'
[0.485s] Level 5:colcon.colcon_core.verb:set package 'controllers' build argument 'cmake_target' from command line to 'None'
[0.485s] Level 5:colcon.colcon_core.verb:set package 'controllers' build argument 'cmake_target_skip_unavailable' from command line to 'False'
[0.485s] Level 5:colcon.colcon_core.verb:set package 'controllers' build argument 'cmake_clean_cache' from command line to 'False'
[0.485s] Level 5:colcon.colcon_core.verb:set package 'controllers' build argument 'cmake_clean_first' from command line to 'False'
[0.485s] Level 5:colcon.colcon_core.verb:set package 'controllers' build argument 'cmake_force_configure' from command line to 'False'
[0.485s] Level 5:colcon.colcon_core.verb:set package 'controllers' build argument 'ament_cmake_args' from command line to 'None'
[0.485s] Level 5:colcon.colcon_core.verb:set package 'controllers' build argument 'catkin_cmake_args' from command line to 'None'
[0.485s] Level 5:colcon.colcon_core.verb:set package 'controllers' build argument 'catkin_skip_building_tests' from command line to 'False'
[0.485s] DEBUG:colcon.colcon_core.verb:Building package 'controllers' with the following arguments: {'ament_cmake_args': None, 'build_base': '/home/jeff/tcc/robots/my_ws/build/controllers', 'catkin_cmake_args': None, 'catkin_skip_building_tests': False, 'cmake_args': None, 'cmake_clean_cache': False, 'cmake_clean_first': False, 'cmake_force_configure': False, 'cmake_target': None, 'cmake_target_skip_unavailable': False, 'install_base': '/home/jeff/tcc/robots/my_ws/install/controllers', 'merge_install': False, 'path': '/home/jeff/tcc/robots/my_ws/src/controllers', 'symlink_install': False, 'test_result_base': None}
[0.486s] Level 5:colcon.colcon_core.verb:set package 'my_car_control_package' build argument 'cmake_args' from command line to 'None'
[0.486s] Level 5:colcon.colcon_core.verb:set package 'my_car_control_package' build argument 'cmake_target' from command line to 'None'
[0.486s] Level 5:colcon.colcon_core.verb:set package 'my_car_control_package' build argument 'cmake_target_skip_unavailable' from command line to 'False'
[0.486s] Level 5:colcon.colcon_core.verb:set package 'my_car_control_package' build argument 'cmake_clean_cache' from command line to 'False'
[0.486s] Level 5:colcon.colcon_core.verb:set package 'my_car_control_package' build argument 'cmake_clean_first' from command line to 'False'
[0.486s] Level 5:colcon.colcon_core.verb:set package 'my_car_control_package' build argument 'cmake_force_configure' from command line to 'False'
[0.486s] Level 5:colcon.colcon_core.verb:set package 'my_car_control_package' build argument 'ament_cmake_args' from command line to 'None'
[0.486s] Level 5:colcon.colcon_core.verb:set package 'my_car_control_package' build argument 'catkin_cmake_args' from command line to 'None'
[0.486s] Level 5:colcon.colcon_core.verb:set package 'my_car_control_package' build argument 'catkin_skip_building_tests' from command line to 'False'
[0.486s] DEBUG:colcon.colcon_core.verb:Building package 'my_car_control_package' with the following arguments: {'ament_cmake_args': None, 'build_base': '/home/jeff/tcc/robots/my_ws/build/my_car_control_package', 'catkin_cmake_args': None, 'catkin_skip_building_tests': False, 'cmake_args': None, 'cmake_clean_cache': False, 'cmake_clean_first': False, 'cmake_force_configure': False, 'cmake_target': None, 'cmake_target_skip_unavailable': False, 'install_base': '/home/jeff/tcc/robots/my_ws/install/my_car_control_package', 'merge_install': False, 'path': '/home/jeff/tcc/robots/my_ws/src/my_car_control_package', 'symlink_install': False, 'test_result_base': None}
[0.487s] Level 5:colcon.colcon_core.verb:set package 'my_car_simulation' build argument 'cmake_args' from command line to 'None'
[0.487s] Level 5:colcon.colcon_core.verb:set package 'my_car_simulation' build argument 'cmake_target' from command line to 'None'
[0.487s] Level 5:colcon.colcon_core.verb:set package 'my_car_simulation' build argument 'cmake_target_skip_unavailable' from command line to 'False'
[0.487s] Level 5:colcon.colcon_core.verb:set package 'my_car_simulation' build argument 'cmake_clean_cache' from command line to 'False'
[0.487s] Level 5:colcon.colcon_core.verb:set package 'my_car_simulation' build argument 'cmake_clean_first' from command line to 'False'
[0.488s] Level 5:colcon.colcon_core.verb:set package 'my_car_simulation' build argument 'cmake_force_configure' from command line to 'False'
[0.488s] Level 5:colcon.colcon_core.verb:set package 'my_car_simulation' build argument 'ament_cmake_args' from command line to 'None'
[0.488s] Level 5:colcon.colcon_core.verb:set package 'my_car_simulation' build argument 'catkin_cmake_args' from command line to 'None'
[0.488s] Level 5:colcon.colcon_core.verb:set package 'my_car_simulation' build argument 'catkin_skip_building_tests' from command line to 'False'
[0.488s] DEBUG:colcon.colcon_core.verb:Building package 'my_car_simulation' with the following arguments: {'ament_cmake_args': None, 'build_base': '/home/jeff/tcc/robots/my_ws/build/my_car_simulation', 'catkin_cmake_args': None, 'catkin_skip_building_tests': False, 'cmake_args': None, 'cmake_clean_cache': False, 'cmake_clean_first': False, 'cmake_force_configure': False, 'cmake_target': None, 'cmake_target_skip_unavailable': False, 'install_base': '/home/jeff/tcc/robots/my_ws/install/my_car_simulation', 'merge_install': False, 'path': '/home/jeff/tcc/robots/my_ws/src/my_car_simulation', 'symlink_install': False, 'test_result_base': None}
[0.489s] Level 5:colcon.colcon_core.verb:set package 'my_robot' build argument 'cmake_args' from command line to 'None'
[0.489s] Level 5:colcon.colcon_core.verb:set package 'my_robot' build argument 'cmake_target' from command line to 'None'
[0.489s] Level 5:colcon.colcon_core.verb:set package 'my_robot' build argument 'cmake_target_skip_unavailable' from command line to 'False'
[0.489s] Level 5:colcon.colcon_core.verb:set package 'my_robot' build argument 'cmake_clean_cache' from command line to 'False'
[0.489s] Level 5:colcon.colcon_core.verb:set package 'my_robot' build argument 'cmake_clean_first' from command line to 'False'
[0.489s] Level 5:colcon.colcon_core.verb:set package 'my_robot' build argument 'cmake_force_configure' from command line to 'False'
[0.489s] Level 5:colcon.colcon_core.verb:set package 'my_robot' build argument 'ament_cmake_args' from command line to 'None'
[0.489s] Level 5:colcon.colcon_core.verb:set package 'my_robot' build argument 'catkin_cmake_args' from command line to 'None'
[0.489s] Level 5:colcon.colcon_core.verb:set package 'my_robot' build argument 'catkin_skip_building_tests' from command line to 'False'
[0.489s] DEBUG:colcon.colcon_core.verb:Building package 'my_robot' with the following arguments: {'ament_cmake_args': None, 'build_base': '/home/jeff/tcc/robots/my_ws/build/my_robot', 'catkin_cmake_args': None, 'catkin_skip_building_tests': False, 'cmake_args': None, 'cmake_clean_cache': False, 'cmake_clean_first': False, 'cmake_force_configure': False, 'cmake_target': None, 'cmake_target_skip_unavailable': False, 'install_base': '/home/jeff/tcc/robots/my_ws/install/my_robot', 'merge_install': False, 'path': '/home/jeff/tcc/robots/my_ws/src/my_robot', 'symlink_install': False, 'test_result_base': None}
[0.490s] Level 5:colcon.colcon_core.verb:set package 'simulation' build argument 'cmake_args' from command line to 'None'
[0.490s] Level 5:colcon.colcon_core.verb:set package 'simulation' build argument 'cmake_target' from command line to 'None'
[0.490s] Level 5:colcon.colcon_core.verb:set package 'simulation' build argument 'cmake_target_skip_unavailable' from command line to 'False'
[0.490s] Level 5:colcon.colcon_core.verb:set package 'simulation' build argument 'cmake_clean_cache' from command line to 'False'
[0.490s] Level 5:colcon.colcon_core.verb:set package 'simulation' build argument 'cmake_clean_first' from command line to 'False'
[0.490s] Level 5:colcon.colcon_core.verb:set package 'simulation' build argument 'cmake_force_configure' from command line to 'False'
[0.490s] Level 5:colcon.colcon_core.verb:set package 'simulation' build argument 'ament_cmake_args' from command line to 'None'
[0.490s] Level 5:colcon.colcon_core.verb:set package 'simulation' build argument 'catkin_cmake_args' from command line to 'None'
[0.490s] Level 5:colcon.colcon_core.verb:set package 'simulation' build argument 'catkin_skip_building_tests' from command line to 'False'
[0.490s] DEBUG:colcon.colcon_core.verb:Building package 'simulation' with the following arguments: {'ament_cmake_args': None, 'build_base': '/home/jeff/tcc/robots/my_ws/build/simulation', 'catkin_cmake_args': None, 'catkin_skip_building_tests': False, 'cmake_args': None, 'cmake_clean_cache': False, 'cmake_clean_first': False, 'cmake_force_configure': False, 'cmake_target': None, 'cmake_target_skip_unavailable': False, 'install_base': '/home/jeff/tcc/robots/my_ws/install/simulation', 'merge_install': False, 'path': '/home/jeff/tcc/robots/my_ws/src/simulation', 'symlink_install': False, 'test_result_base': None}
[0.491s] INFO:colcon.colcon_core.executor:Executing jobs using 'parallel' executor
[0.494s] DEBUG:colcon.colcon_parallel_executor.executor.parallel:run_until_complete
[0.494s] INFO:colcon.colcon_ros.task.ament_python.build:Building ROS package in '/home/jeff/tcc/robots/my_ws/src/controllers' with build type 'ament_python'
[0.495s] Level 1:colcon.colcon_core.shell:create_environment_hook('controllers', 'ament_prefix_path')
[0.499s] INFO:colcon.colcon_core.plugin_system:Skipping extension 'colcon_core.shell.bat': Not used on non-Windows systems
[0.499s] INFO:colcon.colcon_core.shell:Creating environment hook '/home/jeff/tcc/robots/my_ws/install/controllers/share/controllers/hook/ament_prefix_path.ps1'
[0.499s] INFO:colcon.colcon_core.shell:Creating environment descriptor '/home/jeff/tcc/robots/my_ws/install/controllers/share/controllers/hook/ament_prefix_path.dsv'
[0.500s] INFO:colcon.colcon_core.shell:Creating environment hook '/home/jeff/tcc/robots/my_ws/install/controllers/share/controllers/hook/ament_prefix_path.sh'
[0.502s] INFO:colcon.colcon_core.shell:Skip shell extension 'powershell' for command environment: Not usable outside of PowerShell
[0.502s] DEBUG:colcon.colcon_core.shell:Skip shell extension 'dsv' for command environment
[0.505s] INFO:colcon.colcon_ros.task.ament_python.build:Building ROS package in '/home/jeff/tcc/robots/my_ws/src/my_car_control_package' with build type 'ament_python'
[0.505s] Level 1:colcon.colcon_core.shell:create_environment_hook('my_car_control_package', 'ament_prefix_path')
[0.507s] INFO:colcon.colcon_core.shell:Creating environment hook '/home/jeff/tcc/robots/my_ws/install/my_car_control_package/share/my_car_control_package/hook/ament_prefix_path.ps1'
[0.507s] INFO:colcon.colcon_core.shell:Creating environment descriptor '/home/jeff/tcc/robots/my_ws/install/my_car_control_package/share/my_car_control_package/hook/ament_prefix_path.dsv'
[0.508s] INFO:colcon.colcon_core.shell:Creating environment hook '/home/jeff/tcc/robots/my_ws/install/my_car_control_package/share/my_car_control_package/hook/ament_prefix_path.sh'
[0.510s] INFO:colcon.colcon_core.shell:Skip shell extension 'powershell' for command environment: Not usable outside of PowerShell
[0.510s] DEBUG:colcon.colcon_core.shell:Skip shell extension 'dsv' for command environment
[0.513s] INFO:colcon.colcon_ros.task.ament_cmake.build:Building ROS package in '/home/jeff/tcc/robots/my_ws/src/my_car_simulation' with build type 'ament_cmake'
[0.513s] INFO:colcon.colcon_cmake.task.cmake.build:Building CMake package in '/home/jeff/tcc/robots/my_ws/src/my_car_simulation'
[0.514s] INFO:colcon.colcon_core.shell:Skip shell extension 'powershell' for command environment: Not usable outside of PowerShell
[0.514s] DEBUG:colcon.colcon_core.shell:Skip shell extension 'dsv' for command environment
[0.517s] INFO:colcon.colcon_ros.task.ament_cmake.build:Building ROS package in '/home/jeff/tcc/robots/my_ws/src/my_robot' with build type 'ament_cmake'
[0.517s] INFO:colcon.colcon_cmake.task.cmake.build:Building CMake package in '/home/jeff/tcc/robots/my_ws/src/my_robot'
[0.519s] INFO:colcon.colcon_core.shell:Skip shell extension 'powershell' for command environment: Not usable outside of PowerShell
[0.519s] DEBUG:colcon.colcon_core.shell:Skip shell extension 'dsv' for command environment
[0.523s] INFO:colcon.colcon_ros.task.ament_python.build:Building ROS package in '/home/jeff/tcc/robots/my_ws/src/simulation' with build type 'ament_python'
[0.523s] Level 1:colcon.colcon_core.shell:create_environment_hook('simulation', 'ament_prefix_path')
[0.524s] INFO:colcon.colcon_core.shell:Creating environment hook '/home/jeff/tcc/robots/my_ws/install/simulation/share/simulation/hook/ament_prefix_path.ps1'
[0.525s] INFO:colcon.colcon_core.shell:Creating environment descriptor '/home/jeff/tcc/robots/my_ws/install/simulation/share/simulation/hook/ament_prefix_path.dsv'
[0.526s] INFO:colcon.colcon_core.shell:Creating environment hook '/home/jeff/tcc/robots/my_ws/install/simulation/share/simulation/hook/ament_prefix_path.sh'
[0.528s] INFO:colcon.colcon_core.shell:Skip shell extension 'powershell' for command environment: Not usable outside of PowerShell
[0.528s] DEBUG:colcon.colcon_core.shell:Skip shell extension 'dsv' for command environment
[0.791s] INFO:colcon.colcon_core.task.python.build:Building Python package in '/home/jeff/tcc/robots/my_ws/src/controllers'
[0.792s] INFO:colcon.colcon_core.shell:Skip shell extension 'powershell' for command environment: Not usable outside of PowerShell
[0.792s] DEBUG:colcon.colcon_core.shell:Skip shell extension 'dsv' for command environment
[1.071s] INFO:colcon.colcon_core.task.python.build:Building Python package in '/home/jeff/tcc/robots/my_ws/src/my_car_control_package'
[1.072s] INFO:colcon.colcon_core.shell:Skip shell extension 'powershell' for command environment: Not usable outside of PowerShell
[1.072s] DEBUG:colcon.colcon_core.shell:Skip shell extension 'dsv' for command environment
[1.080s] DEBUG:colcon.colcon_core.event_handler.log_command:Invoking command in '/home/jeff/tcc/robots/my_ws/build/my_car_simulation': /usr/bin/cmake --build /home/jeff/tcc/robots/my_ws/build/my_car_simulation -- -j8 -l8
[1.083s] DEBUG:colcon.colcon_core.event_handler.log_command:Invoking command in '/home/jeff/tcc/robots/my_ws/build/my_robot': /usr/bin/cmake /home/jeff/tcc/robots/my_ws/src/my_robot -DCMAKE_INSTALL_PREFIX=/home/jeff/tcc/robots/my_ws/install/my_robot
[1.365s] INFO:colcon.colcon_core.task.python.build:Building Python package in '/home/jeff/tcc/robots/my_ws/src/simulation'
[1.366s] INFO:colcon.colcon_core.shell:Skip shell extension 'powershell' for command environment: Not usable outside of PowerShell
[1.366s] DEBUG:colcon.colcon_core.shell:Skip shell extension 'dsv' for command environment
[1.385s] DEBUG:colcon.colcon_core.event_handler.log_command:Invoked command in '/home/jeff/tcc/robots/my_ws/build/my_car_simulation' returned '0': /usr/bin/cmake --build /home/jeff/tcc/robots/my_ws/build/my_car_simulation -- -j8 -l8
[1.429s] DEBUG:colcon.colcon_core.event_handler.log_command:Invoking command in '/home/jeff/tcc/robots/my_ws/build/my_car_simulation': /usr/bin/cmake --install /home/jeff/tcc/robots/my_ws/build/my_car_simulation
[1.440s] Level 1:colcon.colcon_core.environment:create_environment_scripts_only(my_car_simulation)
[1.441s] DEBUG:colcon.colcon_core.event_handler.log_command:Invoked command in '/home/jeff/tcc/robots/my_ws/build/my_car_simulation' returned '0': /usr/bin/cmake --install /home/jeff/tcc/robots/my_ws/build/my_car_simulation
[1.449s] Level 1:colcon.colcon_core.environment:checking '/home/jeff/tcc/robots/my_ws/install/my_car_simulation' for CMake module files
[1.449s] Level 1:colcon.colcon_core.environment:checking '/home/jeff/tcc/robots/my_ws/install/my_car_simulation' for CMake config files
[1.450s] Level 1:colcon.colcon_core.shell:create_environment_hook('my_car_simulation', 'cmake_prefix_path')
[1.452s] INFO:colcon.colcon_core.shell:Creating environment hook '/home/jeff/tcc/robots/my_ws/install/my_car_simulation/share/my_car_simulation/hook/cmake_prefix_path.ps1'
[1.453s] INFO:colcon.colcon_core.shell:Creating environment descriptor '/home/jeff/tcc/robots/my_ws/install/my_car_simulation/share/my_car_simulation/hook/cmake_prefix_path.dsv'
[1.453s] INFO:colcon.colcon_core.shell:Creating environment hook '/home/jeff/tcc/robots/my_ws/install/my_car_simulation/share/my_car_simulation/hook/cmake_prefix_path.sh'
[1.454s] Level 1:colcon.colcon_core.environment:checking '/home/jeff/tcc/robots/my_ws/install/my_car_simulation/bin'
[1.454s] Level 1:colcon.colcon_core.environment:checking '/home/jeff/tcc/robots/my_ws/install/my_car_simulation/lib/pkgconfig/my_car_simulation.pc'
[1.455s] Level 1:colcon.colcon_core.environment:checking '/home/jeff/tcc/robots/my_ws/install/my_car_simulation/lib/python3.10/site-packages'
[1.455s] Level 1:colcon.colcon_core.environment:checking '/home/jeff/tcc/robots/my_ws/install/my_car_simulation/bin'
[1.457s] INFO:colcon.colcon_core.shell:Creating package script '/home/jeff/tcc/robots/my_ws/install/my_car_simulation/share/my_car_simulation/package.ps1'
[1.459s] INFO:colcon.colcon_core.shell:Creating package descriptor '/home/jeff/tcc/robots/my_ws/install/my_car_simulation/share/my_car_simulation/package.dsv'
[1.460s] INFO:colcon.colcon_core.shell:Creating package script '/home/jeff/tcc/robots/my_ws/install/my_car_simulation/share/my_car_simulation/package.sh'
[1.462s] INFO:colcon.colcon_core.shell:Creating package script '/home/jeff/tcc/robots/my_ws/install/my_car_simulation/share/my_car_simulation/package.bash'
[1.463s] INFO:colcon.colcon_core.shell:Creating package script '/home/jeff/tcc/robots/my_ws/install/my_car_simulation/share/my_car_simulation/package.zsh'
[1.464s] Level 1:colcon.colcon_core.environment:create_file_with_runtime_dependencies(/home/jeff/tcc/robots/my_ws/install/my_car_simulation/share/colcon-core/packages/my_car_simulation)
[1.496s] Level 1:colcon.colcon_core.environment:create_environment_scripts_only(my_car_simulation)
[1.500s] Level 1:colcon.colcon_core.environment:checking '/home/jeff/tcc/robots/my_ws/install/my_car_simulation' for CMake module files
[1.501s] Level 1:colcon.colcon_core.environment:checking '/home/jeff/tcc/robots/my_ws/install/my_car_simulation' for CMake config files
[1.501s] Level 1:colcon.colcon_core.shell:create_environment_hook('my_car_simulation', 'cmake_prefix_path')
[1.503s] INFO:colcon.colcon_core.shell:Creating environment hook '/home/jeff/tcc/robots/my_ws/install/my_car_simulation/share/my_car_simulation/hook/cmake_prefix_path.ps1'
[1.504s] INFO:colcon.colcon_core.shell:Creating environment descriptor '/home/jeff/tcc/robots/my_ws/install/my_car_simulation/share/my_car_simulation/hook/cmake_prefix_path.dsv'
[1.504s] INFO:colcon.colcon_core.shell:Creating environment hook '/home/jeff/tcc/robots/my_ws/install/my_car_simulation/share/my_car_simulation/hook/cmake_prefix_path.sh'
[1.505s] Level 1:colcon.colcon_core.environment:checking '/home/jeff/tcc/robots/my_ws/install/my_car_simulation/bin'
[1.505s] Level 1:colcon.colcon_core.environment:checking '/home/jeff/tcc/robots/my_ws/install/my_car_simulation/lib/pkgconfig/my_car_simulation.pc'
[1.505s] Level 1:colcon.colcon_core.environment:checking '/home/jeff/tcc/robots/my_ws/install/my_car_simulation/lib/python3.10/site-packages'
[1.506s] Level 1:colcon.colcon_core.environment:checking '/home/jeff/tcc/robots/my_ws/install/my_car_simulation/bin'
[1.508s] INFO:colcon.colcon_core.shell:Creating package script '/home/jeff/tcc/robots/my_ws/install/my_car_simulation/share/my_car_simulation/package.ps1'
[1.509s] INFO:colcon.colcon_core.shell:Creating package descriptor '/home/jeff/tcc/robots/my_ws/install/my_car_simulation/share/my_car_simulation/package.dsv'
[1.510s] INFO:colcon.colcon_core.shell:Creating package script '/home/jeff/tcc/robots/my_ws/install/my_car_simulation/share/my_car_simulation/package.sh'
[1.510s] INFO:colcon.colcon_core.shell:Creating package script '/home/jeff/tcc/robots/my_ws/install/my_car_simulation/share/my_car_simulation/package.bash'
[1.511s] INFO:colcon.colcon_core.shell:Creating package script '/home/jeff/tcc/robots/my_ws/install/my_car_simulation/share/my_car_simulation/package.zsh'
[1.512s] Level 1:colcon.colcon_core.environment:create_file_with_runtime_dependencies(/home/jeff/tcc/robots/my_ws/install/my_car_simulation/share/colcon-core/packages/my_car_simulation)
[1.782s] DEBUG:colcon.colcon_core.event_handler.log_command:Invoking command in '/home/jeff/tcc/robots/my_ws/src/simulation': PYTHONPATH=/home/jeff/tcc/robots/my_ws/build/simulation/prefix_override:/home/jeff/tcc/robots/my_ws/install/simulation/lib/python3.10/site-packages:${PYTHONPATH} /usr/bin/python3 setup.py egg_info --egg-base ../../build/simulation build --build-base /home/jeff/tcc/robots/my_ws/build/simulation/build install --record /home/jeff/tcc/robots/my_ws/build/simulation/install.log --single-version-externally-managed
[1.787s] DEBUG:colcon.colcon_core.event_handler.log_command:Invoking command in '/home/jeff/tcc/robots/my_ws/src/controllers': PYTHONPATH=/home/jeff/tcc/robots/my_ws/build/controllers/prefix_override:/home/jeff/tcc/robots/my_ws/install/controllers/lib/python3.10/site-packages:${PYTHONPATH} /usr/bin/python3 setup.py egg_info --egg-base ../../build/controllers build --build-base /home/jeff/tcc/robots/my_ws/build/controllers/build install --record /home/jeff/tcc/robots/my_ws/build/controllers/install.log --single-version-externally-managed
[1.791s] DEBUG:colcon.colcon_core.event_handler.log_command:Invoking command in '/home/jeff/tcc/robots/my_ws/src/my_car_control_package': PYTHONPATH=/home/jeff/tcc/robots/my_ws/build/my_car_control_package/prefix_override:/home/jeff/tcc/robots/my_ws/install/my_car_control_package/lib/python3.10/site-packages:${PYTHONPATH} /usr/bin/python3 setup.py egg_info --egg-base ../../build/my_car_control_package build --build-base /home/jeff/tcc/robots/my_ws/build/my_car_control_package/build install --record /home/jeff/tcc/robots/my_ws/build/my_car_control_package/install.log --single-version-externally-managed
[1.863s] DEBUG:colcon.colcon_core.event_handler.log_command:Invoked command in '/home/jeff/tcc/robots/my_ws/build/my_robot' returned '0': /usr/bin/cmake /home/jeff/tcc/robots/my_ws/src/my_robot -DCMAKE_INSTALL_PREFIX=/home/jeff/tcc/robots/my_ws/install/my_robot
[1.865s] DEBUG:colcon.colcon_core.event_handler.log_command:Invoking command in '/home/jeff/tcc/robots/my_ws/build/my_robot': /usr/bin/cmake --build /home/jeff/tcc/robots/my_ws/build/my_robot -- -j8 -l8
[1.907s] DEBUG:colcon.colcon_core.event_handler.log_command:Invoked command in '/home/jeff/tcc/robots/my_ws/build/my_robot' returned '0': /usr/bin/cmake --build /home/jeff/tcc/robots/my_ws/build/my_robot -- -j8 -l8
[1.932s] DEBUG:colcon.colcon_core.event_handler.log_command:Invoking command in '/home/jeff/tcc/robots/my_ws/build/my_robot': /usr/bin/cmake --install /home/jeff/tcc/robots/my_ws/build/my_robot
[1.945s] Level 1:colcon.colcon_core.environment:create_environment_scripts_only(my_robot)
[1.949s] Level 1:colcon.colcon_core.environment:checking '/home/jeff/tcc/robots/my_ws/install/my_robot' for CMake module files
[1.950s] DEBUG:colcon.colcon_core.event_handler.log_command:Invoked command in '/home/jeff/tcc/robots/my_ws/build/my_robot' returned '0': /usr/bin/cmake --install /home/jeff/tcc/robots/my_ws/build/my_robot
[1.950s] Level 1:colcon.colcon_core.environment:checking '/home/jeff/tcc/robots/my_ws/install/my_robot' for CMake config files
[1.950s] Level 1:colcon.colcon_core.shell:create_environment_hook('my_robot', 'cmake_prefix_path')
[1.953s] INFO:colcon.colcon_core.shell:Creating environment hook '/home/jeff/tcc/robots/my_ws/install/my_robot/share/my_robot/hook/cmake_prefix_path.ps1'
[1.953s] INFO:colcon.colcon_core.shell:Creating environment descriptor '/home/jeff/tcc/robots/my_ws/install/my_robot/share/my_robot/hook/cmake_prefix_path.dsv'
[1.954s] INFO:colcon.colcon_core.shell:Creating environment hook '/home/jeff/tcc/robots/my_ws/install/my_robot/share/my_robot/hook/cmake_prefix_path.sh'
[1.955s] Level 1:colcon.colcon_core.environment:checking '/home/jeff/tcc/robots/my_ws/install/my_robot/bin'
[1.955s] Level 1:colcon.colcon_core.environment:checking '/home/jeff/tcc/robots/my_ws/install/my_robot/lib/pkgconfig/my_robot.pc'
[1.955s] Level 1:colcon.colcon_core.environment:checking '/home/jeff/tcc/robots/my_ws/install/my_robot/lib/python3.10/site-packages'
[1.956s] Level 1:colcon.colcon_core.environment:checking '/home/jeff/tcc/robots/my_ws/install/my_robot/bin'
[1.958s] INFO:colcon.colcon_core.shell:Creating package script '/home/jeff/tcc/robots/my_ws/install/my_robot/share/my_robot/package.ps1'
[1.959s] INFO:colcon.colcon_core.shell:Creating package descriptor '/home/jeff/tcc/robots/my_ws/install/my_robot/share/my_robot/package.dsv'
[1.959s] INFO:colcon.colcon_core.shell:Creating package script '/home/jeff/tcc/robots/my_ws/install/my_robot/share/my_robot/package.sh'
[1.960s] INFO:colcon.colcon_core.shell:Creating package script '/home/jeff/tcc/robots/my_ws/install/my_robot/share/my_robot/package.bash'
[1.960s] INFO:colcon.colcon_core.shell:Creating package script '/home/jeff/tcc/robots/my_ws/install/my_robot/share/my_robot/package.zsh'
[1.961s] Level 1:colcon.colcon_core.environment:create_file_with_runtime_dependencies(/home/jeff/tcc/robots/my_ws/install/my_robot/share/colcon-core/packages/my_robot)
[1.986s] Level 1:colcon.colcon_core.environment:create_environment_scripts_only(my_robot)
[1.990s] Level 1:colcon.colcon_core.environment:checking '/home/jeff/tcc/robots/my_ws/install/my_robot' for CMake module files
[1.991s] Level 1:colcon.colcon_core.environment:checking '/home/jeff/tcc/robots/my_ws/install/my_robot' for CMake config files
[1.991s] Level 1:colcon.colcon_core.shell:create_environment_hook('my_robot', 'cmake_prefix_path')
[1.993s] INFO:colcon.colcon_core.shell:Creating environment hook '/home/jeff/tcc/robots/my_ws/install/my_robot/share/my_robot/hook/cmake_prefix_path.ps1'
[1.994s] INFO:colcon.colcon_core.shell:Creating environment descriptor '/home/jeff/tcc/robots/my_ws/install/my_robot/share/my_robot/hook/cmake_prefix_path.dsv'
[1.995s] INFO:colcon.colcon_core.shell:Creating environment hook '/home/jeff/tcc/robots/my_ws/install/my_robot/share/my_robot/hook/cmake_prefix_path.sh'
[1.995s] Level 1:colcon.colcon_core.environment:checking '/home/jeff/tcc/robots/my_ws/install/my_robot/bin'
[1.995s] Level 1:colcon.colcon_core.environment:checking '/home/jeff/tcc/robots/my_ws/install/my_robot/lib/pkgconfig/my_robot.pc'
[1.996s] Level 1:colcon.colcon_core.environment:checking '/home/jeff/tcc/robots/my_ws/install/my_robot/lib/python3.10/site-packages'
[1.996s] Level 1:colcon.colcon_core.environment:checking '/home/jeff/tcc/robots/my_ws/install/my_robot/bin'
[1.999s] INFO:colcon.colcon_core.shell:Creating package script '/home/jeff/tcc/robots/my_ws/install/my_robot/share/my_robot/package.ps1'
[2.000s] INFO:colcon.colcon_core.shell:Creating package descriptor '/home/jeff/tcc/robots/my_ws/install/my_robot/share/my_robot/package.dsv'
[2.001s] INFO:colcon.colcon_core.shell:Creating package script '/home/jeff/tcc/robots/my_ws/install/my_robot/share/my_robot/package.sh'
[2.001s] INFO:colcon.colcon_core.shell:Creating package script '/home/jeff/tcc/robots/my_ws/install/my_robot/share/my_robot/package.bash'
[2.002s] INFO:colcon.colcon_core.shell:Creating package script '/home/jeff/tcc/robots/my_ws/install/my_robot/share/my_robot/package.zsh'
[2.002s] Level 1:colcon.colcon_core.environment:create_file_with_runtime_dependencies(/home/jeff/tcc/robots/my_ws/install/my_robot/share/colcon-core/packages/my_robot)
[2.124s] Level 1:colcon.colcon_core.environment:checking '/home/jeff/tcc/robots/my_ws/install/simulation' for CMake module files
[2.124s] DEBUG:colcon.colcon_core.event_handler.log_command:Invoked command in '/home/jeff/tcc/robots/my_ws/src/simulation' returned '0': PYTHONPATH=/home/jeff/tcc/robots/my_ws/build/simulation/prefix_override:/home/jeff/tcc/robots/my_ws/install/simulation/lib/python3.10/site-packages:${PYTHONPATH} /usr/bin/python3 setup.py egg_info --egg-base ../../build/simulation build --build-base /home/jeff/tcc/robots/my_ws/build/simulation/build install --record /home/jeff/tcc/robots/my_ws/build/simulation/install.log --single-version-externally-managed
[2.125s] Level 1:colcon.colcon_core.environment:checking '/home/jeff/tcc/robots/my_ws/install/simulation' for CMake config files
[2.125s] Level 1:colcon.colcon_core.environment:checking '/home/jeff/tcc/robots/my_ws/install/simulation/lib'
[2.126s] Level 1:colcon.colcon_core.environment:checking '/home/jeff/tcc/robots/my_ws/install/simulation/bin'
[2.126s] Level 1:colcon.colcon_core.environment:checking '/home/jeff/tcc/robots/my_ws/install/simulation/lib/pkgconfig/simulation.pc'
[2.126s] Level 1:colcon.colcon_core.environment:checking '/home/jeff/tcc/robots/my_ws/install/simulation/lib/python3.10/site-packages'
[2.126s] Level 1:colcon.colcon_core.shell:create_environment_hook('simulation', 'pythonpath')
[2.128s] INFO:colcon.colcon_core.shell:Creating environment hook '/home/jeff/tcc/robots/my_ws/install/simulation/share/simulation/hook/pythonpath.ps1'
[2.128s] INFO:colcon.colcon_core.shell:Creating environment descriptor '/home/jeff/tcc/robots/my_ws/install/simulation/share/simulation/hook/pythonpath.dsv'
[2.128s] INFO:colcon.colcon_core.shell:Creating environment hook '/home/jeff/tcc/robots/my_ws/install/simulation/share/simulation/hook/pythonpath.sh'
[2.129s] Level 1:colcon.colcon_core.environment:checking '/home/jeff/tcc/robots/my_ws/install/simulation/bin'
[2.129s] Level 1:colcon.colcon_core.environment:create_environment_scripts_only(simulation)
[2.131s] INFO:colcon.colcon_core.shell:Creating package script '/home/jeff/tcc/robots/my_ws/install/simulation/share/simulation/package.ps1'
[2.132s] INFO:colcon.colcon_core.shell:Creating package descriptor '/home/jeff/tcc/robots/my_ws/install/simulation/share/simulation/package.dsv'
[2.132s] INFO:colcon.colcon_core.shell:Creating package script '/home/jeff/tcc/robots/my_ws/install/simulation/share/simulation/package.sh'
[2.133s] INFO:colcon.colcon_core.shell:Creating package script '/home/jeff/tcc/robots/my_ws/install/simulation/share/simulation/package.bash'
[2.133s] INFO:colcon.colcon_core.shell:Creating package script '/home/jeff/tcc/robots/my_ws/install/simulation/share/simulation/package.zsh'
[2.134s] Level 1:colcon.colcon_core.environment:create_file_with_runtime_dependencies(/home/jeff/tcc/robots/my_ws/install/simulation/share/colcon-core/packages/simulation)
[2.141s] Level 1:colcon.colcon_core.environment:checking '/home/jeff/tcc/robots/my_ws/install/controllers' for CMake module files
[2.142s] DEBUG:colcon.colcon_core.event_handler.log_command:Invoked command in '/home/jeff/tcc/robots/my_ws/src/controllers' returned '0': PYTHONPATH=/home/jeff/tcc/robots/my_ws/build/controllers/prefix_override:/home/jeff/tcc/robots/my_ws/install/controllers/lib/python3.10/site-packages:${PYTHONPATH} /usr/bin/python3 setup.py egg_info --egg-base ../../build/controllers build --build-base /home/jeff/tcc/robots/my_ws/build/controllers/build install --record /home/jeff/tcc/robots/my_ws/build/controllers/install.log --single-version-externally-managed
[2.142s] Level 1:colcon.colcon_core.environment:checking '/home/jeff/tcc/robots/my_ws/install/controllers' for CMake config files
[2.143s] Level 1:colcon.colcon_core.environment:checking '/home/jeff/tcc/robots/my_ws/install/controllers/lib'
[2.143s] Level 1:colcon.colcon_core.environment:checking '/home/jeff/tcc/robots/my_ws/install/controllers/bin'
[2.143s] Level 1:colcon.colcon_core.environment:checking '/home/jeff/tcc/robots/my_ws/install/controllers/lib/pkgconfig/controllers.pc'
[2.143s] Level 1:colcon.colcon_core.environment:checking '/home/jeff/tcc/robots/my_ws/install/controllers/lib/python3.10/site-packages'
[2.143s] Level 1:colcon.colcon_core.shell:create_environment_hook('controllers', 'pythonpath')
[2.145s] INFO:colcon.colcon_core.shell:Creating environment hook '/home/jeff/tcc/robots/my_ws/install/controllers/share/controllers/hook/pythonpath.ps1'
[2.145s] INFO:colcon.colcon_core.shell:Creating environment descriptor '/home/jeff/tcc/robots/my_ws/install/controllers/share/controllers/hook/pythonpath.dsv'
[2.145s] INFO:colcon.colcon_core.shell:Creating environment hook '/home/jeff/tcc/robots/my_ws/install/controllers/share/controllers/hook/pythonpath.sh'
[2.146s] Level 1:colcon.colcon_core.environment:checking '/home/jeff/tcc/robots/my_ws/install/controllers/bin'
[2.146s] Level 1:colcon.colcon_core.environment:create_environment_scripts_only(controllers)
[2.148s] INFO:colcon.colcon_core.shell:Creating package script '/home/jeff/tcc/robots/my_ws/install/controllers/share/controllers/package.ps1'
[2.148s] INFO:colcon.colcon_core.shell:Creating package descriptor '/home/jeff/tcc/robots/my_ws/install/controllers/share/controllers/package.dsv'
[2.149s] INFO:colcon.colcon_core.shell:Creating package script '/home/jeff/tcc/robots/my_ws/install/controllers/share/controllers/package.sh'
[2.149s] INFO:colcon.colcon_core.shell:Creating package script '/home/jeff/tcc/robots/my_ws/install/controllers/share/controllers/package.bash'
[2.149s] INFO:colcon.colcon_core.shell:Creating package script '/home/jeff/tcc/robots/my_ws/install/controllers/share/controllers/package.zsh'
[2.150s] Level 1:colcon.colcon_core.environment:create_file_with_runtime_dependencies(/home/jeff/tcc/robots/my_ws/install/controllers/share/colcon-core/packages/controllers)
[2.177s] Level 1:colcon.colcon_core.environment:checking '/home/jeff/tcc/robots/my_ws/install/my_car_control_package' for CMake module files
[2.178s] DEBUG:colcon.colcon_core.event_handler.log_command:Invoked command in '/home/jeff/tcc/robots/my_ws/src/my_car_control_package' returned '0': PYTHONPATH=/home/jeff/tcc/robots/my_ws/build/my_car_control_package/prefix_override:/home/jeff/tcc/robots/my_ws/install/my_car_control_package/lib/python3.10/site-packages:${PYTHONPATH} /usr/bin/python3 setup.py egg_info --egg-base ../../build/my_car_control_package build --build-base /home/jeff/tcc/robots/my_ws/build/my_car_control_package/build install --record /home/jeff/tcc/robots/my_ws/build/my_car_control_package/install.log --single-version-externally-managed
[2.178s] Level 1:colcon.colcon_core.environment:checking '/home/jeff/tcc/robots/my_ws/install/my_car_control_package' for CMake config files
[2.179s] Level 1:colcon.colcon_core.environment:checking '/home/jeff/tcc/robots/my_ws/install/my_car_control_package/lib'
[2.179s] Level 1:colcon.colcon_core.environment:checking '/home/jeff/tcc/robots/my_ws/install/my_car_control_package/bin'
[2.179s] Level 1:colcon.colcon_core.environment:checking '/home/jeff/tcc/robots/my_ws/install/my_car_control_package/lib/pkgconfig/my_car_control_package.pc'
[2.179s] Level 1:colcon.colcon_core.environment:checking '/home/jeff/tcc/robots/my_ws/install/my_car_control_package/lib/python3.10/site-packages'
[2.179s] Level 1:colcon.colcon_core.shell:create_environment_hook('my_car_control_package', 'pythonpath')
[2.181s] INFO:colcon.colcon_core.shell:Creating environment hook '/home/jeff/tcc/robots/my_ws/install/my_car_control_package/share/my_car_control_package/hook/pythonpath.ps1'
[2.181s] INFO:colcon.colcon_core.shell:Creating environment descriptor '/home/jeff/tcc/robots/my_ws/install/my_car_control_package/share/my_car_control_package/hook/pythonpath.dsv'
[2.181s] INFO:colcon.colcon_core.shell:Creating environment hook '/home/jeff/tcc/robots/my_ws/install/my_car_control_package/share/my_car_control_package/hook/pythonpath.sh'
[2.182s] Level 1:colcon.colcon_core.environment:checking '/home/jeff/tcc/robots/my_ws/install/my_car_control_package/bin'
[2.182s] Level 1:colcon.colcon_core.environment:create_environment_scripts_only(my_car_control_package)
[2.183s] INFO:colcon.colcon_core.shell:Creating package script '/home/jeff/tcc/robots/my_ws/install/my_car_control_package/share/my_car_control_package/package.ps1'
[2.184s] INFO:colcon.colcon_core.shell:Creating package descriptor '/home/jeff/tcc/robots/my_ws/install/my_car_control_package/share/my_car_control_package/package.dsv'
[2.184s] INFO:colcon.colcon_core.shell:Creating package script '/home/jeff/tcc/robots/my_ws/install/my_car_control_package/share/my_car_control_package/package.sh'
[2.184s] INFO:colcon.colcon_core.shell:Creating package script '/home/jeff/tcc/robots/my_ws/install/my_car_control_package/share/my_car_control_package/package.bash'
[2.185s] INFO:colcon.colcon_core.shell:Creating package script '/home/jeff/tcc/robots/my_ws/install/my_car_control_package/share/my_car_control_package/package.zsh'
[2.185s] Level 1:colcon.colcon_core.environment:create_file_with_runtime_dependencies(/home/jeff/tcc/robots/my_ws/install/my_car_control_package/share/colcon-core/packages/my_car_control_package)
[2.185s] DEBUG:colcon.colcon_parallel_executor.executor.parallel:closing loop
[2.185s] DEBUG:colcon.colcon_parallel_executor.executor.parallel:loop closed
[2.186s] DEBUG:colcon.colcon_parallel_executor.executor.parallel:run_until_complete finished with '0'
[2.186s] DEBUG:colcon.colcon_core.event_reactor:joining thread
[2.192s] INFO:colcon.colcon_core.plugin_system:Skipping extension 'colcon_notification.desktop_notification.terminal_notifier': Not used on non-Darwin systems
[2.192s] INFO:colcon.colcon_core.plugin_system:Skipping extension 'colcon_notification.desktop_notification.win32': Not used on non-Windows systems
[2.192s] INFO:colcon.colcon_notification.desktop_notification:Sending desktop notification using 'notify2'
[2.203s] DEBUG:colcon.colcon_core.event_reactor:joined thread
[2.204s] INFO:colcon.colcon_core.shell:Creating prefix script '/home/jeff/tcc/robots/my_ws/install/local_setup.ps1'
[2.205s] INFO:colcon.colcon_core.shell:Creating prefix util module '/home/jeff/tcc/robots/my_ws/install/_local_setup_util_ps1.py'
[2.207s] INFO:colcon.colcon_core.shell:Creating prefix chain script '/home/jeff/tcc/robots/my_ws/install/setup.ps1'
[2.209s] INFO:colcon.colcon_core.shell:Creating prefix script '/home/jeff/tcc/robots/my_ws/install/local_setup.sh'
[2.210s] INFO:colcon.colcon_core.shell:Creating prefix util module '/home/jeff/tcc/robots/my_ws/install/_local_setup_util_sh.py'
[2.210s] INFO:colcon.colcon_core.shell:Creating prefix chain script '/home/jeff/tcc/robots/my_ws/install/setup.sh'
[2.212s] INFO:colcon.colcon_core.shell:Creating prefix script '/home/jeff/tcc/robots/my_ws/install/local_setup.bash'
[2.212s] INFO:colcon.colcon_core.shell:Creating prefix chain script '/home/jeff/tcc/robots/my_ws/install/setup.bash'
[2.214s] INFO:colcon.colcon_core.shell:Creating prefix script '/home/jeff/tcc/robots/my_ws/install/local_setup.zsh'
[2.214s] INFO:colcon.colcon_core.shell:Creating prefix chain script '/home/jeff/tcc/robots/my_ws/install/setup.zsh'
