[0.720s] Invoking command in '/home/ti/tcc/robots/ros2_ws/build/my_robot_controller': PYTHONPATH=/home/ti/tcc/robots/ros2_ws/build/my_robot_controller/prefix_override:/home/ti/tcc/robots/ros2_ws/install/my_robot_controller/lib/python3.10/site-packages:${PYTHONPATH} /usr/bin/python3 setup.py develop --editable --build-directory /home/ti/tcc/robots/ros2_ws/build/my_robot_controller/build --no-deps install_data
[0.994s] running develop
[1.161s] running egg_info
[1.162s] writing my_robot_controller.egg-info/PKG-INFO
[1.162s] writing dependency_links to my_robot_controller.egg-info/dependency_links.txt
[1.162s] writing entry points to my_robot_controller.egg-info/entry_points.txt
[1.162s] writing requirements to my_robot_controller.egg-info/requires.txt
[1.163s] writing top-level names to my_robot_controller.egg-info/top_level.txt
[1.164s] reading manifest file 'my_robot_controller.egg-info/SOURCES.txt'
[1.165s] writing manifest file 'my_robot_controller.egg-info/SOURCES.txt'
[1.166s] running build_ext
[1.166s] Creating /home/ti/tcc/robots/ros2_ws/install/my_robot_controller/lib/python3.10/site-packages/my-robot-controller.egg-link (link to .)
[1.167s] Installing draw_circle script to /home/ti/tcc/robots/ros2_ws/install/my_robot_controller/lib/my_robot_controller
[1.167s] Installing pose_subscriber script to /home/ti/tcc/robots/ros2_ws/install/my_robot_controller/lib/my_robot_controller
[1.168s] Installing test_node script to /home/ti/tcc/robots/ros2_ws/install/my_robot_controller/lib/my_robot_controller
[1.168s] Installing turtle_controller script to /home/ti/tcc/robots/ros2_ws/install/my_robot_controller/lib/my_robot_controller
[1.168s] 
[1.168s] Installed /home/ti/tcc/robots/ros2_ws/build/my_robot_controller
[1.169s] running install_data
[1.213s] Invoked command in '/home/ti/tcc/robots/ros2_ws/build/my_robot_controller' returned '0': PYTHONPATH=/home/ti/tcc/robots/ros2_ws/build/my_robot_controller/prefix_override:/home/ti/tcc/robots/ros2_ws/install/my_robot_controller/lib/python3.10/site-packages:${PYTHONPATH} /usr/bin/python3 setup.py develop --editable --build-directory /home/ti/tcc/robots/ros2_ws/build/my_robot_controller/build --no-deps install_data
