[0.328s] DEBUG:colcon:Command line arguments: ['/usr/bin/colcon', 'build']
[0.328s] DEBUG:colcon:Parsed command line arguments: Namespace(log_base=None, log_level=None, verb_name='build', build_base='build', install_base='install', merge_install=False, symlink_install=False, test_result_base=None, continue_on_error=False, executor='parallel', parallel_workers=8, event_handlers=None, ignore_user_meta=False, metas=['./colcon.meta'], base_paths=['.'], packages_ignore=None, packages_ignore_regex=None, paths=None, packages_up_to=None, packages_up_to_regex=None, packages_above=None, packages_above_and_dependencies=None, packages_above_depth=None, packages_select_by_dep=None, packages_skip_by_dep=None, packages_skip_up_to=None, packages_select_build_failed=False, packages_skip_build_finished=False, packages_select_test_failures=False, packages_skip_test_passed=False, packages_select=None, packages_skip=None, packages_select_regex=None, packages_skip_regex=None, packages_start=None, packages_end=None, allow_overriding=[], cmake_args=None, cmake_target=None, cmake_target_skip_unavailable=False, cmake_clean_cache=False, cmake_clean_first=False, cmake_force_configure=False, ament_cmake_args=None, catkin_cmake_args=None, catkin_skip_building_tests=False, verb_parser=<colcon_defaults.argument_parser.defaults.DefaultArgumentsDecorator object at 0x7f1c774473a0>, verb_extension=<colcon_core.verb.build.BuildVerb object at 0x7f1c77c3ea70>, main=<bound method BuildVerb.main of <colcon_core.verb.build.BuildVerb object at 0x7f1c77c3ea70>>)
[0.361s] Level 1:colcon.colcon_core.package_discovery:discover_packages(colcon_meta) check parameters
[0.361s] Level 1:colcon.colcon_core.package_discovery:discover_packages(recursive) check parameters
[0.361s] Level 1:colcon.colcon_core.package_discovery:discover_packages(ignore) check parameters
[0.361s] Level 1:colcon.colcon_core.package_discovery:discover_packages(path) check parameters
[0.361s] Level 1:colcon.colcon_core.package_discovery:discover_packages(colcon_meta) discover
[0.361s] Level 1:colcon.colcon_core.package_discovery:discover_packages(recursive) discover
[0.361s] INFO:colcon.colcon_core.package_discovery:Crawling recursively for packages in '/home/jeff/tcc/robots/my_ws'
[0.362s] Level 1:colcon.colcon_core.package_identification:_identify(.) by extensions ['ignore', 'ignore_ament_install']
[0.362s] Level 1:colcon.colcon_core.package_identification:_identify(.) by extension 'ignore'
[0.362s] Level 1:colcon.colcon_core.package_identification:_identify(.) by extension 'ignore_ament_install'
[0.362s] Level 1:colcon.colcon_core.package_identification:_identify(.) by extensions ['colcon_pkg']
[0.362s] Level 1:colcon.colcon_core.package_identification:_identify(.) by extension 'colcon_pkg'
[0.362s] Level 1:colcon.colcon_core.package_identification:_identify(.) by extensions ['colcon_meta']
[0.362s] Level 1:colcon.colcon_core.package_identification:_identify(.) by extension 'colcon_meta'
[0.362s] Level 1:colcon.colcon_core.package_identification:_identify(.) by extensions ['ros']
[0.362s] Level 1:colcon.colcon_core.package_identification:_identify(.) by extension 'ros'
[0.374s] Level 1:colcon.colcon_core.package_identification:_identify(.) by extensions ['cmake', 'python']
[0.374s] Level 1:colcon.colcon_core.package_identification:_identify(.) by extension 'cmake'
[0.374s] Level 1:colcon.colcon_core.package_identification:_identify(.) by extension 'python'
[0.374s] Level 1:colcon.colcon_core.package_identification:_identify(.) by extensions ['python_setup_py']
[0.374s] Level 1:colcon.colcon_core.package_identification:_identify(.) by extension 'python_setup_py'
[0.374s] Level 1:colcon.colcon_core.package_identification:_identify(build) by extensions ['ignore', 'ignore_ament_install']
[0.374s] Level 1:colcon.colcon_core.package_identification:_identify(build) by extension 'ignore'
[0.374s] Level 1:colcon.colcon_core.package_identification:_identify(build) ignored
[0.374s] Level 1:colcon.colcon_core.package_identification:_identify(install) by extensions ['ignore', 'ignore_ament_install']
[0.375s] Level 1:colcon.colcon_core.package_identification:_identify(install) by extension 'ignore'
[0.375s] Level 1:colcon.colcon_core.package_identification:_identify(install) ignored
[0.375s] Level 1:colcon.colcon_core.package_identification:_identify(log) by extensions ['ignore', 'ignore_ament_install']
[0.375s] Level 1:colcon.colcon_core.package_identification:_identify(log) by extension 'ignore'
[0.375s] Level 1:colcon.colcon_core.package_identification:_identify(log) ignored
[0.375s] Level 1:colcon.colcon_core.package_identification:_identify(src) by extensions ['ignore', 'ignore_ament_install']
[0.375s] Level 1:colcon.colcon_core.package_identification:_identify(src) by extension 'ignore'
[0.375s] Level 1:colcon.colcon_core.package_identification:_identify(src) by extension 'ignore_ament_install'
[0.375s] Level 1:colcon.colcon_core.package_identification:_identify(src) by extensions ['colcon_pkg']
[0.375s] Level 1:colcon.colcon_core.package_identification:_identify(src) by extension 'colcon_pkg'
[0.375s] Level 1:colcon.colcon_core.package_identification:_identify(src) by extensions ['colcon_meta']
[0.375s] Level 1:colcon.colcon_core.package_identification:_identify(src) by extension 'colcon_meta'
[0.375s] Level 1:colcon.colcon_core.package_identification:_identify(src) by extensions ['ros']
[0.375s] Level 1:colcon.colcon_core.package_identification:_identify(src) by extension 'ros'
[0.376s] Level 1:colcon.colcon_core.package_identification:_identify(src) by extensions ['cmake', 'python']
[0.376s] Level 1:colcon.colcon_core.package_identification:_identify(src) by extension 'cmake'
[0.376s] Level 1:colcon.colcon_core.package_identification:_identify(src) by extension 'python'
[0.376s] Level 1:colcon.colcon_core.package_identification:_identify(src) by extensions ['python_setup_py']
[0.376s] Level 1:colcon.colcon_core.package_identification:_identify(src) by extension 'python_setup_py'
[0.376s] Level 1:colcon.colcon_core.package_identification:_identify(src/controllers) by extensions ['ignore', 'ignore_ament_install']
[0.376s] Level 1:colcon.colcon_core.package_identification:_identify(src/controllers) by extension 'ignore'
[0.376s] Level 1:colcon.colcon_core.package_identification:_identify(src/controllers) by extension 'ignore_ament_install'
[0.376s] Level 1:colcon.colcon_core.package_identification:_identify(src/controllers) by extensions ['colcon_pkg']
[0.376s] Level 1:colcon.colcon_core.package_identification:_identify(src/controllers) by extension 'colcon_pkg'
[0.376s] Level 1:colcon.colcon_core.package_identification:_identify(src/controllers) by extensions ['colcon_meta']
[0.376s] Level 1:colcon.colcon_core.package_identification:_identify(src/controllers) by extension 'colcon_meta'
[0.376s] Level 1:colcon.colcon_core.package_identification:_identify(src/controllers) by extensions ['ros']
[0.376s] Level 1:colcon.colcon_core.package_identification:_identify(src/controllers) by extension 'ros'
[0.378s] DEBUG:colcon.colcon_core.package_identification:Package 'src/controllers' with type 'ros.ament_python' and name 'controllers'
[0.379s] Level 1:colcon.colcon_core.package_identification:_identify(src/my_car_control_package) by extensions ['ignore', 'ignore_ament_install']
[0.379s] Level 1:colcon.colcon_core.package_identification:_identify(src/my_car_control_package) by extension 'ignore'
[0.379s] Level 1:colcon.colcon_core.package_identification:_identify(src/my_car_control_package) by extension 'ignore_ament_install'
[0.379s] Level 1:colcon.colcon_core.package_identification:_identify(src/my_car_control_package) by extensions ['colcon_pkg']
[0.379s] Level 1:colcon.colcon_core.package_identification:_identify(src/my_car_control_package) by extension 'colcon_pkg'
[0.379s] Level 1:colcon.colcon_core.package_identification:_identify(src/my_car_control_package) by extensions ['colcon_meta']
[0.379s] Level 1:colcon.colcon_core.package_identification:_identify(src/my_car_control_package) by extension 'colcon_meta'
[0.379s] Level 1:colcon.colcon_core.package_identification:_identify(src/my_car_control_package) by extensions ['ros']
[0.379s] Level 1:colcon.colcon_core.package_identification:_identify(src/my_car_control_package) by extension 'ros'
[0.380s] DEBUG:colcon.colcon_core.package_identification:Package 'src/my_car_control_package' with type 'ros.ament_python' and name 'my_car_control_package'
[0.380s] Level 1:colcon.colcon_core.package_identification:_identify(src/my_car_simulation) by extensions ['ignore', 'ignore_ament_install']
[0.380s] Level 1:colcon.colcon_core.package_identification:_identify(src/my_car_simulation) by extension 'ignore'
[0.380s] Level 1:colcon.colcon_core.package_identification:_identify(src/my_car_simulation) by extension 'ignore_ament_install'
[0.380s] Level 1:colcon.colcon_core.package_identification:_identify(src/my_car_simulation) by extensions ['colcon_pkg']
[0.380s] Level 1:colcon.colcon_core.package_identification:_identify(src/my_car_simulation) by extension 'colcon_pkg'
[0.380s] Level 1:colcon.colcon_core.package_identification:_identify(src/my_car_simulation) by extensions ['colcon_meta']
[0.380s] Level 1:colcon.colcon_core.package_identification:_identify(src/my_car_simulation) by extension 'colcon_meta'
[0.380s] Level 1:colcon.colcon_core.package_identification:_identify(src/my_car_simulation) by extensions ['ros']
[0.380s] Level 1:colcon.colcon_core.package_identification:_identify(src/my_car_simulation) by extension 'ros'
[0.381s] DEBUG:colcon.colcon_core.package_identification:Package 'src/my_car_simulation' with type 'ros.ament_cmake' and name 'my_car_simulation'
[0.381s] Level 1:colcon.colcon_core.package_identification:_identify(src/my_robot) by extensions ['ignore', 'ignore_ament_install']
[0.381s] Level 1:colcon.colcon_core.package_identification:_identify(src/my_robot) by extension 'ignore'
[0.381s] Level 1:colcon.colcon_core.package_identification:_identify(src/my_robot) by extension 'ignore_ament_install'
[0.381s] Level 1:colcon.colcon_core.package_identification:_identify(src/my_robot) by extensions ['colcon_pkg']
[0.381s] Level 1:colcon.colcon_core.package_identification:_identify(src/my_robot) by extension 'colcon_pkg'
[0.381s] Level 1:colcon.colcon_core.package_identification:_identify(src/my_robot) by extensions ['colcon_meta']
[0.381s] Level 1:colcon.colcon_core.package_identification:_identify(src/my_robot) by extension 'colcon_meta'
[0.381s] Level 1:colcon.colcon_core.package_identification:_identify(src/my_robot) by extensions ['ros']
[0.381s] Level 1:colcon.colcon_core.package_identification:_identify(src/my_robot) by extension 'ros'
[0.382s] DEBUG:colcon.colcon_core.package_identification:Package 'src/my_robot' with type 'ros.ament_cmake' and name 'my_robot'
[0.382s] Level 1:colcon.colcon_core.package_identification:_identify(src/simulation) by extensions ['ignore', 'ignore_ament_install']
[0.382s] Level 1:colcon.colcon_core.package_identification:_identify(src/simulation) by extension 'ignore'
[0.382s] Level 1:colcon.colcon_core.package_identification:_identify(src/simulation) by extension 'ignore_ament_install'
[0.382s] Level 1:colcon.colcon_core.package_identification:_identify(src/simulation) by extensions ['colcon_pkg']
[0.382s] Level 1:colcon.colcon_core.package_identification:_identify(src/simulation) by extension 'colcon_pkg'
[0.382s] Level 1:colcon.colcon_core.package_identification:_identify(src/simulation) by extensions ['colcon_meta']
[0.382s] Level 1:colcon.colcon_core.package_identification:_identify(src/simulation) by extension 'colcon_meta'
[0.382s] Level 1:colcon.colcon_core.package_identification:_identify(src/simulation) by extensions ['ros']
[0.382s] Level 1:colcon.colcon_core.package_identification:_identify(src/simulation) by extension 'ros'
[0.383s] DEBUG:colcon.colcon_core.package_identification:Package 'src/simulation' with type 'ros.ament_python' and name 'simulation'
[0.383s] Level 1:colcon.colcon_core.package_discovery:discover_packages(recursive) using defaults
[0.383s] Level 1:colcon.colcon_core.package_discovery:discover_packages(ignore) discover
[0.383s] Level 1:colcon.colcon_core.package_discovery:discover_packages(ignore) using defaults
[0.383s] Level 1:colcon.colcon_core.package_discovery:discover_packages(path) discover
[0.383s] Level 1:colcon.colcon_core.package_discovery:discover_packages(path) using defaults
[0.408s] Level 1:colcon.colcon_core.package_discovery:discover_packages(prefix_path) check parameters
[0.408s] Level 1:colcon.colcon_core.package_discovery:discover_packages(prefix_path) discover
[0.411s] DEBUG:colcon.colcon_installed_package_information.package_discovery:Found 5 installed packages in /home/jeff/tcc/robots/my_ws/install
[0.412s] DEBUG:colcon.colcon_installed_package_information.package_discovery:Found 284 installed packages in /opt/ros/humble
[0.414s] Level 1:colcon.colcon_core.package_discovery:discover_packages(prefix_path) using defaults
[0.478s] Level 5:colcon.colcon_core.verb:set package 'controllers' build argument 'cmake_args' from command line to 'None'
[0.478s] Level 5:colcon.colcon_core.verb:set package 'controllers' build argument 'cmake_target' from command line to 'None'
[0.478s] Level 5:colcon.colcon_core.verb:set package 'controllers' build argument 'cmake_target_skip_unavailable' from command line to 'False'
[0.478s] Level 5:colcon.colcon_core.verb:set package 'controllers' build argument 'cmake_clean_cache' from command line to 'False'
[0.478s] Level 5:colcon.colcon_core.verb:set package 'controllers' build argument 'cmake_clean_first' from command line to 'False'
[0.478s] Level 5:colcon.colcon_core.verb:set package 'controllers' build argument 'cmake_force_configure' from command line to 'False'
[0.478s] Level 5:colcon.colcon_core.verb:set package 'controllers' build argument 'ament_cmake_args' from command line to 'None'
[0.478s] Level 5:colcon.colcon_core.verb:set package 'controllers' build argument 'catkin_cmake_args' from command line to 'None'
[0.478s] Level 5:colcon.colcon_core.verb:set package 'controllers' build argument 'catkin_skip_building_tests' from command line to 'False'
[0.478s] DEBUG:colcon.colcon_core.verb:Building package 'controllers' with the following arguments: {'ament_cmake_args': None, 'build_base': '/home/jeff/tcc/robots/my_ws/build/controllers', 'catkin_cmake_args': None, 'catkin_skip_building_tests': False, 'cmake_args': None, 'cmake_clean_cache': False, 'cmake_clean_first': False, 'cmake_force_configure': False, 'cmake_target': None, 'cmake_target_skip_unavailable': False, 'install_base': '/home/jeff/tcc/robots/my_ws/install/controllers', 'merge_install': False, 'path': '/home/jeff/tcc/robots/my_ws/src/controllers', 'symlink_install': False, 'test_result_base': None}
[0.479s] Level 5:colcon.colcon_core.verb:set package 'my_car_control_package' build argument 'cmake_args' from command line to 'None'
[0.479s] Level 5:colcon.colcon_core.verb:set package 'my_car_control_package' build argument 'cmake_target' from command line to 'None'
[0.479s] Level 5:colcon.colcon_core.verb:set package 'my_car_control_package' build argument 'cmake_target_skip_unavailable' from command line to 'False'
[0.479s] Level 5:colcon.colcon_core.verb:set package 'my_car_control_package' build argument 'cmake_clean_cache' from command line to 'False'
[0.479s] Level 5:colcon.colcon_core.verb:set package 'my_car_control_package' build argument 'cmake_clean_first' from command line to 'False'
[0.480s] Level 5:colcon.colcon_core.verb:set package 'my_car_control_package' build argument 'cmake_force_configure' from command line to 'False'
[0.480s] Level 5:colcon.colcon_core.verb:set package 'my_car_control_package' build argument 'ament_cmake_args' from command line to 'None'
[0.480s] Level 5:colcon.colcon_core.verb:set package 'my_car_control_package' build argument 'catkin_cmake_args' from command line to 'None'
[0.480s] Level 5:colcon.colcon_core.verb:set package 'my_car_control_package' build argument 'catkin_skip_building_tests' from command line to 'False'
[0.480s] DEBUG:colcon.colcon_core.verb:Building package 'my_car_control_package' with the following arguments: {'ament_cmake_args': None, 'build_base': '/home/jeff/tcc/robots/my_ws/build/my_car_control_package', 'catkin_cmake_args': None, 'catkin_skip_building_tests': False, 'cmake_args': None, 'cmake_clean_cache': False, 'cmake_clean_first': False, 'cmake_force_configure': False, 'cmake_target': None, 'cmake_target_skip_unavailable': False, 'install_base': '/home/jeff/tcc/robots/my_ws/install/my_car_control_package', 'merge_install': False, 'path': '/home/jeff/tcc/robots/my_ws/src/my_car_control_package', 'symlink_install': False, 'test_result_base': None}
[0.481s] Level 5:colcon.colcon_core.verb:set package 'my_car_simulation' build argument 'cmake_args' from command line to 'None'
[0.481s] Level 5:colcon.colcon_core.verb:set package 'my_car_simulation' build argument 'cmake_target' from command line to 'None'
[0.481s] Level 5:colcon.colcon_core.verb:set package 'my_car_simulation' build argument 'cmake_target_skip_unavailable' from command line to 'False'
[0.481s] Level 5:colcon.colcon_core.verb:set package 'my_car_simulation' build argument 'cmake_clean_cache' from command line to 'False'
[0.481s] Level 5:colcon.colcon_core.verb:set package 'my_car_simulation' build argument 'cmake_clean_first' from command line to 'False'
[0.481s] Level 5:colcon.colcon_core.verb:set package 'my_car_simulation' build argument 'cmake_force_configure' from command line to 'False'
[0.481s] Level 5:colcon.colcon_core.verb:set package 'my_car_simulation' build argument 'ament_cmake_args' from command line to 'None'
[0.481s] Level 5:colcon.colcon_core.verb:set package 'my_car_simulation' build argument 'catkin_cmake_args' from command line to 'None'
[0.481s] Level 5:colcon.colcon_core.verb:set package 'my_car_simulation' build argument 'catkin_skip_building_tests' from command line to 'False'
[0.481s] DEBUG:colcon.colcon_core.verb:Building package 'my_car_simulation' with the following arguments: {'ament_cmake_args': None, 'build_base': '/home/jeff/tcc/robots/my_ws/build/my_car_simulation', 'catkin_cmake_args': None, 'catkin_skip_building_tests': False, 'cmake_args': None, 'cmake_clean_cache': False, 'cmake_clean_first': False, 'cmake_force_configure': False, 'cmake_target': None, 'cmake_target_skip_unavailable': False, 'install_base': '/home/jeff/tcc/robots/my_ws/install/my_car_simulation', 'merge_install': False, 'path': '/home/jeff/tcc/robots/my_ws/src/my_car_simulation', 'symlink_install': False, 'test_result_base': None}
[0.482s] Level 5:colcon.colcon_core.verb:set package 'my_robot' build argument 'cmake_args' from command line to 'None'
[0.482s] Level 5:colcon.colcon_core.verb:set package 'my_robot' build argument 'cmake_target' from command line to 'None'
[0.482s] Level 5:colcon.colcon_core.verb:set package 'my_robot' build argument 'cmake_target_skip_unavailable' from command line to 'False'
[0.482s] Level 5:colcon.colcon_core.verb:set package 'my_robot' build argument 'cmake_clean_cache' from command line to 'False'
[0.482s] Level 5:colcon.colcon_core.verb:set package 'my_robot' build argument 'cmake_clean_first' from command line to 'False'
[0.482s] Level 5:colcon.colcon_core.verb:set package 'my_robot' build argument 'cmake_force_configure' from command line to 'False'
[0.482s] Level 5:colcon.colcon_core.verb:set package 'my_robot' build argument 'ament_cmake_args' from command line to 'None'
[0.482s] Level 5:colcon.colcon_core.verb:set package 'my_robot' build argument 'catkin_cmake_args' from command line to 'None'
[0.482s] Level 5:colcon.colcon_core.verb:set package 'my_robot' build argument 'catkin_skip_building_tests' from command line to 'False'
[0.482s] DEBUG:colcon.colcon_core.verb:Building package 'my_robot' with the following arguments: {'ament_cmake_args': None, 'build_base': '/home/jeff/tcc/robots/my_ws/build/my_robot', 'catkin_cmake_args': None, 'catkin_skip_building_tests': False, 'cmake_args': None, 'cmake_clean_cache': False, 'cmake_clean_first': False, 'cmake_force_configure': False, 'cmake_target': None, 'cmake_target_skip_unavailable': False, 'install_base': '/home/jeff/tcc/robots/my_ws/install/my_robot', 'merge_install': False, 'path': '/home/jeff/tcc/robots/my_ws/src/my_robot', 'symlink_install': False, 'test_result_base': None}
[0.483s] Level 5:colcon.colcon_core.verb:set package 'simulation' build argument 'cmake_args' from command line to 'None'
[0.483s] Level 5:colcon.colcon_core.verb:set package 'simulation' build argument 'cmake_target' from command line to 'None'
[0.483s] Level 5:colcon.colcon_core.verb:set package 'simulation' build argument 'cmake_target_skip_unavailable' from command line to 'False'
[0.483s] Level 5:colcon.colcon_core.verb:set package 'simulation' build argument 'cmake_clean_cache' from command line to 'False'
[0.483s] Level 5:colcon.colcon_core.verb:set package 'simulation' build argument 'cmake_clean_first' from command line to 'False'
[0.483s] Level 5:colcon.colcon_core.verb:set package 'simulation' build argument 'cmake_force_configure' from command line to 'False'
[0.483s] Level 5:colcon.colcon_core.verb:set package 'simulation' build argument 'ament_cmake_args' from command line to 'None'
[0.483s] Level 5:colcon.colcon_core.verb:set package 'simulation' build argument 'catkin_cmake_args' from command line to 'None'
[0.483s] Level 5:colcon.colcon_core.verb:set package 'simulation' build argument 'catkin_skip_building_tests' from command line to 'False'
[0.483s] DEBUG:colcon.colcon_core.verb:Building package 'simulation' with the following arguments: {'ament_cmake_args': None, 'build_base': '/home/jeff/tcc/robots/my_ws/build/simulation', 'catkin_cmake_args': None, 'catkin_skip_building_tests': False, 'cmake_args': None, 'cmake_clean_cache': False, 'cmake_clean_first': False, 'cmake_force_configure': False, 'cmake_target': None, 'cmake_target_skip_unavailable': False, 'install_base': '/home/jeff/tcc/robots/my_ws/install/simulation', 'merge_install': False, 'path': '/home/jeff/tcc/robots/my_ws/src/simulation', 'symlink_install': False, 'test_result_base': None}
[0.484s] INFO:colcon.colcon_core.executor:Executing jobs using 'parallel' executor
[0.487s] DEBUG:colcon.colcon_parallel_executor.executor.parallel:run_until_complete
[0.488s] INFO:colcon.colcon_ros.task.ament_python.build:Building ROS package in '/home/jeff/tcc/robots/my_ws/src/controllers' with build type 'ament_python'
[0.488s] Level 1:colcon.colcon_core.shell:create_environment_hook('controllers', 'ament_prefix_path')
[0.492s] INFO:colcon.colcon_core.plugin_system:Skipping extension 'colcon_core.shell.bat': Not used on non-Windows systems
[0.492s] INFO:colcon.colcon_core.shell:Creating environment hook '/home/jeff/tcc/robots/my_ws/install/controllers/share/controllers/hook/ament_prefix_path.ps1'
[0.493s] INFO:colcon.colcon_core.shell:Creating environment descriptor '/home/jeff/tcc/robots/my_ws/install/controllers/share/controllers/hook/ament_prefix_path.dsv'
[0.493s] INFO:colcon.colcon_core.shell:Creating environment hook '/home/jeff/tcc/robots/my_ws/install/controllers/share/controllers/hook/ament_prefix_path.sh'
[0.495s] INFO:colcon.colcon_core.shell:Skip shell extension 'powershell' for command environment: Not usable outside of PowerShell
[0.495s] DEBUG:colcon.colcon_core.shell:Skip shell extension 'dsv' for command environment
[0.500s] INFO:colcon.colcon_ros.task.ament_python.build:Building ROS package in '/home/jeff/tcc/robots/my_ws/src/my_car_control_package' with build type 'ament_python'
[0.500s] Level 1:colcon.colcon_core.shell:create_environment_hook('my_car_control_package', 'ament_prefix_path')
[0.501s] INFO:colcon.colcon_core.shell:Creating environment hook '/home/jeff/tcc/robots/my_ws/install/my_car_control_package/share/my_car_control_package/hook/ament_prefix_path.ps1'
[0.502s] INFO:colcon.colcon_core.shell:Creating environment descriptor '/home/jeff/tcc/robots/my_ws/install/my_car_control_package/share/my_car_control_package/hook/ament_prefix_path.dsv'
[0.502s] INFO:colcon.colcon_core.shell:Creating environment hook '/home/jeff/tcc/robots/my_ws/install/my_car_control_package/share/my_car_control_package/hook/ament_prefix_path.sh'
[0.504s] INFO:colcon.colcon_core.shell:Skip shell extension 'powershell' for command environment: Not usable outside of PowerShell
[0.504s] DEBUG:colcon.colcon_core.shell:Skip shell extension 'dsv' for command environment
[0.509s] INFO:colcon.colcon_ros.task.ament_cmake.build:Building ROS package in '/home/jeff/tcc/robots/my_ws/src/my_car_simulation' with build type 'ament_cmake'
[0.509s] INFO:colcon.colcon_cmake.task.cmake.build:Building CMake package in '/home/jeff/tcc/robots/my_ws/src/my_car_simulation'
[0.510s] INFO:colcon.colcon_core.shell:Skip shell extension 'powershell' for command environment: Not usable outside of PowerShell
[0.510s] DEBUG:colcon.colcon_core.shell:Skip shell extension 'dsv' for command environment
[0.516s] INFO:colcon.colcon_ros.task.ament_cmake.build:Building ROS package in '/home/jeff/tcc/robots/my_ws/src/my_robot' with build type 'ament_cmake'
[0.516s] INFO:colcon.colcon_cmake.task.cmake.build:Building CMake package in '/home/jeff/tcc/robots/my_ws/src/my_robot'
[0.518s] INFO:colcon.colcon_core.shell:Skip shell extension 'powershell' for command environment: Not usable outside of PowerShell
[0.518s] DEBUG:colcon.colcon_core.shell:Skip shell extension 'dsv' for command environment
[0.523s] INFO:colcon.colcon_ros.task.ament_python.build:Building ROS package in '/home/jeff/tcc/robots/my_ws/src/simulation' with build type 'ament_python'
[0.523s] Level 1:colcon.colcon_core.shell:create_environment_hook('simulation', 'ament_prefix_path')
[0.525s] INFO:colcon.colcon_core.shell:Creating environment hook '/home/jeff/tcc/robots/my_ws/install/simulation/share/simulation/hook/ament_prefix_path.ps1'
[0.526s] INFO:colcon.colcon_core.shell:Creating environment descriptor '/home/jeff/tcc/robots/my_ws/install/simulation/share/simulation/hook/ament_prefix_path.dsv'
[0.526s] INFO:colcon.colcon_core.shell:Creating environment hook '/home/jeff/tcc/robots/my_ws/install/simulation/share/simulation/hook/ament_prefix_path.sh'
[0.528s] INFO:colcon.colcon_core.shell:Skip shell extension 'powershell' for command environment: Not usable outside of PowerShell
[0.528s] DEBUG:colcon.colcon_core.shell:Skip shell extension 'dsv' for command environment
[0.803s] INFO:colcon.colcon_core.task.python.build:Building Python package in '/home/jeff/tcc/robots/my_ws/src/controllers'
[0.805s] INFO:colcon.colcon_core.shell:Skip shell extension 'powershell' for command environment: Not usable outside of PowerShell
[0.805s] DEBUG:colcon.colcon_core.shell:Skip shell extension 'dsv' for command environment
[1.075s] INFO:colcon.colcon_core.task.python.build:Building Python package in '/home/jeff/tcc/robots/my_ws/src/my_car_control_package'
[1.076s] INFO:colcon.colcon_core.shell:Skip shell extension 'powershell' for command environment: Not usable outside of PowerShell
[1.077s] DEBUG:colcon.colcon_core.shell:Skip shell extension 'dsv' for command environment
[1.085s] DEBUG:colcon.colcon_core.event_handler.log_command:Invoking command in '/home/jeff/tcc/robots/my_ws/build/my_car_simulation': CMAKE_PREFIX_PATH=${CMAKE_PREFIX_PATH}:/home/jeff/tcc/robots/my_ws/install/simulation:/home/jeff/tcc/robots/my_ws/install/my_car_control_package:/home/jeff/tcc/robots/my_ws/install/controllers /usr/bin/cmake --build /home/jeff/tcc/robots/my_ws/build/my_car_simulation -- -j8 -l8
[1.092s] DEBUG:colcon.colcon_core.event_handler.log_command:Invoking command in '/home/jeff/tcc/robots/my_ws/build/my_robot': CMAKE_PREFIX_PATH=${CMAKE_PREFIX_PATH}:/home/jeff/tcc/robots/my_ws/install/simulation:/home/jeff/tcc/robots/my_ws/install/my_car_control_package:/home/jeff/tcc/robots/my_ws/install/controllers /usr/bin/cmake --build /home/jeff/tcc/robots/my_ws/build/my_robot -- -j8 -l8
[1.359s] INFO:colcon.colcon_core.task.python.build:Building Python package in '/home/jeff/tcc/robots/my_ws/src/simulation'
[1.361s] INFO:colcon.colcon_core.shell:Skip shell extension 'powershell' for command environment: Not usable outside of PowerShell
[1.361s] DEBUG:colcon.colcon_core.shell:Skip shell extension 'dsv' for command environment
[1.371s] DEBUG:colcon.colcon_core.event_handler.log_command:Invoked command in '/home/jeff/tcc/robots/my_ws/build/my_car_simulation' returned '0': CMAKE_PREFIX_PATH=${CMAKE_PREFIX_PATH}:/home/jeff/tcc/robots/my_ws/install/simulation:/home/jeff/tcc/robots/my_ws/install/my_car_control_package:/home/jeff/tcc/robots/my_ws/install/controllers /usr/bin/cmake --build /home/jeff/tcc/robots/my_ws/build/my_car_simulation -- -j8 -l8
[1.372s] DEBUG:colcon.colcon_core.event_handler.log_command:Invoked command in '/home/jeff/tcc/robots/my_ws/build/my_robot' returned '0': CMAKE_PREFIX_PATH=${CMAKE_PREFIX_PATH}:/home/jeff/tcc/robots/my_ws/install/simulation:/home/jeff/tcc/robots/my_ws/install/my_car_control_package:/home/jeff/tcc/robots/my_ws/install/controllers /usr/bin/cmake --build /home/jeff/tcc/robots/my_ws/build/my_robot -- -j8 -l8
[1.406s] DEBUG:colcon.colcon_core.event_handler.log_command:Invoking command in '/home/jeff/tcc/robots/my_ws/build/my_car_simulation': CMAKE_PREFIX_PATH=${CMAKE_PREFIX_PATH}:/home/jeff/tcc/robots/my_ws/install/simulation:/home/jeff/tcc/robots/my_ws/install/my_car_control_package:/home/jeff/tcc/robots/my_ws/install/controllers /usr/bin/cmake --install /home/jeff/tcc/robots/my_ws/build/my_car_simulation
[1.409s] DEBUG:colcon.colcon_core.event_handler.log_command:Invoking command in '/home/jeff/tcc/robots/my_ws/build/my_robot': CMAKE_PREFIX_PATH=${CMAKE_PREFIX_PATH}:/home/jeff/tcc/robots/my_ws/install/simulation:/home/jeff/tcc/robots/my_ws/install/my_car_control_package:/home/jeff/tcc/robots/my_ws/install/controllers /usr/bin/cmake --install /home/jeff/tcc/robots/my_ws/build/my_robot
[1.420s] Level 1:colcon.colcon_core.environment:create_environment_scripts_only(my_car_simulation)
[1.422s] DEBUG:colcon.colcon_core.event_handler.log_command:Invoked command in '/home/jeff/tcc/robots/my_ws/build/my_car_simulation' returned '0': CMAKE_PREFIX_PATH=${CMAKE_PREFIX_PATH}:/home/jeff/tcc/robots/my_ws/install/simulation:/home/jeff/tcc/robots/my_ws/install/my_car_control_package:/home/jeff/tcc/robots/my_ws/install/controllers /usr/bin/cmake --install /home/jeff/tcc/robots/my_ws/build/my_car_simulation
[1.432s] Level 1:colcon.colcon_core.environment:checking '/home/jeff/tcc/robots/my_ws/install/my_car_simulation' for CMake module files
[1.433s] Level 1:colcon.colcon_core.environment:checking '/home/jeff/tcc/robots/my_ws/install/my_car_simulation' for CMake config files
[1.434s] Level 1:colcon.colcon_core.shell:create_environment_hook('my_car_simulation', 'cmake_prefix_path')
[1.436s] INFO:colcon.colcon_core.shell:Creating environment hook '/home/jeff/tcc/robots/my_ws/install/my_car_simulation/share/my_car_simulation/hook/cmake_prefix_path.ps1'
[1.437s] INFO:colcon.colcon_core.shell:Creating environment descriptor '/home/jeff/tcc/robots/my_ws/install/my_car_simulation/share/my_car_simulation/hook/cmake_prefix_path.dsv'
[1.437s] INFO:colcon.colcon_core.shell:Creating environment hook '/home/jeff/tcc/robots/my_ws/install/my_car_simulation/share/my_car_simulation/hook/cmake_prefix_path.sh'
[1.438s] Level 1:colcon.colcon_core.environment:checking '/home/jeff/tcc/robots/my_ws/install/my_car_simulation/bin'
[1.438s] Level 1:colcon.colcon_core.environment:checking '/home/jeff/tcc/robots/my_ws/install/my_car_simulation/lib/pkgconfig/my_car_simulation.pc'
[1.439s] Level 1:colcon.colcon_core.environment:checking '/home/jeff/tcc/robots/my_ws/install/my_car_simulation/lib/python3.10/site-packages'
[1.439s] Level 1:colcon.colcon_core.environment:checking '/home/jeff/tcc/robots/my_ws/install/my_car_simulation/bin'
[1.442s] INFO:colcon.colcon_core.shell:Creating package script '/home/jeff/tcc/robots/my_ws/install/my_car_simulation/share/my_car_simulation/package.ps1'
[1.443s] INFO:colcon.colcon_core.shell:Creating package descriptor '/home/jeff/tcc/robots/my_ws/install/my_car_simulation/share/my_car_simulation/package.dsv'
[1.444s] INFO:colcon.colcon_core.shell:Creating package script '/home/jeff/tcc/robots/my_ws/install/my_car_simulation/share/my_car_simulation/package.sh'
[1.445s] INFO:colcon.colcon_core.shell:Creating package script '/home/jeff/tcc/robots/my_ws/install/my_car_simulation/share/my_car_simulation/package.bash'
[1.447s] INFO:colcon.colcon_core.shell:Creating package script '/home/jeff/tcc/robots/my_ws/install/my_car_simulation/share/my_car_simulation/package.zsh'
[1.448s] Level 1:colcon.colcon_core.environment:create_file_with_runtime_dependencies(/home/jeff/tcc/robots/my_ws/install/my_car_simulation/share/colcon-core/packages/my_car_simulation)
[1.450s] Level 1:colcon.colcon_core.environment:create_environment_scripts_only(my_robot)
[1.454s] Level 1:colcon.colcon_core.environment:checking '/home/jeff/tcc/robots/my_ws/install/my_robot' for CMake module files
[1.455s] DEBUG:colcon.colcon_core.event_handler.log_command:Invoked command in '/home/jeff/tcc/robots/my_ws/build/my_robot' returned '0': CMAKE_PREFIX_PATH=${CMAKE_PREFIX_PATH}:/home/jeff/tcc/robots/my_ws/install/simulation:/home/jeff/tcc/robots/my_ws/install/my_car_control_package:/home/jeff/tcc/robots/my_ws/install/controllers /usr/bin/cmake --install /home/jeff/tcc/robots/my_ws/build/my_robot
[1.455s] Level 1:colcon.colcon_core.environment:checking '/home/jeff/tcc/robots/my_ws/install/my_robot' for CMake config files
[1.456s] Level 1:colcon.colcon_core.shell:create_environment_hook('my_robot', 'cmake_prefix_path')
[1.458s] INFO:colcon.colcon_core.shell:Creating environment hook '/home/jeff/tcc/robots/my_ws/install/my_robot/share/my_robot/hook/cmake_prefix_path.ps1'
[1.459s] INFO:colcon.colcon_core.shell:Creating environment descriptor '/home/jeff/tcc/robots/my_ws/install/my_robot/share/my_robot/hook/cmake_prefix_path.dsv'
[1.460s] INFO:colcon.colcon_core.shell:Creating environment hook '/home/jeff/tcc/robots/my_ws/install/my_robot/share/my_robot/hook/cmake_prefix_path.sh'
[1.460s] Level 1:colcon.colcon_core.environment:checking '/home/jeff/tcc/robots/my_ws/install/my_robot/bin'
[1.461s] Level 1:colcon.colcon_core.environment:checking '/home/jeff/tcc/robots/my_ws/install/my_robot/lib/pkgconfig/my_robot.pc'
[1.461s] Level 1:colcon.colcon_core.environment:checking '/home/jeff/tcc/robots/my_ws/install/my_robot/lib/python3.10/site-packages'
[1.461s] Level 1:colcon.colcon_core.environment:checking '/home/jeff/tcc/robots/my_ws/install/my_robot/bin'
[1.464s] INFO:colcon.colcon_core.shell:Creating package script '/home/jeff/tcc/robots/my_ws/install/my_robot/share/my_robot/package.ps1'
[1.465s] INFO:colcon.colcon_core.shell:Creating package descriptor '/home/jeff/tcc/robots/my_ws/install/my_robot/share/my_robot/package.dsv'
[1.466s] INFO:colcon.colcon_core.shell:Creating package script '/home/jeff/tcc/robots/my_ws/install/my_robot/share/my_robot/package.sh'
[1.466s] INFO:colcon.colcon_core.shell:Creating package script '/home/jeff/tcc/robots/my_ws/install/my_robot/share/my_robot/package.bash'
[1.467s] INFO:colcon.colcon_core.shell:Creating package script '/home/jeff/tcc/robots/my_ws/install/my_robot/share/my_robot/package.zsh'
[1.467s] Level 1:colcon.colcon_core.environment:create_file_with_runtime_dependencies(/home/jeff/tcc/robots/my_ws/install/my_robot/share/colcon-core/packages/my_robot)
[1.476s] Level 1:colcon.colcon_core.environment:create_environment_scripts_only(my_car_simulation)
[1.479s] Level 1:colcon.colcon_core.environment:checking '/home/jeff/tcc/robots/my_ws/install/my_car_simulation' for CMake module files
[1.480s] Level 1:colcon.colcon_core.environment:checking '/home/jeff/tcc/robots/my_ws/install/my_car_simulation' for CMake config files
[1.481s] Level 1:colcon.colcon_core.shell:create_environment_hook('my_car_simulation', 'cmake_prefix_path')
[1.483s] INFO:colcon.colcon_core.shell:Creating environment hook '/home/jeff/tcc/robots/my_ws/install/my_car_simulation/share/my_car_simulation/hook/cmake_prefix_path.ps1'
[1.484s] INFO:colcon.colcon_core.shell:Creating environment descriptor '/home/jeff/tcc/robots/my_ws/install/my_car_simulation/share/my_car_simulation/hook/cmake_prefix_path.dsv'
[1.485s] INFO:colcon.colcon_core.shell:Creating environment hook '/home/jeff/tcc/robots/my_ws/install/my_car_simulation/share/my_car_simulation/hook/cmake_prefix_path.sh'
[1.485s] Level 1:colcon.colcon_core.environment:checking '/home/jeff/tcc/robots/my_ws/install/my_car_simulation/bin'
[1.486s] Level 1:colcon.colcon_core.environment:checking '/home/jeff/tcc/robots/my_ws/install/my_car_simulation/lib/pkgconfig/my_car_simulation.pc'
[1.486s] Level 1:colcon.colcon_core.environment:checking '/home/jeff/tcc/robots/my_ws/install/my_car_simulation/lib/python3.10/site-packages'
[1.486s] Level 1:colcon.colcon_core.environment:checking '/home/jeff/tcc/robots/my_ws/install/my_car_simulation/bin'
[1.489s] INFO:colcon.colcon_core.shell:Creating package script '/home/jeff/tcc/robots/my_ws/install/my_car_simulation/share/my_car_simulation/package.ps1'
[1.490s] INFO:colcon.colcon_core.shell:Creating package descriptor '/home/jeff/tcc/robots/my_ws/install/my_car_simulation/share/my_car_simulation/package.dsv'
[1.491s] INFO:colcon.colcon_core.shell:Creating package script '/home/jeff/tcc/robots/my_ws/install/my_car_simulation/share/my_car_simulation/package.sh'
[1.492s] INFO:colcon.colcon_core.shell:Creating package script '/home/jeff/tcc/robots/my_ws/install/my_car_simulation/share/my_car_simulation/package.bash'
[1.493s] INFO:colcon.colcon_core.shell:Creating package script '/home/jeff/tcc/robots/my_ws/install/my_car_simulation/share/my_car_simulation/package.zsh'
[1.493s] Level 1:colcon.colcon_core.environment:create_file_with_runtime_dependencies(/home/jeff/tcc/robots/my_ws/install/my_car_simulation/share/colcon-core/packages/my_car_simulation)
[1.497s] Level 1:colcon.colcon_core.environment:create_environment_scripts_only(my_robot)
[1.500s] Level 1:colcon.colcon_core.environment:checking '/home/jeff/tcc/robots/my_ws/install/my_robot' for CMake module files
[1.502s] Level 1:colcon.colcon_core.environment:checking '/home/jeff/tcc/robots/my_ws/install/my_robot' for CMake config files
[1.502s] Level 1:colcon.colcon_core.shell:create_environment_hook('my_robot', 'cmake_prefix_path')
[1.504s] INFO:colcon.colcon_core.shell:Creating environment hook '/home/jeff/tcc/robots/my_ws/install/my_robot/share/my_robot/hook/cmake_prefix_path.ps1'
[1.504s] INFO:colcon.colcon_core.shell:Creating environment descriptor '/home/jeff/tcc/robots/my_ws/install/my_robot/share/my_robot/hook/cmake_prefix_path.dsv'
[1.505s] INFO:colcon.colcon_core.shell:Creating environment hook '/home/jeff/tcc/robots/my_ws/install/my_robot/share/my_robot/hook/cmake_prefix_path.sh'
[1.506s] Level 1:colcon.colcon_core.environment:checking '/home/jeff/tcc/robots/my_ws/install/my_robot/bin'
[1.506s] Level 1:colcon.colcon_core.environment:checking '/home/jeff/tcc/robots/my_ws/install/my_robot/lib/pkgconfig/my_robot.pc'
[1.506s] Level 1:colcon.colcon_core.environment:checking '/home/jeff/tcc/robots/my_ws/install/my_robot/lib/python3.10/site-packages'
[1.506s] Level 1:colcon.colcon_core.environment:checking '/home/jeff/tcc/robots/my_ws/install/my_robot/bin'
[1.508s] INFO:colcon.colcon_core.shell:Creating package script '/home/jeff/tcc/robots/my_ws/install/my_robot/share/my_robot/package.ps1'
[1.509s] INFO:colcon.colcon_core.shell:Creating package descriptor '/home/jeff/tcc/robots/my_ws/install/my_robot/share/my_robot/package.dsv'
[1.509s] INFO:colcon.colcon_core.shell:Creating package script '/home/jeff/tcc/robots/my_ws/install/my_robot/share/my_robot/package.sh'
[1.509s] INFO:colcon.colcon_core.shell:Creating package script '/home/jeff/tcc/robots/my_ws/install/my_robot/share/my_robot/package.bash'
[1.510s] INFO:colcon.colcon_core.shell:Creating package script '/home/jeff/tcc/robots/my_ws/install/my_robot/share/my_robot/package.zsh'
[1.510s] Level 1:colcon.colcon_core.environment:create_file_with_runtime_dependencies(/home/jeff/tcc/robots/my_ws/install/my_robot/share/colcon-core/packages/my_robot)
[1.770s] DEBUG:colcon.colcon_core.event_handler.log_command:Invoking command in '/home/jeff/tcc/robots/my_ws/src/controllers': PYTHONPATH=/home/jeff/tcc/robots/my_ws/build/controllers/prefix_override:/home/jeff/tcc/robots/my_ws/install/controllers/lib/python3.10/site-packages:${PYTHONPATH} /usr/bin/python3 setup.py egg_info --egg-base ../../build/controllers build --build-base /home/jeff/tcc/robots/my_ws/build/controllers/build install --record /home/jeff/tcc/robots/my_ws/build/controllers/install.log --single-version-externally-managed
[1.784s] DEBUG:colcon.colcon_core.event_handler.log_command:Invoking command in '/home/jeff/tcc/robots/my_ws/src/my_car_control_package': PYTHONPATH=/home/jeff/tcc/robots/my_ws/build/my_car_control_package/prefix_override:/home/jeff/tcc/robots/my_ws/install/my_car_control_package/lib/python3.10/site-packages:${PYTHONPATH} /usr/bin/python3 setup.py egg_info --egg-base ../../build/my_car_control_package build --build-base /home/jeff/tcc/robots/my_ws/build/my_car_control_package/build install --record /home/jeff/tcc/robots/my_ws/build/my_car_control_package/install.log --single-version-externally-managed
[1.798s] DEBUG:colcon.colcon_core.event_handler.log_command:Invoking command in '/home/jeff/tcc/robots/my_ws/src/simulation': PYTHONPATH=/home/jeff/tcc/robots/my_ws/build/simulation/prefix_override:/home/jeff/tcc/robots/my_ws/install/simulation/lib/python3.10/site-packages:${PYTHONPATH} /usr/bin/python3 setup.py egg_info --egg-base ../../build/simulation build --build-base /home/jeff/tcc/robots/my_ws/build/simulation/build install --record /home/jeff/tcc/robots/my_ws/build/simulation/install.log --single-version-externally-managed
[2.099s] Level 1:colcon.colcon_core.environment:checking '/home/jeff/tcc/robots/my_ws/install/controllers' for CMake module files
[2.100s] DEBUG:colcon.colcon_core.event_handler.log_command:Invoked command in '/home/jeff/tcc/robots/my_ws/src/controllers' returned '0': PYTHONPATH=/home/jeff/tcc/robots/my_ws/build/controllers/prefix_override:/home/jeff/tcc/robots/my_ws/install/controllers/lib/python3.10/site-packages:${PYTHONPATH} /usr/bin/python3 setup.py egg_info --egg-base ../../build/controllers build --build-base /home/jeff/tcc/robots/my_ws/build/controllers/build install --record /home/jeff/tcc/robots/my_ws/build/controllers/install.log --single-version-externally-managed
[2.101s] Level 1:colcon.colcon_core.environment:checking '/home/jeff/tcc/robots/my_ws/install/controllers' for CMake config files
[2.101s] Level 1:colcon.colcon_core.environment:checking '/home/jeff/tcc/robots/my_ws/install/controllers/lib'
[2.102s] Level 1:colcon.colcon_core.environment:checking '/home/jeff/tcc/robots/my_ws/install/controllers/bin'
[2.102s] Level 1:colcon.colcon_core.environment:checking '/home/jeff/tcc/robots/my_ws/install/controllers/lib/pkgconfig/controllers.pc'
[2.102s] Level 1:colcon.colcon_core.environment:checking '/home/jeff/tcc/robots/my_ws/install/controllers/lib/python3.10/site-packages'
[2.102s] Level 1:colcon.colcon_core.shell:create_environment_hook('controllers', 'pythonpath')
[2.104s] INFO:colcon.colcon_core.shell:Creating environment hook '/home/jeff/tcc/robots/my_ws/install/controllers/share/controllers/hook/pythonpath.ps1'
[2.104s] INFO:colcon.colcon_core.shell:Creating environment descriptor '/home/jeff/tcc/robots/my_ws/install/controllers/share/controllers/hook/pythonpath.dsv'
[2.104s] INFO:colcon.colcon_core.shell:Creating environment hook '/home/jeff/tcc/robots/my_ws/install/controllers/share/controllers/hook/pythonpath.sh'
[2.105s] Level 1:colcon.colcon_core.environment:checking '/home/jeff/tcc/robots/my_ws/install/controllers/bin'
[2.105s] Level 1:colcon.colcon_core.environment:create_environment_scripts_only(controllers)
[2.107s] INFO:colcon.colcon_core.shell:Creating package script '/home/jeff/tcc/robots/my_ws/install/controllers/share/controllers/package.ps1'
[2.107s] INFO:colcon.colcon_core.shell:Creating package descriptor '/home/jeff/tcc/robots/my_ws/install/controllers/share/controllers/package.dsv'
[2.108s] INFO:colcon.colcon_core.shell:Creating package script '/home/jeff/tcc/robots/my_ws/install/controllers/share/controllers/package.sh'
[2.109s] INFO:colcon.colcon_core.shell:Creating package script '/home/jeff/tcc/robots/my_ws/install/controllers/share/controllers/package.bash'
[2.109s] INFO:colcon.colcon_core.shell:Creating package script '/home/jeff/tcc/robots/my_ws/install/controllers/share/controllers/package.zsh'
[2.109s] Level 1:colcon.colcon_core.environment:create_file_with_runtime_dependencies(/home/jeff/tcc/robots/my_ws/install/controllers/share/colcon-core/packages/controllers)
[2.114s] Level 1:colcon.colcon_core.environment:checking '/home/jeff/tcc/robots/my_ws/install/my_car_control_package' for CMake module files
[2.114s] DEBUG:colcon.colcon_core.event_handler.log_command:Invoked command in '/home/jeff/tcc/robots/my_ws/src/my_car_control_package' returned '0': PYTHONPATH=/home/jeff/tcc/robots/my_ws/build/my_car_control_package/prefix_override:/home/jeff/tcc/robots/my_ws/install/my_car_control_package/lib/python3.10/site-packages:${PYTHONPATH} /usr/bin/python3 setup.py egg_info --egg-base ../../build/my_car_control_package build --build-base /home/jeff/tcc/robots/my_ws/build/my_car_control_package/build install --record /home/jeff/tcc/robots/my_ws/build/my_car_control_package/install.log --single-version-externally-managed
[2.114s] Level 1:colcon.colcon_core.environment:checking '/home/jeff/tcc/robots/my_ws/install/my_car_control_package' for CMake config files
[2.115s] Level 1:colcon.colcon_core.environment:checking '/home/jeff/tcc/robots/my_ws/install/my_car_control_package/lib'
[2.115s] Level 1:colcon.colcon_core.environment:checking '/home/jeff/tcc/robots/my_ws/install/my_car_control_package/bin'
[2.115s] Level 1:colcon.colcon_core.environment:checking '/home/jeff/tcc/robots/my_ws/install/my_car_control_package/lib/pkgconfig/my_car_control_package.pc'
[2.115s] Level 1:colcon.colcon_core.environment:checking '/home/jeff/tcc/robots/my_ws/install/my_car_control_package/lib/python3.10/site-packages'
[2.116s] Level 1:colcon.colcon_core.shell:create_environment_hook('my_car_control_package', 'pythonpath')
[2.117s] INFO:colcon.colcon_core.shell:Creating environment hook '/home/jeff/tcc/robots/my_ws/install/my_car_control_package/share/my_car_control_package/hook/pythonpath.ps1'
[2.117s] INFO:colcon.colcon_core.shell:Creating environment descriptor '/home/jeff/tcc/robots/my_ws/install/my_car_control_package/share/my_car_control_package/hook/pythonpath.dsv'
[2.118s] INFO:colcon.colcon_core.shell:Creating environment hook '/home/jeff/tcc/robots/my_ws/install/my_car_control_package/share/my_car_control_package/hook/pythonpath.sh'
[2.118s] Level 1:colcon.colcon_core.environment:checking '/home/jeff/tcc/robots/my_ws/install/my_car_control_package/bin'
[2.118s] Level 1:colcon.colcon_core.environment:create_environment_scripts_only(my_car_control_package)
[2.120s] INFO:colcon.colcon_core.shell:Creating package script '/home/jeff/tcc/robots/my_ws/install/my_car_control_package/share/my_car_control_package/package.ps1'
[2.121s] INFO:colcon.colcon_core.shell:Creating package descriptor '/home/jeff/tcc/robots/my_ws/install/my_car_control_package/share/my_car_control_package/package.dsv'
[2.121s] INFO:colcon.colcon_core.shell:Creating package script '/home/jeff/tcc/robots/my_ws/install/my_car_control_package/share/my_car_control_package/package.sh'
[2.122s] INFO:colcon.colcon_core.shell:Creating package script '/home/jeff/tcc/robots/my_ws/install/my_car_control_package/share/my_car_control_package/package.bash'
[2.122s] INFO:colcon.colcon_core.shell:Creating package script '/home/jeff/tcc/robots/my_ws/install/my_car_control_package/share/my_car_control_package/package.zsh'
[2.122s] Level 1:colcon.colcon_core.environment:create_file_with_runtime_dependencies(/home/jeff/tcc/robots/my_ws/install/my_car_control_package/share/colcon-core/packages/my_car_control_package)
[2.131s] Level 1:colcon.colcon_core.environment:checking '/home/jeff/tcc/robots/my_ws/install/simulation' for CMake module files
[2.132s] DEBUG:colcon.colcon_core.event_handler.log_command:Invoked command in '/home/jeff/tcc/robots/my_ws/src/simulation' returned '0': PYTHONPATH=/home/jeff/tcc/robots/my_ws/build/simulation/prefix_override:/home/jeff/tcc/robots/my_ws/install/simulation/lib/python3.10/site-packages:${PYTHONPATH} /usr/bin/python3 setup.py egg_info --egg-base ../../build/simulation build --build-base /home/jeff/tcc/robots/my_ws/build/simulation/build install --record /home/jeff/tcc/robots/my_ws/build/simulation/install.log --single-version-externally-managed
[2.132s] Level 1:colcon.colcon_core.environment:checking '/home/jeff/tcc/robots/my_ws/install/simulation' for CMake config files
[2.133s] Level 1:colcon.colcon_core.environment:checking '/home/jeff/tcc/robots/my_ws/install/simulation/lib'
[2.133s] Level 1:colcon.colcon_core.environment:checking '/home/jeff/tcc/robots/my_ws/install/simulation/bin'
[2.133s] Level 1:colcon.colcon_core.environment:checking '/home/jeff/tcc/robots/my_ws/install/simulation/lib/pkgconfig/simulation.pc'
[2.133s] Level 1:colcon.colcon_core.environment:checking '/home/jeff/tcc/robots/my_ws/install/simulation/lib/python3.10/site-packages'
[2.133s] Level 1:colcon.colcon_core.shell:create_environment_hook('simulation', 'pythonpath')
[2.135s] INFO:colcon.colcon_core.shell:Creating environment hook '/home/jeff/tcc/robots/my_ws/install/simulation/share/simulation/hook/pythonpath.ps1'
[2.135s] INFO:colcon.colcon_core.shell:Creating environment descriptor '/home/jeff/tcc/robots/my_ws/install/simulation/share/simulation/hook/pythonpath.dsv'
[2.135s] INFO:colcon.colcon_core.shell:Creating environment hook '/home/jeff/tcc/robots/my_ws/install/simulation/share/simulation/hook/pythonpath.sh'
[2.136s] Level 1:colcon.colcon_core.environment:checking '/home/jeff/tcc/robots/my_ws/install/simulation/bin'
[2.136s] Level 1:colcon.colcon_core.environment:create_environment_scripts_only(simulation)
[2.137s] INFO:colcon.colcon_core.shell:Creating package script '/home/jeff/tcc/robots/my_ws/install/simulation/share/simulation/package.ps1'
[2.138s] INFO:colcon.colcon_core.shell:Creating package descriptor '/home/jeff/tcc/robots/my_ws/install/simulation/share/simulation/package.dsv'
[2.138s] INFO:colcon.colcon_core.shell:Creating package script '/home/jeff/tcc/robots/my_ws/install/simulation/share/simulation/package.sh'
[2.139s] INFO:colcon.colcon_core.shell:Creating package script '/home/jeff/tcc/robots/my_ws/install/simulation/share/simulation/package.bash'
[2.139s] INFO:colcon.colcon_core.shell:Creating package script '/home/jeff/tcc/robots/my_ws/install/simulation/share/simulation/package.zsh'
[2.139s] Level 1:colcon.colcon_core.environment:create_file_with_runtime_dependencies(/home/jeff/tcc/robots/my_ws/install/simulation/share/colcon-core/packages/simulation)
[2.140s] DEBUG:colcon.colcon_parallel_executor.executor.parallel:closing loop
[2.140s] DEBUG:colcon.colcon_parallel_executor.executor.parallel:loop closed
[2.140s] DEBUG:colcon.colcon_parallel_executor.executor.parallel:run_until_complete finished with '0'
[2.140s] DEBUG:colcon.colcon_core.event_reactor:joining thread
[2.146s] INFO:colcon.colcon_core.plugin_system:Skipping extension 'colcon_notification.desktop_notification.terminal_notifier': Not used on non-Darwin systems
[2.146s] INFO:colcon.colcon_core.plugin_system:Skipping extension 'colcon_notification.desktop_notification.win32': Not used on non-Windows systems
[2.146s] INFO:colcon.colcon_notification.desktop_notification:Sending desktop notification using 'notify2'
[2.157s] DEBUG:colcon.colcon_core.event_reactor:joined thread
[2.159s] INFO:colcon.colcon_core.shell:Creating prefix script '/home/jeff/tcc/robots/my_ws/install/local_setup.ps1'
[2.160s] INFO:colcon.colcon_core.shell:Creating prefix util module '/home/jeff/tcc/robots/my_ws/install/_local_setup_util_ps1.py'
[2.161s] INFO:colcon.colcon_core.shell:Creating prefix chain script '/home/jeff/tcc/robots/my_ws/install/setup.ps1'
[2.163s] INFO:colcon.colcon_core.shell:Creating prefix script '/home/jeff/tcc/robots/my_ws/install/local_setup.sh'
[2.164s] INFO:colcon.colcon_core.shell:Creating prefix util module '/home/jeff/tcc/robots/my_ws/install/_local_setup_util_sh.py'
[2.165s] INFO:colcon.colcon_core.shell:Creating prefix chain script '/home/jeff/tcc/robots/my_ws/install/setup.sh'
[2.166s] INFO:colcon.colcon_core.shell:Creating prefix script '/home/jeff/tcc/robots/my_ws/install/local_setup.bash'
[2.167s] INFO:colcon.colcon_core.shell:Creating prefix chain script '/home/jeff/tcc/robots/my_ws/install/setup.bash'
[2.169s] INFO:colcon.colcon_core.shell:Creating prefix script '/home/jeff/tcc/robots/my_ws/install/local_setup.zsh'
[2.169s] INFO:colcon.colcon_core.shell:Creating prefix chain script '/home/jeff/tcc/robots/my_ws/install/setup.zsh'
