[1.281s] Invoking command in '/home/jeff/tcc/robots/my_ws/src/controllers': PYTHONPATH=/home/jeff/tcc/robots/my_ws/build/controllers/prefix_override:/home/jeff/tcc/robots/my_ws/install/controllers/lib/python3.10/site-packages:${PYTHONPATH} /usr/bin/python3 setup.py egg_info --egg-base ../../build/controllers build --build-base /home/jeff/tcc/robots/my_ws/build/controllers/build install --record /home/jeff/tcc/robots/my_ws/build/controllers/install.log --single-version-externally-managed
[1.536s] running egg_info
[1.536s] writing ../../build/controllers/controllers.egg-info/PKG-INFO
[1.536s] writing dependency_links to ../../build/controllers/controllers.egg-info/dependency_links.txt
[1.536s] writing entry points to ../../build/controllers/controllers.egg-info/entry_points.txt
[1.537s] writing requirements to ../../build/controllers/controllers.egg-info/requires.txt
[1.537s] writing top-level names to ../../build/controllers/controllers.egg-info/top_level.txt
[1.539s] reading manifest file '../../build/controllers/controllers.egg-info/SOURCES.txt'
[1.540s] writing manifest file '../../build/controllers/controllers.egg-info/SOURCES.txt'
[1.541s] running build
[1.541s] running build_py
[1.541s] running install
[1.541s] /usr/lib/python3/dist-packages/setuptools/command/install.py:34: SetuptoolsDeprecationWarning: setup.py install is deprecated. Use build and pip and other standards-based tools.
[1.542s]   warnings.warn(
[1.542s] running install_lib
[1.544s] running install_data
[1.544s] running install_egg_info
[1.547s] removing '/home/jeff/tcc/robots/my_ws/install/controllers/lib/python3.10/site-packages/controllers-0.0.0-py3.10.egg-info' (and everything under it)
[1.547s] Copying ../../build/controllers/controllers.egg-info to /home/jeff/tcc/robots/my_ws/install/controllers/lib/python3.10/site-packages/controllers-0.0.0-py3.10.egg-info
[1.548s] running install_scripts
[1.577s] Installing my_node script to /home/jeff/tcc/robots/my_ws/install/controllers/lib/controllers
[1.577s] writing list of installed files to '/home/jeff/tcc/robots/my_ws/build/controllers/install.log'
[1.611s] Invoked command in '/home/jeff/tcc/robots/my_ws/src/controllers' returned '0': PYTHONPATH=/home/jeff/tcc/robots/my_ws/build/controllers/prefix_override:/home/jeff/tcc/robots/my_ws/install/controllers/lib/python3.10/site-packages:${PYTHONPATH} /usr/bin/python3 setup.py egg_info --egg-base ../../build/controllers build --build-base /home/jeff/tcc/robots/my_ws/build/controllers/build install --record /home/jeff/tcc/robots/my_ws/build/controllers/install.log --single-version-externally-managed
