[1.282s] Invoking command in '/home/jeff/tcc/robots/my_ws/src/my_car_control_package': PYTHONPATH=/home/jeff/tcc/robots/my_ws/build/my_car_control_package/prefix_override:/home/jeff/tcc/robots/my_ws/install/my_car_control_package/lib/python3.10/site-packages:${PYTHONPATH} /usr/bin/python3 setup.py egg_info --egg-base ../../build/my_car_control_package build --build-base /home/jeff/tcc/robots/my_ws/build/my_car_control_package/build install --record /home/jeff/tcc/robots/my_ws/build/my_car_control_package/install.log --single-version-externally-managed
[1.541s] running egg_info
[1.542s] writing ../../build/my_car_control_package/my_car_control_package.egg-info/PKG-INFO
[1.542s] writing dependency_links to ../../build/my_car_control_package/my_car_control_package.egg-info/dependency_links.txt
[1.543s] writing entry points to ../../build/my_car_control_package/my_car_control_package.egg-info/entry_points.txt
[1.543s] writing requirements to ../../build/my_car_control_package/my_car_control_package.egg-info/requires.txt
[1.543s] writing top-level names to ../../build/my_car_control_package/my_car_control_package.egg-info/top_level.txt
[1.546s] reading manifest file '../../build/my_car_control_package/my_car_control_package.egg-info/SOURCES.txt'
[1.548s] writing manifest file '../../build/my_car_control_package/my_car_control_package.egg-info/SOURCES.txt'
[1.548s] running build
[1.548s] running build_py
[1.548s] running install
[1.548s] /usr/lib/python3/dist-packages/setuptools/command/install.py:34: SetuptoolsDeprecationWarning: setup.py install is deprecated. Use build and pip and other standards-based tools.
[1.548s]   warnings.warn(
[1.549s] running install_lib
[1.550s] running install_data
[1.551s] running install_egg_info
[1.552s] removing '/home/jeff/tcc/robots/my_ws/install/my_car_control_package/lib/python3.10/site-packages/my_car_control_package-0.0.0-py3.10.egg-info' (and everything under it)
[1.553s] Copying ../../build/my_car_control_package/my_car_control_package.egg-info to /home/jeff/tcc/robots/my_ws/install/my_car_control_package/lib/python3.10/site-packages/my_car_control_package-0.0.0-py3.10.egg-info
[1.554s] running install_scripts
[1.580s] writing list of installed files to '/home/jeff/tcc/robots/my_ws/build/my_car_control_package/install.log'
[1.612s] Invoked command in '/home/jeff/tcc/robots/my_ws/src/my_car_control_package' returned '0': PYTHONPATH=/home/jeff/tcc/robots/my_ws/build/my_car_control_package/prefix_override:/home/jeff/tcc/robots/my_ws/install/my_car_control_package/lib/python3.10/site-packages:${PYTHONPATH} /usr/bin/python3 setup.py egg_info --egg-base ../../build/my_car_control_package build --build-base /home/jeff/tcc/robots/my_ws/build/my_car_control_package/build install --record /home/jeff/tcc/robots/my_ws/build/my_car_control_package/install.log --single-version-externally-managed
