[0.696s] Invoking command in '/home/ti/tcc/robots/ros2_ws/src/my_robot_controller': PYTHONPATH=/home/ti/tcc/robots/ros2_ws/build/my_robot_controller/prefix_override:/home/ti/tcc/robots/ros2_ws/install/my_robot_controller/lib/python3.10/site-packages:${PYTHONPATH} /usr/bin/python3 setup.py egg_info --egg-base ../../build/my_robot_controller build --build-base /home/ti/tcc/robots/ros2_ws/build/my_robot_controller/build install --record /home/ti/tcc/robots/ros2_ws/build/my_robot_controller/install.log --single-version-externally-managed
[0.931s] running egg_info
[0.931s] creating ../../build/my_robot_controller/my_robot_controller.egg-info
[0.932s] writing ../../build/my_robot_controller/my_robot_controller.egg-info/PKG-INFO
[0.932s] writing dependency_links to ../../build/my_robot_controller/my_robot_controller.egg-info/dependency_links.txt
[0.933s] writing entry points to ../../build/my_robot_controller/my_robot_controller.egg-info/entry_points.txt
[0.933s] writing requirements to ../../build/my_robot_controller/my_robot_controller.egg-info/requires.txt
[0.933s] writing top-level names to ../../build/my_robot_controller/my_robot_controller.egg-info/top_level.txt
[0.934s] writing manifest file '../../build/my_robot_controller/my_robot_controller.egg-info/SOURCES.txt'
[0.936s] reading manifest file '../../build/my_robot_controller/my_robot_controller.egg-info/SOURCES.txt'
[0.936s] writing manifest file '../../build/my_robot_controller/my_robot_controller.egg-info/SOURCES.txt'
[0.936s] running build
[0.937s] running build_py
[0.937s] creating /home/ti/tcc/robots/ros2_ws/build/my_robot_controller/build
[0.937s] creating /home/ti/tcc/robots/ros2_ws/build/my_robot_controller/build/lib
[0.937s] creating /home/ti/tcc/robots/ros2_ws/build/my_robot_controller/build/lib/my_robot_controller
[0.938s] copying my_robot_controller/__init__.py -> /home/ti/tcc/robots/ros2_ws/build/my_robot_controller/build/lib/my_robot_controller
[0.938s] running install
[0.944s] /usr/lib/python3/dist-packages/setuptools/command/install.py:34: SetuptoolsDeprecationWarning: setup.py install is deprecated. Use build and pip and other standards-based tools.
[0.945s]   warnings.warn(
[0.945s] running install_lib
[0.946s] creating /home/ti/tcc/robots/ros2_ws/install/my_robot_controller/lib/python3.10/site-packages/my_robot_controller
[0.946s] copying /home/ti/tcc/robots/ros2_ws/build/my_robot_controller/build/lib/my_robot_controller/__init__.py -> /home/ti/tcc/robots/ros2_ws/install/my_robot_controller/lib/python3.10/site-packages/my_robot_controller
[0.946s] byte-compiling /home/ti/tcc/robots/ros2_ws/install/my_robot_controller/lib/python3.10/site-packages/my_robot_controller/__init__.py to __init__.cpython-310.pyc
[0.947s] running install_data
[0.947s] creating /home/ti/tcc/robots/ros2_ws/install/my_robot_controller/share/ament_index
[0.947s] creating /home/ti/tcc/robots/ros2_ws/install/my_robot_controller/share/ament_index/resource_index
[0.948s] creating /home/ti/tcc/robots/ros2_ws/install/my_robot_controller/share/ament_index/resource_index/packages
[0.948s] copying resource/my_robot_controller -> /home/ti/tcc/robots/ros2_ws/install/my_robot_controller/share/ament_index/resource_index/packages
[0.948s] copying package.xml -> /home/ti/tcc/robots/ros2_ws/install/my_robot_controller/share/my_robot_controller
[0.948s] running install_egg_info
[0.950s] Copying ../../build/my_robot_controller/my_robot_controller.egg-info to /home/ti/tcc/robots/ros2_ws/install/my_robot_controller/lib/python3.10/site-packages/my_robot_controller-0.0.0-py3.10.egg-info
[0.951s] running install_scripts
[0.971s] writing list of installed files to '/home/ti/tcc/robots/ros2_ws/build/my_robot_controller/install.log'
[1.002s] Invoked command in '/home/ti/tcc/robots/ros2_ws/src/my_robot_controller' returned '0': PYTHONPATH=/home/ti/tcc/robots/ros2_ws/build/my_robot_controller/prefix_override:/home/ti/tcc/robots/ros2_ws/install/my_robot_controller/lib/python3.10/site-packages:${PYTHONPATH} /usr/bin/python3 setup.py egg_info --egg-base ../../build/my_robot_controller build --build-base /home/ti/tcc/robots/ros2_ws/build/my_robot_controller/build install --record /home/ti/tcc/robots/ros2_ws/build/my_robot_controller/install.log --single-version-externally-managed
