[0.766s] Invoking command in '/home/ti/tcc/robots/ros2_ws/src/my_robot_controller': PYTHONPATH=/home/ti/tcc/robots/ros2_ws/build/my_robot_controller/prefix_override:/home/ti/tcc/robots/ros2_ws/install/my_robot_controller/lib/python3.10/site-packages:${PYTHONPATH} /usr/bin/python3 setup.py egg_info --egg-base ../../build/my_robot_controller build --build-base /home/ti/tcc/robots/ros2_ws/build/my_robot_controller/build install --record /home/ti/tcc/robots/ros2_ws/build/my_robot_controller/install.log --single-version-externally-managed
[1.019s] running egg_info
[1.019s] writing ../../build/my_robot_controller/my_robot_controller.egg-info/PKG-INFO
[1.020s] writing dependency_links to ../../build/my_robot_controller/my_robot_controller.egg-info/dependency_links.txt
[1.020s] writing entry points to ../../build/my_robot_controller/my_robot_controller.egg-info/entry_points.txt
[1.020s] writing requirements to ../../build/my_robot_controller/my_robot_controller.egg-info/requires.txt
[1.020s] writing top-level names to ../../build/my_robot_controller/my_robot_controller.egg-info/top_level.txt
[1.022s] reading manifest file '../../build/my_robot_controller/my_robot_controller.egg-info/SOURCES.txt'
[1.024s] writing manifest file '../../build/my_robot_controller/my_robot_controller.egg-info/SOURCES.txt'
[1.024s] running build
[1.025s] running build_py
[1.025s] copying my_robot_controller/my_first_node.py -> /home/ti/tcc/robots/ros2_ws/build/my_robot_controller/build/lib/my_robot_controller
[1.025s] running install
[1.025s] running install_lib
[1.026s] copying /home/ti/tcc/robots/ros2_ws/build/my_robot_controller/build/lib/my_robot_controller/my_first_node.py -> /home/ti/tcc/robots/ros2_ws/install/my_robot_controller/lib/python3.10/site-packages/my_robot_controller
[1.027s] byte-compiling /home/ti/tcc/robots/ros2_ws/install/my_robot_controller/lib/python3.10/site-packages/my_robot_controller/my_first_node.py to my_first_node.cpython-310.pyc
[1.027s] running install_data
[1.033s] running install_egg_info
[1.033s] removing '/home/ti/tcc/robots/ros2_ws/install/my_robot_controller/lib/python3.10/site-packages/my_robot_controller-0.0.0-py3.10.egg-info' (and everything under it)
[1.033s] Copying ../../build/my_robot_controller/my_robot_controller.egg-info to /home/ti/tcc/robots/ros2_ws/install/my_robot_controller/lib/python3.10/site-packages/my_robot_controller-0.0.0-py3.10.egg-info
[1.034s] running install_scripts
[1.053s] writing list of installed files to '/home/ti/tcc/robots/ros2_ws/build/my_robot_controller/install.log'
[1.091s] Invoked command in '/home/ti/tcc/robots/ros2_ws/src/my_robot_controller' returned '0': PYTHONPATH=/home/ti/tcc/robots/ros2_ws/build/my_robot_controller/prefix_override:/home/ti/tcc/robots/ros2_ws/install/my_robot_controller/lib/python3.10/site-packages:${PYTHONPATH} /usr/bin/python3 setup.py egg_info --egg-base ../../build/my_robot_controller build --build-base /home/ti/tcc/robots/ros2_ws/build/my_robot_controller/build install --record /home/ti/tcc/robots/ros2_ws/build/my_robot_controller/install.log --single-version-externally-managed
