[0.012s] Invoking command in '/home/jeff/tcc/robots/my_ws/build/my_car_simulation': CMAKE_PREFIX_PATH=/opt/ros/humble /usr/bin/cmake /home/jeff/tcc/robots/my_ws/src/my_car_simulation -DCMAKE_INSTALL_PREFIX=/home/jeff/tcc/robots/my_ws/install/my_car_simulation
[0.067s] -- The C compiler identification is GNU 11.4.0
[0.128s] -- The CXX compiler identification is GNU 11.4.0
[0.135s] -- Detecting C compiler ABI info
[0.205s] -- Detecting C compiler ABI info - done
[0.213s] -- Check for working C compiler: /usr/bin/cc - skipped
[0.213s] -- Detecting C compile features
[0.213s] -- Detecting C compile features - done
[0.216s] -- Detecting CXX compiler ABI info
[0.298s] -- Detecting CXX compiler ABI info - done
[0.306s] -- Check for working CXX compiler: /usr/bin/c++ - skipped
[0.306s] -- Detecting CXX compile features
[0.307s] -- Detecting CXX compile features - done
[0.309s] -- Found ament_cmake: 1.3.5 (/opt/ros/humble/share/ament_cmake/cmake)
[0.487s] -- Found Python3: /usr/bin/python3.10 (found version "3.10.12") found components: Interpreter 
[0.573s] -- Found ament_lint_auto: 0.12.7 (/opt/ros/humble/share/ament_lint_auto/cmake)
[0.651s] -- Added test 'flake8' to check Python code syntax and style conventions
[0.652s] -- Added test 'lint_cmake' to check CMake code style
[0.652s] -- Added test 'pep257' to check Python code against some of the docstring style conventions in PEP 257
[0.653s] -- Added test 'xmllint' to check XML markup files
[0.655s] -- Configuring done
[0.658s] -- Generating done
[0.659s] -- Build files have been written to: /home/jeff/tcc/robots/my_ws/build/my_car_simulation
[0.664s] Invoked command in '/home/jeff/tcc/robots/my_ws/build/my_car_simulation' returned '0': CMAKE_PREFIX_PATH=/opt/ros/humble /usr/bin/cmake /home/jeff/tcc/robots/my_ws/src/my_car_simulation -DCMAKE_INSTALL_PREFIX=/home/jeff/tcc/robots/my_ws/install/my_car_simulation
[0.666s] Invoking command in '/home/jeff/tcc/robots/my_ws/build/my_car_simulation': CMAKE_PREFIX_PATH=/opt/ros/humble /usr/bin/cmake --build /home/jeff/tcc/robots/my_ws/build/my_car_simulation -- -j8 -l8
[0.705s] Invoked command in '/home/jeff/tcc/robots/my_ws/build/my_car_simulation' returned '0': CMAKE_PREFIX_PATH=/opt/ros/humble /usr/bin/cmake --build /home/jeff/tcc/robots/my_ws/build/my_car_simulation -- -j8 -l8
[0.738s] Invoking command in '/home/jeff/tcc/robots/my_ws/build/my_car_simulation': CMAKE_PREFIX_PATH=/opt/ros/humble /usr/bin/cmake --install /home/jeff/tcc/robots/my_ws/build/my_car_simulation
[0.745s] -- Install configuration: ""
[0.746s] -- Installing: /home/jeff/tcc/robots/my_ws/install/my_car_simulation/share/ament_index/resource_index/package_run_dependencies/my_car_simulation
[0.746s] -- Installing: /home/jeff/tcc/robots/my_ws/install/my_car_simulation/share/ament_index/resource_index/parent_prefix_path/my_car_simulation
[0.746s] -- Installing: /home/jeff/tcc/robots/my_ws/install/my_car_simulation/share/my_car_simulation/environment/ament_prefix_path.sh
[0.746s] -- Installing: /home/jeff/tcc/robots/my_ws/install/my_car_simulation/share/my_car_simulation/environment/ament_prefix_path.dsv
[0.747s] -- Installing: /home/jeff/tcc/robots/my_ws/install/my_car_simulation/share/my_car_simulation/environment/path.sh
[0.747s] -- Installing: /home/jeff/tcc/robots/my_ws/install/my_car_simulation/share/my_car_simulation/environment/path.dsv
[0.747s] -- Installing: /home/jeff/tcc/robots/my_ws/install/my_car_simulation/share/my_car_simulation/local_setup.bash
[0.747s] -- Installing: /home/jeff/tcc/robots/my_ws/install/my_car_simulation/share/my_car_simulation/local_setup.sh
[0.747s] -- Installing: /home/jeff/tcc/robots/my_ws/install/my_car_simulation/share/my_car_simulation/local_setup.zsh
[0.747s] -- Installing: /home/jeff/tcc/robots/my_ws/install/my_car_simulation/share/my_car_simulation/local_setup.dsv
[0.747s] -- Installing: /home/jeff/tcc/robots/my_ws/install/my_car_simulation/share/my_car_simulation/package.dsv
[0.747s] -- Installing: /home/jeff/tcc/robots/my_ws/install/my_car_simulation/share/ament_index/resource_index/packages/my_car_simulation
[0.748s] -- Installing: /home/jeff/tcc/robots/my_ws/install/my_car_simulation/share/my_car_simulation/cmake/my_car_simulationConfig.cmake
[0.748s] -- Installing: /home/jeff/tcc/robots/my_ws/install/my_car_simulation/share/my_car_simulation/cmake/my_car_simulationConfig-version.cmake
[0.748s] -- Installing: /home/jeff/tcc/robots/my_ws/install/my_car_simulation/share/my_car_simulation/package.xml
[0.751s] Invoked command in '/home/jeff/tcc/robots/my_ws/build/my_car_simulation' returned '0': CMAKE_PREFIX_PATH=/opt/ros/humble /usr/bin/cmake --install /home/jeff/tcc/robots/my_ws/build/my_car_simulation
