/home/jeff/tcc/robots/bot_ws/install/my_bot/lib/python3.10/site-packages/my_bot/collision_avoidance_bkp.py
/home/jeff/tcc/robots/bot_ws/install/my_bot/lib/python3.10/site-packages/my_bot/collision_avoidance.py
/home/jeff/tcc/robots/bot_ws/install/my_bot/lib/python3.10/site-packages/my_bot/__init__.py
/home/jeff/tcc/robots/bot_ws/install/my_bot/lib/python3.10/site-packages/my_bot/controller.py
/home/jeff/tcc/robots/bot_ws/install/my_bot/lib/python3.10/site-packages/my_bot/lanefollowing.py
/home/jeff/tcc/robots/bot_ws/install/my_bot/lib/python3.10/site-packages/utils/__init__.py
/home/jeff/tcc/robots/bot_ws/install/my_bot/lib/python3.10/site-packages/utils/bridge.py
/home/jeff/tcc/robots/bot_ws/install/my_bot/lib/python3.10/site-packages/utils/robo.py
/home/jeff/tcc/robots/bot_ws/install/my_bot/lib/python3.10/site-packages/utils/state.py
/home/jeff/tcc/robots/bot_ws/install/my_bot/lib/python3.10/site-packages/utils/util.py
/home/jeff/tcc/robots/bot_ws/install/my_bot/lib/python3.10/site-packages/my_bot/__pycache__/collision_avoidance_bkp.cpython-310.pyc
/home/jeff/tcc/robots/bot_ws/install/my_bot/lib/python3.10/site-packages/my_bot/__pycache__/collision_avoidance.cpython-310.pyc
/home/jeff/tcc/robots/bot_ws/install/my_bot/lib/python3.10/site-packages/my_bot/__pycache__/__init__.cpython-310.pyc
/home/jeff/tcc/robots/bot_ws/install/my_bot/lib/python3.10/site-packages/my_bot/__pycache__/controller.cpython-310.pyc
/home/jeff/tcc/robots/bot_ws/install/my_bot/lib/python3.10/site-packages/my_bot/__pycache__/lanefollowing.cpython-310.pyc
/home/jeff/tcc/robots/bot_ws/install/my_bot/lib/python3.10/site-packages/utils/__pycache__/__init__.cpython-310.pyc
/home/jeff/tcc/robots/bot_ws/install/my_bot/lib/python3.10/site-packages/utils/__pycache__/bridge.cpython-310.pyc
/home/jeff/tcc/robots/bot_ws/install/my_bot/lib/python3.10/site-packages/utils/__pycache__/robo.cpython-310.pyc
/home/jeff/tcc/robots/bot_ws/install/my_bot/lib/python3.10/site-packages/utils/__pycache__/state.cpython-310.pyc
/home/jeff/tcc/robots/bot_ws/install/my_bot/lib/python3.10/site-packages/utils/__pycache__/util.cpython-310.pyc
/home/jeff/tcc/robots/bot_ws/install/my_bot/share/ament_index/resource_index/packages/my_bot
/home/jeff/tcc/robots/bot_ws/install/my_bot/share/my_bot/package.xml
/home/jeff/tcc/robots/bot_ws/install/my_bot/share/my_bot/models/wall_2x5m_/model.config
/home/jeff/tcc/robots/bot_ws/install/my_bot/share/my_bot/models/wall_2x5m_/model.sdf
/home/jeff/tcc/robots/bot_ws/install/my_bot/share/my_bot/models/maze/model.config
/home/jeff/tcc/robots/bot_ws/install/my_bot/share/my_bot/models/maze/model.sdf
/home/jeff/tcc/robots/bot_ws/install/my_bot/share/my_bot/models/imu/model.config
/home/jeff/tcc/robots/bot_ws/install/my_bot/share/my_bot/models/imu/model.sdf
/home/jeff/tcc/robots/bot_ws/install/my_bot/share/my_bot/models/car_bot/model.config
/home/jeff/tcc/robots/bot_ws/install/my_bot/share/my_bot/models/car_bot/model.sdf
/home/jeff/tcc/robots/bot_ws/install/my_bot/share/my_bot/models/wall_2x5m/model.config
/home/jeff/tcc/robots/bot_ws/install/my_bot/share/my_bot/models/wall_2x5m/model.sdf
/home/jeff/tcc/robots/bot_ws/install/my_bot/share/my_bot/launch/diff_drive.launch.py
/home/jeff/tcc/robots/bot_ws/install/my_bot/share/my_bot/launch/play.launch.py
/home/jeff/tcc/robots/bot_ws/install/my_bot/share/my_bot/launch/readme.md
/home/jeff/tcc/robots/bot_ws/install/my_bot/share/my_bot/launch/world.launch.py
/home/jeff/tcc/robots/bot_ws/install/my_bot/share/my_bot/worlds/1world_my.world
/home/jeff/tcc/robots/bot_ws/install/my_bot/share/my_bot/worlds/world_my.world
/home/jeff/tcc/robots/bot_ws/install/my_bot/share/my_bot/worlds/2world_my.world
/home/jeff/tcc/robots/bot_ws/install/my_bot/share/my_bot/worlds/world.sdf
/home/jeff/tcc/robots/bot_ws/install/my_bot/share/my_bot/worlds/world copy.sdf
/home/jeff/tcc/robots/bot_ws/install/my_bot/share/my_bot/worlds/meshes/roda_direita_link.stl
/home/jeff/tcc/robots/bot_ws/install/my_bot/share/my_bot/worlds/meshes/chassis_link.stl
/home/jeff/tcc/robots/bot_ws/install/my_bot/share/my_bot/worlds/meshes/base_castor_link.stl
/home/jeff/tcc/robots/bot_ws/install/my_bot/share/my_bot/worlds/meshes/roda_castor_link.stl
/home/jeff/tcc/robots/bot_ws/install/my_bot/share/my_bot/worlds/meshes/roda_esquerda_link.stl
/home/jeff/tcc/robots/bot_ws/install/my_bot/share/my_bot/my_bot/collision_avoidance_bkp.py
/home/jeff/tcc/robots/bot_ws/install/my_bot/share/my_bot/my_bot/collision_avoidance.py
/home/jeff/tcc/robots/bot_ws/install/my_bot/share/my_bot/my_bot/__init__.py
/home/jeff/tcc/robots/bot_ws/install/my_bot/share/my_bot/my_bot/controller.py
/home/jeff/tcc/robots/bot_ws/install/my_bot/share/my_bot/my_bot/lanefollowing.py
/home/jeff/tcc/robots/bot_ws/install/my_bot/lib/python3.10/site-packages/my_bot-0.0.0-py3.10.egg-info/dependency_links.txt
/home/jeff/tcc/robots/bot_ws/install/my_bot/lib/python3.10/site-packages/my_bot-0.0.0-py3.10.egg-info/entry_points.txt
/home/jeff/tcc/robots/bot_ws/install/my_bot/lib/python3.10/site-packages/my_bot-0.0.0-py3.10.egg-info/requires.txt
/home/jeff/tcc/robots/bot_ws/install/my_bot/lib/python3.10/site-packages/my_bot-0.0.0-py3.10.egg-info/PKG-INFO
/home/jeff/tcc/robots/bot_ws/install/my_bot/lib/python3.10/site-packages/my_bot-0.0.0-py3.10.egg-info/zip-safe
/home/jeff/tcc/robots/bot_ws/install/my_bot/lib/python3.10/site-packages/my_bot-0.0.0-py3.10.egg-info/top_level.txt
/home/jeff/tcc/robots/bot_ws/install/my_bot/lib/python3.10/site-packages/my_bot-0.0.0-py3.10.egg-info/SOURCES.txt
/home/jeff/tcc/robots/bot_ws/install/my_bot/lib/my_bot/collision_avoidance
/home/jeff/tcc/robots/bot_ws/install/my_bot/lib/my_bot/controller
