[0.323s] DEBUG:colcon:Command line arguments: ['/usr/bin/colcon', 'build', '--packages-select', 'my_car_simulation']
[0.323s] DEBUG:colcon:Parsed command line arguments: Namespace(log_base=None, log_level=None, verb_name='build', build_base='build', install_base='install', merge_install=False, symlink_install=False, test_result_base=None, continue_on_error=False, executor='parallel', parallel_workers=8, event_handlers=None, ignore_user_meta=False, metas=['./colcon.meta'], base_paths=['.'], packages_ignore=None, packages_ignore_regex=None, paths=None, packages_up_to=None, packages_up_to_regex=None, packages_above=None, packages_above_and_dependencies=None, packages_above_depth=None, packages_select_by_dep=None, packages_skip_by_dep=None, packages_skip_up_to=None, packages_select_build_failed=False, packages_skip_build_finished=False, packages_select_test_failures=False, packages_skip_test_passed=False, packages_select=['my_car_simulation'], packages_skip=None, packages_select_regex=None, packages_skip_regex=None, packages_start=None, packages_end=None, allow_overriding=[], cmake_args=None, cmake_target=None, cmake_target_skip_unavailable=False, cmake_clean_cache=False, cmake_clean_first=False, cmake_force_configure=False, ament_cmake_args=None, catkin_cmake_args=None, catkin_skip_building_tests=False, verb_parser=<colcon_defaults.argument_parser.defaults.DefaultArgumentsDecorator object at 0x7fa5e67a33d0>, verb_extension=<colcon_core.verb.build.BuildVerb object at 0x7fa5e701f820>, main=<bound method BuildVerb.main of <colcon_core.verb.build.BuildVerb object at 0x7fa5e701f820>>)
[0.355s] Level 1:colcon.colcon_core.package_discovery:discover_packages(colcon_meta) check parameters
[0.355s] Level 1:colcon.colcon_core.package_discovery:discover_packages(recursive) check parameters
[0.355s] Level 1:colcon.colcon_core.package_discovery:discover_packages(ignore) check parameters
[0.355s] Level 1:colcon.colcon_core.package_discovery:discover_packages(path) check parameters
[0.355s] Level 1:colcon.colcon_core.package_discovery:discover_packages(colcon_meta) discover
[0.355s] Level 1:colcon.colcon_core.package_discovery:discover_packages(recursive) discover
[0.356s] INFO:colcon.colcon_core.package_discovery:Crawling recursively for packages in '/home/jeff/tcc/robots/my_ws'
[0.356s] Level 1:colcon.colcon_core.package_identification:_identify(.) by extensions ['ignore', 'ignore_ament_install']
[0.356s] Level 1:colcon.colcon_core.package_identification:_identify(.) by extension 'ignore'
[0.356s] Level 1:colcon.colcon_core.package_identification:_identify(.) by extension 'ignore_ament_install'
[0.356s] Level 1:colcon.colcon_core.package_identification:_identify(.) by extensions ['colcon_pkg']
[0.356s] Level 1:colcon.colcon_core.package_identification:_identify(.) by extension 'colcon_pkg'
[0.356s] Level 1:colcon.colcon_core.package_identification:_identify(.) by extensions ['colcon_meta']
[0.356s] Level 1:colcon.colcon_core.package_identification:_identify(.) by extension 'colcon_meta'
[0.356s] Level 1:colcon.colcon_core.package_identification:_identify(.) by extensions ['ros']
[0.356s] Level 1:colcon.colcon_core.package_identification:_identify(.) by extension 'ros'
[0.368s] Level 1:colcon.colcon_core.package_identification:_identify(.) by extensions ['cmake', 'python']
[0.368s] Level 1:colcon.colcon_core.package_identification:_identify(.) by extension 'cmake'
[0.368s] Level 1:colcon.colcon_core.package_identification:_identify(.) by extension 'python'
[0.368s] Level 1:colcon.colcon_core.package_identification:_identify(.) by extensions ['python_setup_py']
[0.368s] Level 1:colcon.colcon_core.package_identification:_identify(.) by extension 'python_setup_py'
[0.369s] Level 1:colcon.colcon_core.package_identification:_identify(build) by extensions ['ignore', 'ignore_ament_install']
[0.369s] Level 1:colcon.colcon_core.package_identification:_identify(build) by extension 'ignore'
[0.369s] Level 1:colcon.colcon_core.package_identification:_identify(build) ignored
[0.369s] Level 1:colcon.colcon_core.package_identification:_identify(install) by extensions ['ignore', 'ignore_ament_install']
[0.369s] Level 1:colcon.colcon_core.package_identification:_identify(install) by extension 'ignore'
[0.369s] Level 1:colcon.colcon_core.package_identification:_identify(install) ignored
[0.369s] Level 1:colcon.colcon_core.package_identification:_identify(log) by extensions ['ignore', 'ignore_ament_install']
[0.369s] Level 1:colcon.colcon_core.package_identification:_identify(log) by extension 'ignore'
[0.369s] Level 1:colcon.colcon_core.package_identification:_identify(log) ignored
[0.369s] Level 1:colcon.colcon_core.package_identification:_identify(src) by extensions ['ignore', 'ignore_ament_install']
[0.369s] Level 1:colcon.colcon_core.package_identification:_identify(src) by extension 'ignore'
[0.369s] Level 1:colcon.colcon_core.package_identification:_identify(src) by extension 'ignore_ament_install'
[0.369s] Level 1:colcon.colcon_core.package_identification:_identify(src) by extensions ['colcon_pkg']
[0.370s] Level 1:colcon.colcon_core.package_identification:_identify(src) by extension 'colcon_pkg'
[0.370s] Level 1:colcon.colcon_core.package_identification:_identify(src) by extensions ['colcon_meta']
[0.370s] Level 1:colcon.colcon_core.package_identification:_identify(src) by extension 'colcon_meta'
[0.370s] Level 1:colcon.colcon_core.package_identification:_identify(src) by extensions ['ros']
[0.370s] Level 1:colcon.colcon_core.package_identification:_identify(src) by extension 'ros'
[0.370s] Level 1:colcon.colcon_core.package_identification:_identify(src) by extensions ['cmake', 'python']
[0.370s] Level 1:colcon.colcon_core.package_identification:_identify(src) by extension 'cmake'
[0.370s] Level 1:colcon.colcon_core.package_identification:_identify(src) by extension 'python'
[0.370s] Level 1:colcon.colcon_core.package_identification:_identify(src) by extensions ['python_setup_py']
[0.370s] Level 1:colcon.colcon_core.package_identification:_identify(src) by extension 'python_setup_py'
[0.370s] Level 1:colcon.colcon_core.package_identification:_identify(src/my_car_control_package) by extensions ['ignore', 'ignore_ament_install']
[0.370s] Level 1:colcon.colcon_core.package_identification:_identify(src/my_car_control_package) by extension 'ignore'
[0.370s] Level 1:colcon.colcon_core.package_identification:_identify(src/my_car_control_package) by extension 'ignore_ament_install'
[0.370s] Level 1:colcon.colcon_core.package_identification:_identify(src/my_car_control_package) by extensions ['colcon_pkg']
[0.370s] Level 1:colcon.colcon_core.package_identification:_identify(src/my_car_control_package) by extension 'colcon_pkg'
[0.370s] Level 1:colcon.colcon_core.package_identification:_identify(src/my_car_control_package) by extensions ['colcon_meta']
[0.370s] Level 1:colcon.colcon_core.package_identification:_identify(src/my_car_control_package) by extension 'colcon_meta'
[0.370s] Level 1:colcon.colcon_core.package_identification:_identify(src/my_car_control_package) by extensions ['ros']
[0.370s] Level 1:colcon.colcon_core.package_identification:_identify(src/my_car_control_package) by extension 'ros'
[0.373s] DEBUG:colcon.colcon_core.package_identification:Package 'src/my_car_control_package' with type 'ros.ament_python' and name 'my_car_control_package'
[0.373s] Level 1:colcon.colcon_core.package_identification:_identify(src/my_car_simulation) by extensions ['ignore', 'ignore_ament_install']
[0.373s] Level 1:colcon.colcon_core.package_identification:_identify(src/my_car_simulation) by extension 'ignore'
[0.373s] Level 1:colcon.colcon_core.package_identification:_identify(src/my_car_simulation) by extension 'ignore_ament_install'
[0.373s] Level 1:colcon.colcon_core.package_identification:_identify(src/my_car_simulation) by extensions ['colcon_pkg']
[0.373s] Level 1:colcon.colcon_core.package_identification:_identify(src/my_car_simulation) by extension 'colcon_pkg'
[0.373s] Level 1:colcon.colcon_core.package_identification:_identify(src/my_car_simulation) by extensions ['colcon_meta']
[0.373s] Level 1:colcon.colcon_core.package_identification:_identify(src/my_car_simulation) by extension 'colcon_meta'
[0.373s] Level 1:colcon.colcon_core.package_identification:_identify(src/my_car_simulation) by extensions ['ros']
[0.373s] Level 1:colcon.colcon_core.package_identification:_identify(src/my_car_simulation) by extension 'ros'
[0.374s] DEBUG:colcon.colcon_core.package_identification:Package 'src/my_car_simulation' with type 'ros.ament_cmake' and name 'my_car_simulation'
[0.374s] Level 1:colcon.colcon_core.package_identification:_identify(src/my_robot) by extensions ['ignore', 'ignore_ament_install']
[0.374s] Level 1:colcon.colcon_core.package_identification:_identify(src/my_robot) by extension 'ignore'
[0.374s] Level 1:colcon.colcon_core.package_identification:_identify(src/my_robot) by extension 'ignore_ament_install'
[0.374s] Level 1:colcon.colcon_core.package_identification:_identify(src/my_robot) by extensions ['colcon_pkg']
[0.374s] Level 1:colcon.colcon_core.package_identification:_identify(src/my_robot) by extension 'colcon_pkg'
[0.374s] Level 1:colcon.colcon_core.package_identification:_identify(src/my_robot) by extensions ['colcon_meta']
[0.374s] Level 1:colcon.colcon_core.package_identification:_identify(src/my_robot) by extension 'colcon_meta'
[0.374s] Level 1:colcon.colcon_core.package_identification:_identify(src/my_robot) by extensions ['ros']
[0.374s] Level 1:colcon.colcon_core.package_identification:_identify(src/my_robot) by extension 'ros'
[0.375s] DEBUG:colcon.colcon_core.package_identification:Package 'src/my_robot' with type 'ros.ament_cmake' and name 'my_robot'
[0.375s] Level 1:colcon.colcon_core.package_discovery:discover_packages(recursive) using defaults
[0.375s] Level 1:colcon.colcon_core.package_discovery:discover_packages(ignore) discover
[0.375s] Level 1:colcon.colcon_core.package_discovery:discover_packages(ignore) using defaults
[0.375s] Level 1:colcon.colcon_core.package_discovery:discover_packages(path) discover
[0.375s] Level 1:colcon.colcon_core.package_discovery:discover_packages(path) using defaults
[0.398s] INFO:colcon.colcon_core.package_selection:Skipping not selected package 'my_car_control_package' in 'src/my_car_control_package'
[0.398s] INFO:colcon.colcon_core.package_selection:Skipping not selected package 'my_robot' in 'src/my_robot'
[0.399s] Level 1:colcon.colcon_core.package_discovery:discover_packages(prefix_path) check parameters
[0.399s] Level 1:colcon.colcon_core.package_discovery:discover_packages(prefix_path) discover
[0.403s] DEBUG:colcon.colcon_installed_package_information.package_discovery:Found 284 installed packages in /opt/ros/humble
[0.404s] Level 1:colcon.colcon_core.package_discovery:discover_packages(prefix_path) using defaults
[0.468s] Level 5:colcon.colcon_core.verb:set package 'my_car_simulation' build argument 'cmake_args' from command line to 'None'
[0.468s] Level 5:colcon.colcon_core.verb:set package 'my_car_simulation' build argument 'cmake_target' from command line to 'None'
[0.468s] Level 5:colcon.colcon_core.verb:set package 'my_car_simulation' build argument 'cmake_target_skip_unavailable' from command line to 'False'
[0.468s] Level 5:colcon.colcon_core.verb:set package 'my_car_simulation' build argument 'cmake_clean_cache' from command line to 'False'
[0.468s] Level 5:colcon.colcon_core.verb:set package 'my_car_simulation' build argument 'cmake_clean_first' from command line to 'False'
[0.468s] Level 5:colcon.colcon_core.verb:set package 'my_car_simulation' build argument 'cmake_force_configure' from command line to 'False'
[0.468s] Level 5:colcon.colcon_core.verb:set package 'my_car_simulation' build argument 'ament_cmake_args' from command line to 'None'
[0.468s] Level 5:colcon.colcon_core.verb:set package 'my_car_simulation' build argument 'catkin_cmake_args' from command line to 'None'
[0.468s] Level 5:colcon.colcon_core.verb:set package 'my_car_simulation' build argument 'catkin_skip_building_tests' from command line to 'False'
[0.469s] DEBUG:colcon.colcon_core.verb:Building package 'my_car_simulation' with the following arguments: {'ament_cmake_args': None, 'build_base': '/home/jeff/tcc/robots/my_ws/build/my_car_simulation', 'catkin_cmake_args': None, 'catkin_skip_building_tests': False, 'cmake_args': None, 'cmake_clean_cache': False, 'cmake_clean_first': False, 'cmake_force_configure': False, 'cmake_target': None, 'cmake_target_skip_unavailable': False, 'install_base': '/home/jeff/tcc/robots/my_ws/install/my_car_simulation', 'merge_install': False, 'path': '/home/jeff/tcc/robots/my_ws/src/my_car_simulation', 'symlink_install': False, 'test_result_base': None}
[0.469s] INFO:colcon.colcon_core.executor:Executing jobs using 'parallel' executor
[0.473s] DEBUG:colcon.colcon_parallel_executor.executor.parallel:run_until_complete
[0.473s] INFO:colcon.colcon_ros.task.ament_cmake.build:Building ROS package in '/home/jeff/tcc/robots/my_ws/src/my_car_simulation' with build type 'ament_cmake'
[0.473s] INFO:colcon.colcon_cmake.task.cmake.build:Building CMake package in '/home/jeff/tcc/robots/my_ws/src/my_car_simulation'
[0.477s] INFO:colcon.colcon_core.plugin_system:Skipping extension 'colcon_core.shell.bat': Not used on non-Windows systems
[0.477s] INFO:colcon.colcon_core.shell:Skip shell extension 'powershell' for command environment: Not usable outside of PowerShell
[0.477s] DEBUG:colcon.colcon_core.shell:Skip shell extension 'dsv' for command environment
[0.488s] DEBUG:colcon.colcon_core.event_handler.log_command:Invoking command in '/home/jeff/tcc/robots/my_ws/build/my_car_simulation': /usr/bin/cmake --build /home/jeff/tcc/robots/my_ws/build/my_car_simulation -- -j8 -l8
[0.526s] DEBUG:colcon.colcon_core.event_handler.log_command:Invoked command in '/home/jeff/tcc/robots/my_ws/build/my_car_simulation' returned '0': /usr/bin/cmake --build /home/jeff/tcc/robots/my_ws/build/my_car_simulation -- -j8 -l8
[0.559s] DEBUG:colcon.colcon_core.event_handler.log_command:Invoking command in '/home/jeff/tcc/robots/my_ws/build/my_car_simulation': /usr/bin/cmake --install /home/jeff/tcc/robots/my_ws/build/my_car_simulation
[0.570s] Level 1:colcon.colcon_core.environment:create_environment_scripts_only(my_car_simulation)
[0.571s] DEBUG:colcon.colcon_core.event_handler.log_command:Invoked command in '/home/jeff/tcc/robots/my_ws/build/my_car_simulation' returned '0': /usr/bin/cmake --install /home/jeff/tcc/robots/my_ws/build/my_car_simulation
[0.577s] Level 1:colcon.colcon_core.environment:checking '/home/jeff/tcc/robots/my_ws/install/my_car_simulation' for CMake module files
[0.578s] Level 1:colcon.colcon_core.environment:checking '/home/jeff/tcc/robots/my_ws/install/my_car_simulation' for CMake config files
[0.578s] Level 1:colcon.colcon_core.shell:create_environment_hook('my_car_simulation', 'cmake_prefix_path')
[0.579s] INFO:colcon.colcon_core.shell:Creating environment hook '/home/jeff/tcc/robots/my_ws/install/my_car_simulation/share/my_car_simulation/hook/cmake_prefix_path.ps1'
[0.580s] INFO:colcon.colcon_core.shell:Creating environment descriptor '/home/jeff/tcc/robots/my_ws/install/my_car_simulation/share/my_car_simulation/hook/cmake_prefix_path.dsv'
[0.580s] INFO:colcon.colcon_core.shell:Creating environment hook '/home/jeff/tcc/robots/my_ws/install/my_car_simulation/share/my_car_simulation/hook/cmake_prefix_path.sh'
[0.581s] Level 1:colcon.colcon_core.environment:checking '/home/jeff/tcc/robots/my_ws/install/my_car_simulation/bin'
[0.581s] Level 1:colcon.colcon_core.environment:checking '/home/jeff/tcc/robots/my_ws/install/my_car_simulation/lib/pkgconfig/my_car_simulation.pc'
[0.581s] Level 1:colcon.colcon_core.environment:checking '/home/jeff/tcc/robots/my_ws/install/my_car_simulation/lib/python3.10/site-packages'
[0.582s] Level 1:colcon.colcon_core.environment:checking '/home/jeff/tcc/robots/my_ws/install/my_car_simulation/bin'
[0.583s] INFO:colcon.colcon_core.shell:Creating package script '/home/jeff/tcc/robots/my_ws/install/my_car_simulation/share/my_car_simulation/package.ps1'
[0.584s] INFO:colcon.colcon_core.shell:Creating package descriptor '/home/jeff/tcc/robots/my_ws/install/my_car_simulation/share/my_car_simulation/package.dsv'
[0.584s] INFO:colcon.colcon_core.shell:Creating package script '/home/jeff/tcc/robots/my_ws/install/my_car_simulation/share/my_car_simulation/package.sh'
[0.585s] INFO:colcon.colcon_core.shell:Creating package script '/home/jeff/tcc/robots/my_ws/install/my_car_simulation/share/my_car_simulation/package.bash'
[0.586s] INFO:colcon.colcon_core.shell:Creating package script '/home/jeff/tcc/robots/my_ws/install/my_car_simulation/share/my_car_simulation/package.zsh'
[0.587s] Level 1:colcon.colcon_core.environment:create_file_with_runtime_dependencies(/home/jeff/tcc/robots/my_ws/install/my_car_simulation/share/colcon-core/packages/my_car_simulation)
[0.611s] Level 1:colcon.colcon_core.environment:create_environment_scripts_only(my_car_simulation)
[0.613s] Level 1:colcon.colcon_core.environment:checking '/home/jeff/tcc/robots/my_ws/install/my_car_simulation' for CMake module files
[0.613s] Level 1:colcon.colcon_core.environment:checking '/home/jeff/tcc/robots/my_ws/install/my_car_simulation' for CMake config files
[0.614s] Level 1:colcon.colcon_core.shell:create_environment_hook('my_car_simulation', 'cmake_prefix_path')
[0.615s] INFO:colcon.colcon_core.shell:Creating environment hook '/home/jeff/tcc/robots/my_ws/install/my_car_simulation/share/my_car_simulation/hook/cmake_prefix_path.ps1'
[0.615s] INFO:colcon.colcon_core.shell:Creating environment descriptor '/home/jeff/tcc/robots/my_ws/install/my_car_simulation/share/my_car_simulation/hook/cmake_prefix_path.dsv'
[0.616s] INFO:colcon.colcon_core.shell:Creating environment hook '/home/jeff/tcc/robots/my_ws/install/my_car_simulation/share/my_car_simulation/hook/cmake_prefix_path.sh'
[0.616s] Level 1:colcon.colcon_core.environment:checking '/home/jeff/tcc/robots/my_ws/install/my_car_simulation/bin'
[0.616s] Level 1:colcon.colcon_core.environment:checking '/home/jeff/tcc/robots/my_ws/install/my_car_simulation/lib/pkgconfig/my_car_simulation.pc'
[0.617s] Level 1:colcon.colcon_core.environment:checking '/home/jeff/tcc/robots/my_ws/install/my_car_simulation/lib/python3.10/site-packages'
[0.617s] Level 1:colcon.colcon_core.environment:checking '/home/jeff/tcc/robots/my_ws/install/my_car_simulation/bin'
[0.618s] INFO:colcon.colcon_core.shell:Creating package script '/home/jeff/tcc/robots/my_ws/install/my_car_simulation/share/my_car_simulation/package.ps1'
[0.619s] INFO:colcon.colcon_core.shell:Creating package descriptor '/home/jeff/tcc/robots/my_ws/install/my_car_simulation/share/my_car_simulation/package.dsv'
[0.619s] INFO:colcon.colcon_core.shell:Creating package script '/home/jeff/tcc/robots/my_ws/install/my_car_simulation/share/my_car_simulation/package.sh'
[0.620s] INFO:colcon.colcon_core.shell:Creating package script '/home/jeff/tcc/robots/my_ws/install/my_car_simulation/share/my_car_simulation/package.bash'
[0.620s] INFO:colcon.colcon_core.shell:Creating package script '/home/jeff/tcc/robots/my_ws/install/my_car_simulation/share/my_car_simulation/package.zsh'
[0.620s] Level 1:colcon.colcon_core.environment:create_file_with_runtime_dependencies(/home/jeff/tcc/robots/my_ws/install/my_car_simulation/share/colcon-core/packages/my_car_simulation)
[0.621s] DEBUG:colcon.colcon_parallel_executor.executor.parallel:closing loop
[0.621s] DEBUG:colcon.colcon_parallel_executor.executor.parallel:loop closed
[0.621s] DEBUG:colcon.colcon_parallel_executor.executor.parallel:run_until_complete finished with '0'
[0.621s] DEBUG:colcon.colcon_core.event_reactor:joining thread
[0.627s] INFO:colcon.colcon_core.plugin_system:Skipping extension 'colcon_notification.desktop_notification.terminal_notifier': Not used on non-Darwin systems
[0.627s] INFO:colcon.colcon_core.plugin_system:Skipping extension 'colcon_notification.desktop_notification.win32': Not used on non-Windows systems
[0.627s] INFO:colcon.colcon_notification.desktop_notification:Sending desktop notification using 'notify2'
[0.639s] DEBUG:colcon.colcon_core.event_reactor:joined thread
[0.640s] INFO:colcon.colcon_core.shell:Creating prefix script '/home/jeff/tcc/robots/my_ws/install/local_setup.ps1'
[0.641s] INFO:colcon.colcon_core.shell:Creating prefix util module '/home/jeff/tcc/robots/my_ws/install/_local_setup_util_ps1.py'
[0.643s] INFO:colcon.colcon_core.shell:Creating prefix chain script '/home/jeff/tcc/robots/my_ws/install/setup.ps1'
[0.644s] INFO:colcon.colcon_core.shell:Creating prefix script '/home/jeff/tcc/robots/my_ws/install/local_setup.sh'
[0.645s] INFO:colcon.colcon_core.shell:Creating prefix util module '/home/jeff/tcc/robots/my_ws/install/_local_setup_util_sh.py'
[0.645s] INFO:colcon.colcon_core.shell:Creating prefix chain script '/home/jeff/tcc/robots/my_ws/install/setup.sh'
[0.647s] INFO:colcon.colcon_core.shell:Creating prefix script '/home/jeff/tcc/robots/my_ws/install/local_setup.bash'
[0.647s] INFO:colcon.colcon_core.shell:Creating prefix chain script '/home/jeff/tcc/robots/my_ws/install/setup.bash'
[0.648s] INFO:colcon.colcon_core.shell:Creating prefix script '/home/jeff/tcc/robots/my_ws/install/local_setup.zsh'
[0.649s] INFO:colcon.colcon_core.shell:Creating prefix chain script '/home/jeff/tcc/robots/my_ws/install/setup.zsh'
