[0.015s] Invoking command in '/home/jeff/tcc/robots/my_ws/build/my_car_simulation': CMAKE_PREFIX_PATH=${CMAKE_PREFIX_PATH}:/home/jeff/tcc/robots/my_ws/install/my_car_control_package:/opt/ros/humble /usr/bin/cmake --build /home/jeff/tcc/robots/my_ws/build/my_car_simulation -- -j8 -l8
[0.054s] Invoked command in '/home/jeff/tcc/robots/my_ws/build/my_car_simulation' returned '0': CMAKE_PREFIX_PATH=${CMAKE_PREFIX_PATH}:/home/jeff/tcc/robots/my_ws/install/my_car_control_package:/opt/ros/humble /usr/bin/cmake --build /home/jeff/tcc/robots/my_ws/build/my_car_simulation -- -j8 -l8
[0.087s] Invoking command in '/home/jeff/tcc/robots/my_ws/build/my_car_simulation': CMAKE_PREFIX_PATH=${CMAKE_PREFIX_PATH}:/home/jeff/tcc/robots/my_ws/install/my_car_control_package:/opt/ros/humble /usr/bin/cmake --install /home/jeff/tcc/robots/my_ws/build/my_car_simulation
[0.095s] -- Install configuration: ""
[0.095s] -- Up-to-date: /home/jeff/tcc/robots/my_ws/install/my_car_simulation/share/ament_index/resource_index/package_run_dependencies/my_car_simulation
[0.095s] -- Up-to-date: /home/jeff/tcc/robots/my_ws/install/my_car_simulation/share/ament_index/resource_index/parent_prefix_path/my_car_simulation
[0.095s] -- Up-to-date: /home/jeff/tcc/robots/my_ws/install/my_car_simulation/share/my_car_simulation/environment/ament_prefix_path.sh
[0.095s] -- Up-to-date: /home/jeff/tcc/robots/my_ws/install/my_car_simulation/share/my_car_simulation/environment/ament_prefix_path.dsv
[0.096s] -- Up-to-date: /home/jeff/tcc/robots/my_ws/install/my_car_simulation/share/my_car_simulation/environment/path.sh
[0.096s] -- Up-to-date: /home/jeff/tcc/robots/my_ws/install/my_car_simulation/share/my_car_simulation/environment/path.dsv
[0.096s] -- Up-to-date: /home/jeff/tcc/robots/my_ws/install/my_car_simulation/share/my_car_simulation/local_setup.bash
[0.096s] -- Up-to-date: /home/jeff/tcc/robots/my_ws/install/my_car_simulation/share/my_car_simulation/local_setup.sh
[0.096s] -- Up-to-date: /home/jeff/tcc/robots/my_ws/install/my_car_simulation/share/my_car_simulation/local_setup.zsh
[0.096s] -- Up-to-date: /home/jeff/tcc/robots/my_ws/install/my_car_simulation/share/my_car_simulation/local_setup.dsv
[0.097s] -- Installing: /home/jeff/tcc/robots/my_ws/install/my_car_simulation/share/my_car_simulation/package.dsv
[0.097s] -- Up-to-date: /home/jeff/tcc/robots/my_ws/install/my_car_simulation/share/ament_index/resource_index/packages/my_car_simulation
[0.097s] -- Up-to-date: /home/jeff/tcc/robots/my_ws/install/my_car_simulation/share/my_car_simulation/cmake/my_car_simulationConfig.cmake
[0.097s] -- Up-to-date: /home/jeff/tcc/robots/my_ws/install/my_car_simulation/share/my_car_simulation/cmake/my_car_simulationConfig-version.cmake
[0.097s] -- Up-to-date: /home/jeff/tcc/robots/my_ws/install/my_car_simulation/share/my_car_simulation/package.xml
[0.099s] Invoked command in '/home/jeff/tcc/robots/my_ws/build/my_car_simulation' returned '0': CMAKE_PREFIX_PATH=${CMAKE_PREFIX_PATH}:/home/jeff/tcc/robots/my_ws/install/my_car_control_package:/opt/ros/humble /usr/bin/cmake --install /home/jeff/tcc/robots/my_ws/build/my_car_simulation
