[0.602s] Invoking command in '/home/jeff/tcc/robots/my_ws/src/simulation': PYTHONPATH=/home/jeff/tcc/robots/my_ws/build/simulation/prefix_override:/home/jeff/tcc/robots/my_ws/install/simulation/lib/python3.10/site-packages:${PYTHONPATH} /usr/bin/python3 setup.py egg_info --egg-base ../../build/simulation build --build-base /home/jeff/tcc/robots/my_ws/build/simulation/build install --record /home/jeff/tcc/robots/my_ws/build/simulation/install.log --single-version-externally-managed
[0.839s] running egg_info
[0.840s] writing ../../build/simulation/simulation.egg-info/PKG-INFO
[0.841s] writing dependency_links to ../../build/simulation/simulation.egg-info/dependency_links.txt
[0.841s] writing entry points to ../../build/simulation/simulation.egg-info/entry_points.txt
[0.841s] writing requirements to ../../build/simulation/simulation.egg-info/requires.txt
[0.842s] writing top-level names to ../../build/simulation/simulation.egg-info/top_level.txt
[0.843s] reading manifest file '../../build/simulation/simulation.egg-info/SOURCES.txt'
[0.844s] writing manifest file '../../build/simulation/simulation.egg-info/SOURCES.txt'
[0.845s] running build
[0.845s] running build_py
[0.845s] running install
[0.845s] /usr/lib/python3/dist-packages/setuptools/command/install.py:34: SetuptoolsDeprecationWarning: setup.py install is deprecated. Use build and pip and other standards-based tools.
[0.845s]   warnings.warn(
[0.845s] running install_lib
[0.847s] running install_data
[0.847s] running install_egg_info
[0.849s] removing '/home/jeff/tcc/robots/my_ws/install/simulation/lib/python3.10/site-packages/simulation-0.0.0-py3.10.egg-info' (and everything under it)
[0.849s] Copying ../../build/simulation/simulation.egg-info to /home/jeff/tcc/robots/my_ws/install/simulation/lib/python3.10/site-packages/simulation-0.0.0-py3.10.egg-info
[0.850s] running install_scripts
[0.871s] writing list of installed files to '/home/jeff/tcc/robots/my_ws/build/simulation/install.log'
[0.893s] Invoked command in '/home/jeff/tcc/robots/my_ws/src/simulation' returned '0': PYTHONPATH=/home/jeff/tcc/robots/my_ws/build/simulation/prefix_override:/home/jeff/tcc/robots/my_ws/install/simulation/lib/python3.10/site-packages:${PYTHONPATH} /usr/bin/python3 setup.py egg_info --egg-base ../../build/simulation build --build-base /home/jeff/tcc/robots/my_ws/build/simulation/build install --record /home/jeff/tcc/robots/my_ws/build/simulation/install.log --single-version-externally-managed
