[1.292s] Invoking command in '/home/jeff/tcc/robots/my_ws/src/controllers': PYTHONPATH=/home/jeff/tcc/robots/my_ws/build/controllers/prefix_override:/home/jeff/tcc/robots/my_ws/install/controllers/lib/python3.10/site-packages:${PYTHONPATH} /usr/bin/python3 setup.py egg_info --egg-base ../../build/controllers build --build-base /home/jeff/tcc/robots/my_ws/build/controllers/build install --record /home/jeff/tcc/robots/my_ws/build/controllers/install.log --single-version-externally-managed
[1.575s] running egg_info
[1.576s] creating ../../build/controllers/controllers.egg-info
[1.576s] writing ../../build/controllers/controllers.egg-info/PKG-INFO
[1.576s] writing dependency_links to ../../build/controllers/controllers.egg-info/dependency_links.txt
[1.577s] writing entry points to ../../build/controllers/controllers.egg-info/entry_points.txt
[1.577s] writing requirements to ../../build/controllers/controllers.egg-info/requires.txt
[1.577s] writing top-level names to ../../build/controllers/controllers.egg-info/top_level.txt
[1.577s] writing manifest file '../../build/controllers/controllers.egg-info/SOURCES.txt'
[1.579s] reading manifest file '../../build/controllers/controllers.egg-info/SOURCES.txt'
[1.579s] writing manifest file '../../build/controllers/controllers.egg-info/SOURCES.txt'
[1.580s] running build
[1.580s] running build_py
[1.580s] creating /home/jeff/tcc/robots/my_ws/build/controllers/build
[1.580s] creating /home/jeff/tcc/robots/my_ws/build/controllers/build/lib
[1.580s] creating /home/jeff/tcc/robots/my_ws/build/controllers/build/lib/controllers
[1.580s] copying controllers/__init__.py -> /home/jeff/tcc/robots/my_ws/build/controllers/build/lib/controllers
[1.580s] copying controllers/my_node.py -> /home/jeff/tcc/robots/my_ws/build/controllers/build/lib/controllers
[1.581s] running install
[1.581s] /usr/lib/python3/dist-packages/setuptools/command/install.py:34: SetuptoolsDeprecationWarning: setup.py install is deprecated. Use build and pip and other standards-based tools.
[1.581s]   warnings.warn(
[1.581s] running install_lib
[1.582s] creating /home/jeff/tcc/robots/my_ws/install/controllers/lib/python3.10/site-packages/controllers
[1.582s] copying /home/jeff/tcc/robots/my_ws/build/controllers/build/lib/controllers/__init__.py -> /home/jeff/tcc/robots/my_ws/install/controllers/lib/python3.10/site-packages/controllers
[1.582s] copying /home/jeff/tcc/robots/my_ws/build/controllers/build/lib/controllers/my_node.py -> /home/jeff/tcc/robots/my_ws/install/controllers/lib/python3.10/site-packages/controllers
[1.582s] byte-compiling /home/jeff/tcc/robots/my_ws/install/controllers/lib/python3.10/site-packages/controllers/__init__.py to __init__.cpython-310.pyc
[1.583s] byte-compiling /home/jeff/tcc/robots/my_ws/install/controllers/lib/python3.10/site-packages/controllers/my_node.py to my_node.cpython-310.pyc
[1.583s] running install_data
[1.584s] creating /home/jeff/tcc/robots/my_ws/install/controllers/share/ament_index
[1.584s] creating /home/jeff/tcc/robots/my_ws/install/controllers/share/ament_index/resource_index
[1.584s] creating /home/jeff/tcc/robots/my_ws/install/controllers/share/ament_index/resource_index/packages
[1.584s] copying resource/controllers -> /home/jeff/tcc/robots/my_ws/install/controllers/share/ament_index/resource_index/packages
[1.584s] copying package.xml -> /home/jeff/tcc/robots/my_ws/install/controllers/share/controllers
[1.584s] running install_egg_info
[1.586s] Copying ../../build/controllers/controllers.egg-info to /home/jeff/tcc/robots/my_ws/install/controllers/lib/python3.10/site-packages/controllers-0.0.0-py3.10.egg-info
[1.587s] running install_scripts
[1.611s] Installing my_node script to /home/jeff/tcc/robots/my_ws/install/controllers/lib/controllers
[1.611s] writing list of installed files to '/home/jeff/tcc/robots/my_ws/build/controllers/install.log'
[1.647s] Invoked command in '/home/jeff/tcc/robots/my_ws/src/controllers' returned '0': PYTHONPATH=/home/jeff/tcc/robots/my_ws/build/controllers/prefix_override:/home/jeff/tcc/robots/my_ws/install/controllers/lib/python3.10/site-packages:${PYTHONPATH} /usr/bin/python3 setup.py egg_info --egg-base ../../build/controllers build --build-base /home/jeff/tcc/robots/my_ws/build/controllers/build install --record /home/jeff/tcc/robots/my_ws/build/controllers/install.log --single-version-externally-managed
