[1.455s] Invoking command in '/home/jeff/tcc/robots/bot_ws/src/my_package': PYTHONPATH=/home/jeff/tcc/robots/bot_ws/build/my_package/prefix_override:/home/jeff/tcc/robots/bot_ws/install/my_package/lib/python3.10/site-packages:${PYTHONPATH} /usr/bin/python3 setup.py egg_info --egg-base ../../build/my_package build --build-base /home/jeff/tcc/robots/bot_ws/build/my_package/build install --record /home/jeff/tcc/robots/bot_ws/build/my_package/install.log --single-version-externally-managed
[1.752s] running egg_info
[1.753s] creating ../../build/my_package/my_package.egg-info
[1.753s] writing ../../build/my_package/my_package.egg-info/PKG-INFO
[1.753s] writing dependency_links to ../../build/my_package/my_package.egg-info/dependency_links.txt
[1.753s] writing entry points to ../../build/my_package/my_package.egg-info/entry_points.txt
[1.754s] writing requirements to ../../build/my_package/my_package.egg-info/requires.txt
[1.754s] writing top-level names to ../../build/my_package/my_package.egg-info/top_level.txt
[1.754s] writing manifest file '../../build/my_package/my_package.egg-info/SOURCES.txt'
[1.757s] reading manifest file '../../build/my_package/my_package.egg-info/SOURCES.txt'
[1.758s] writing manifest file '../../build/my_package/my_package.egg-info/SOURCES.txt'
[1.758s] running build
[1.759s] running build_py
[1.759s] creating /home/jeff/tcc/robots/bot_ws/build/my_package/build
[1.759s] creating /home/jeff/tcc/robots/bot_ws/build/my_package/build/lib
[1.759s] creating /home/jeff/tcc/robots/bot_ws/build/my_package/build/lib/my_package
[1.760s] copying my_package/__init__.py -> /home/jeff/tcc/robots/bot_ws/build/my_package/build/lib/my_package
[1.760s] copying my_package/controller.py -> /home/jeff/tcc/robots/bot_ws/build/my_package/build/lib/my_package
[1.760s] running install
[1.760s] running install_lib
[1.762s] creating /home/jeff/tcc/robots/bot_ws/install/my_package/lib/python3.10/site-packages/my_package
[1.763s] copying /home/jeff/tcc/robots/bot_ws/build/my_package/build/lib/my_package/__init__.py -> /home/jeff/tcc/robots/bot_ws/install/my_package/lib/python3.10/site-packages/my_package
[1.763s] copying /home/jeff/tcc/robots/bot_ws/build/my_package/build/lib/my_package/controller.py -> /home/jeff/tcc/robots/bot_ws/install/my_package/lib/python3.10/site-packages/my_package
[1.764s] byte-compiling /home/jeff/tcc/robots/bot_ws/install/my_package/lib/python3.10/site-packages/my_package/__init__.py to __init__.cpython-310.pyc
[1.765s] byte-compiling /home/jeff/tcc/robots/bot_ws/install/my_package/lib/python3.10/site-packages/my_package/controller.py to controller.cpython-310.pyc
[1.765s] running install_data
[1.767s] creating /home/jeff/tcc/robots/bot_ws/install/my_package/share/ament_index
[1.767s] creating /home/jeff/tcc/robots/bot_ws/install/my_package/share/ament_index/resource_index
[1.767s] creating /home/jeff/tcc/robots/bot_ws/install/my_package/share/ament_index/resource_index/packages
[1.767s] copying resource/my_package -> /home/jeff/tcc/robots/bot_ws/install/my_package/share/ament_index/resource_index/packages
[1.768s] copying package.xml -> /home/jeff/tcc/robots/bot_ws/install/my_package/share/my_package
[1.768s] creating /home/jeff/tcc/robots/bot_ws/install/my_package/share/my_package/launch
[1.768s] copying launch/main.launch.py -> /home/jeff/tcc/robots/bot_ws/install/my_package/share/my_package/launch
[1.768s] copying launch/play.launch.py -> /home/jeff/tcc/robots/bot_ws/install/my_package/share/my_package/launch
[1.768s] creating /home/jeff/tcc/robots/bot_ws/install/my_package/share/my_package/worlds
[1.768s] copying worlds/my_world.world -> /home/jeff/tcc/robots/bot_ws/install/my_package/share/my_package/worlds
[1.769s] creating /home/jeff/tcc/robots/bot_ws/install/my_package/share/my_package/worlds/meshes
[1.769s] copying worlds/meshes/roda_direita_link.stl -> /home/jeff/tcc/robots/bot_ws/install/my_package/share/my_package/worlds/meshes
[1.771s] copying worlds/meshes/chassis_link.stl -> /home/jeff/tcc/robots/bot_ws/install/my_package/share/my_package/worlds/meshes
[1.774s] copying worlds/meshes/base_castor_link.stl -> /home/jeff/tcc/robots/bot_ws/install/my_package/share/my_package/worlds/meshes
[1.774s] copying worlds/meshes/roda_castor_link.stl -> /home/jeff/tcc/robots/bot_ws/install/my_package/share/my_package/worlds/meshes
[1.774s] copying worlds/meshes/roda_esquerda_link.stl -> /home/jeff/tcc/robots/bot_ws/install/my_package/share/my_package/worlds/meshes
[1.774s] creating /home/jeff/tcc/robots/bot_ws/install/my_package/share/my_package/models
[1.774s] copying models/caster_wheel/model.config -> /home/jeff/tcc/robots/bot_ws/install/my_package/share/my_package/models
[1.775s] copying models/caster_wheel/model.sdf -> /home/jeff/tcc/robots/bot_ws/install/my_package/share/my_package/models
[1.775s] running install_egg_info
[1.775s] Copying ../../build/my_package/my_package.egg-info to /home/jeff/tcc/robots/bot_ws/install/my_package/lib/python3.10/site-packages/my_package-0.0.0-py3.10.egg-info
[1.776s] running install_scripts
[1.800s] Installing controller script to /home/jeff/tcc/robots/bot_ws/install/my_package/lib/my_package
[1.801s] writing list of installed files to '/home/jeff/tcc/robots/bot_ws/build/my_package/install.log'
[1.882s] Invoked command in '/home/jeff/tcc/robots/bot_ws/src/my_package' returned '0': PYTHONPATH=/home/jeff/tcc/robots/bot_ws/build/my_package/prefix_override:/home/jeff/tcc/robots/bot_ws/install/my_package/lib/python3.10/site-packages:${PYTHONPATH} /usr/bin/python3 setup.py egg_info --egg-base ../../build/my_package build --build-base /home/jeff/tcc/robots/bot_ws/build/my_package/build install --record /home/jeff/tcc/robots/bot_ws/build/my_package/install.log --single-version-externally-managed
