[0.563s] Invoking command in '/home/jeff/tcc/robots/my_ws/build/my_robot': /usr/bin/cmake /home/jeff/tcc/robots/my_ws/src/my_robot -DCMAKE_INSTALL_PREFIX=/home/jeff/tcc/robots/my_ws/install/my_robot
[0.627s] -- The C compiler identification is GNU 11.4.0
[0.692s] -- The CXX compiler identification is GNU 11.4.0
[0.700s] -- Detecting C compiler ABI info
[0.777s] -- Detecting C compiler ABI info - done
[0.785s] -- Check for working C compiler: /usr/bin/cc - skipped
[0.786s] -- Detecting C compile features
[0.786s] -- Detecting C compile features - done
[0.790s] -- Detecting CXX compiler ABI info
[0.886s] -- Detecting CXX compiler ABI info - done
[0.904s] -- Check for working CXX compiler: /usr/bin/c++ - skipped
[0.905s] -- Detecting CXX compile features
[0.906s] -- Detecting CXX compile features - done
[0.909s] -- Found ament_cmake: 1.3.5 (/opt/ros/humble/share/ament_cmake/cmake)
[1.111s] -- Found Python3: /usr/bin/python3.10 (found version "3.10.12") found components: Interpreter 
[1.214s] -- Found ament_lint_auto: 0.12.7 (/opt/ros/humble/share/ament_lint_auto/cmake)
[1.321s] -- Added test 'flake8' to check Python code syntax and style conventions
[1.322s] -- Added test 'lint_cmake' to check CMake code style
[1.323s] -- Added test 'pep257' to check Python code against some of the docstring style conventions in PEP 257
[1.327s] -- Added test 'xmllint' to check XML markup files
[1.329s] -- Configuring done
[1.334s] -- Generating done
[1.336s] -- Build files have been written to: /home/jeff/tcc/robots/my_ws/build/my_robot
[1.343s] Invoked command in '/home/jeff/tcc/robots/my_ws/build/my_robot' returned '0': /usr/bin/cmake /home/jeff/tcc/robots/my_ws/src/my_robot -DCMAKE_INSTALL_PREFIX=/home/jeff/tcc/robots/my_ws/install/my_robot
[1.345s] Invoking command in '/home/jeff/tcc/robots/my_ws/build/my_robot': /usr/bin/cmake --build /home/jeff/tcc/robots/my_ws/build/my_robot -- -j8 -l8
[1.386s] Invoked command in '/home/jeff/tcc/robots/my_ws/build/my_robot' returned '0': /usr/bin/cmake --build /home/jeff/tcc/robots/my_ws/build/my_robot -- -j8 -l8
[1.411s] Invoking command in '/home/jeff/tcc/robots/my_ws/build/my_robot': /usr/bin/cmake --install /home/jeff/tcc/robots/my_ws/build/my_robot
[1.420s] -- Install configuration: ""
[1.420s] -- Installing: /home/jeff/tcc/robots/my_ws/install/my_robot/share/ament_index/resource_index/package_run_dependencies/my_robot
[1.420s] -- Installing: /home/jeff/tcc/robots/my_ws/install/my_robot/share/ament_index/resource_index/parent_prefix_path/my_robot
[1.421s] -- Installing: /home/jeff/tcc/robots/my_ws/install/my_robot/share/my_robot/environment/ament_prefix_path.sh
[1.421s] -- Installing: /home/jeff/tcc/robots/my_ws/install/my_robot/share/my_robot/environment/ament_prefix_path.dsv
[1.421s] -- Installing: /home/jeff/tcc/robots/my_ws/install/my_robot/share/my_robot/environment/path.sh
[1.421s] -- Installing: /home/jeff/tcc/robots/my_ws/install/my_robot/share/my_robot/environment/path.dsv
[1.421s] -- Installing: /home/jeff/tcc/robots/my_ws/install/my_robot/share/my_robot/local_setup.bash
[1.422s] -- Installing: /home/jeff/tcc/robots/my_ws/install/my_robot/share/my_robot/local_setup.sh
[1.422s] -- Installing: /home/jeff/tcc/robots/my_ws/install/my_robot/share/my_robot/local_setup.zsh
[1.422s] -- Installing: /home/jeff/tcc/robots/my_ws/install/my_robot/share/my_robot/local_setup.dsv
[1.422s] -- Installing: /home/jeff/tcc/robots/my_ws/install/my_robot/share/my_robot/package.dsv
[1.422s] -- Installing: /home/jeff/tcc/robots/my_ws/install/my_robot/share/ament_index/resource_index/packages/my_robot
[1.422s] -- Installing: /home/jeff/tcc/robots/my_ws/install/my_robot/share/my_robot/cmake/my_robotConfig.cmake
[1.423s] -- Installing: /home/jeff/tcc/robots/my_ws/install/my_robot/share/my_robot/cmake/my_robotConfig-version.cmake
[1.423s] -- Installing: /home/jeff/tcc/robots/my_ws/install/my_robot/share/my_robot/package.xml
[1.429s] Invoked command in '/home/jeff/tcc/robots/my_ws/build/my_robot' returned '0': /usr/bin/cmake --install /home/jeff/tcc/robots/my_ws/build/my_robot
