running egg_info
creating ../../build/harm/harm.egg-info
writing ../../build/harm/harm.egg-info/PKG-INFO
writing dependency_links to ../../build/harm/harm.egg-info/dependency_links.txt
writing entry points to ../../build/harm/harm.egg-info/entry_points.txt
writing requirements to ../../build/harm/harm.egg-info/requires.txt
writing top-level names to ../../build/harm/harm.egg-info/top_level.txt
writing manifest file '../../build/harm/harm.egg-info/SOURCES.txt'
reading manifest file '../../build/harm/harm.egg-info/SOURCES.txt'
writing manifest file '../../build/harm/harm.egg-info/SOURCES.txt'
running build
running build_py
creating /home/jeff/tcc/robots/harm_ws/build/harm/build
creating /home/jeff/tcc/robots/harm_ws/build/harm/build/lib
creating /home/jeff/tcc/robots/harm_ws/build/harm/build/lib/harm
copying harm/controller copy 2.py -> /home/jeff/tcc/robots/harm_ws/build/harm/build/lib/harm
copying harm/__init__.py -> /home/jeff/tcc/robots/harm_ws/build/harm/build/lib/harm
copying harm/controller.py -> /home/jeff/tcc/robots/harm_ws/build/harm/build/lib/harm
copying harm/controller copy 3.py -> /home/jeff/tcc/robots/harm_ws/build/harm/build/lib/harm
running install
running install_lib
creating /home/jeff/tcc/robots/harm_ws/install/harm/lib/python3.10/site-packages/harm
copying /home/jeff/tcc/robots/harm_ws/build/harm/build/lib/harm/controller copy 2.py -> /home/jeff/tcc/robots/harm_ws/install/harm/lib/python3.10/site-packages/harm
copying /home/jeff/tcc/robots/harm_ws/build/harm/build/lib/harm/__init__.py -> /home/jeff/tcc/robots/harm_ws/install/harm/lib/python3.10/site-packages/harm
copying /home/jeff/tcc/robots/harm_ws/build/harm/build/lib/harm/controller.py -> /home/jeff/tcc/robots/harm_ws/install/harm/lib/python3.10/site-packages/harm
copying /home/jeff/tcc/robots/harm_ws/build/harm/build/lib/harm/controller copy 3.py -> /home/jeff/tcc/robots/harm_ws/install/harm/lib/python3.10/site-packages/harm
byte-compiling /home/jeff/tcc/robots/harm_ws/install/harm/lib/python3.10/site-packages/harm/controller copy 2.py to controller copy 2.cpython-310.pyc
byte-compiling /home/jeff/tcc/robots/harm_ws/install/harm/lib/python3.10/site-packages/harm/__init__.py to __init__.cpython-310.pyc
byte-compiling /home/jeff/tcc/robots/harm_ws/install/harm/lib/python3.10/site-packages/harm/controller.py to controller.cpython-310.pyc
byte-compiling /home/jeff/tcc/robots/harm_ws/install/harm/lib/python3.10/site-packages/harm/controller copy 3.py to controller copy 3.cpython-310.pyc
running install_data
creating /home/jeff/tcc/robots/harm_ws/install/harm/share/ament_index
creating /home/jeff/tcc/robots/harm_ws/install/harm/share/ament_index/resource_index
creating /home/jeff/tcc/robots/harm_ws/install/harm/share/ament_index/resource_index/packages
copying resource/harm -> /home/jeff/tcc/robots/harm_ws/install/harm/share/ament_index/resource_index/packages
copying package.xml -> /home/jeff/tcc/robots/harm_ws/install/harm/share/harm
creating /home/jeff/tcc/robots/harm_ws/install/harm/share/harm/models
creating /home/jeff/tcc/robots/harm_ws/install/harm/share/harm/models/room_wall_2x5m
copying models/room_wall_2x5m/model.config -> /home/jeff/tcc/robots/harm_ws/install/harm/share/harm/models/room_wall_2x5m
copying models/room_wall_2x5m/model.sdf -> /home/jeff/tcc/robots/harm_ws/install/harm/share/harm/models/room_wall_2x5m
creating /home/jeff/tcc/robots/harm_ws/install/harm/share/harm/worlds
copying worlds/mapa.sdf -> /home/jeff/tcc/robots/harm_ws/install/harm/share/harm/worlds
copying worlds/shapes.sdf -> /home/jeff/tcc/robots/harm_ws/install/harm/share/harm/worlds
copying worlds/my_world_copy.world -> /home/jeff/tcc/robots/harm_ws/install/harm/share/harm/worlds
copying worlds/my_world.world -> /home/jeff/tcc/robots/harm_ws/install/harm/share/harm/worlds
copying worlds/mapa4.sdf -> /home/jeff/tcc/robots/harm_ws/install/harm/share/harm/worlds
copying worlds/mapa2.sdf -> /home/jeff/tcc/robots/harm_ws/install/harm/share/harm/worlds
copying worlds/mapa3.sdf -> /home/jeff/tcc/robots/harm_ws/install/harm/share/harm/worlds
creating /home/jeff/tcc/robots/harm_ws/install/harm/share/harm/launch
copying launch/world.launch_copy.py -> /home/jeff/tcc/robots/harm_ws/install/harm/share/harm/launch
copying launch/world.launch.py -> /home/jeff/tcc/robots/harm_ws/install/harm/share/harm/launch
creating /home/jeff/tcc/robots/harm_ws/install/harm/share/harm/launch/__pycache__
copying launch/__pycache__/world.launch.cpython-310.pyc -> /home/jeff/tcc/robots/harm_ws/install/harm/share/harm/launch/__pycache__
running install_egg_info
Copying ../../build/harm/harm.egg-info to /home/jeff/tcc/robots/harm_ws/install/harm/lib/python3.10/site-packages/harm-0.0.1-py3.10.egg-info
running install_scripts
Installing controller script to /home/jeff/tcc/robots/harm_ws/install/harm/lib/harm
writing list of installed files to '/home/jeff/tcc/robots/harm_ws/build/harm/install.log'
