[0.705s] Invoking command in '/home/ti/tcc/robots/youtube_robot/src/modelo_robot': PYTHONPATH=/home/ti/tcc/robots/youtube_robot/build/modelo_robot/prefix_override:/home/ti/tcc/robots/youtube_robot/install/modelo_robot/lib/python3.10/site-packages:${PYTHONPATH} /usr/bin/python3 setup.py egg_info --egg-base ../../build/modelo_robot build --build-base /home/ti/tcc/robots/youtube_robot/build/modelo_robot/build install --record /home/ti/tcc/robots/youtube_robot/build/modelo_robot/install.log --single-version-externally-managed
[0.961s] running egg_info
[0.962s] writing ../../build/modelo_robot/modelo_robot.egg-info/PKG-INFO
[0.962s] writing dependency_links to ../../build/modelo_robot/modelo_robot.egg-info/dependency_links.txt
[0.962s] writing entry points to ../../build/modelo_robot/modelo_robot.egg-info/entry_points.txt
[0.963s] writing requirements to ../../build/modelo_robot/modelo_robot.egg-info/requires.txt
[0.963s] writing top-level names to ../../build/modelo_robot/modelo_robot.egg-info/top_level.txt
[0.964s] reading manifest file '../../build/modelo_robot/modelo_robot.egg-info/SOURCES.txt'
[0.965s] writing manifest file '../../build/modelo_robot/modelo_robot.egg-info/SOURCES.txt'
[0.965s] running build
[0.965s] running build_py
[0.966s] running install
[0.966s] running install_lib
[0.967s] running install_data
[0.968s] running install_egg_info
[0.969s] removing '/home/ti/tcc/robots/youtube_robot/install/modelo_robot/lib/python3.10/site-packages/modelo_robot-0.0.0-py3.10.egg-info' (and everything under it)
[0.970s] Copying ../../build/modelo_robot/modelo_robot.egg-info to /home/ti/tcc/robots/youtube_robot/install/modelo_robot/lib/python3.10/site-packages/modelo_robot-0.0.0-py3.10.egg-info
[0.971s] running install_scripts
[0.990s] writing list of installed files to '/home/ti/tcc/robots/youtube_robot/build/modelo_robot/install.log'
[1.024s] Invoked command in '/home/ti/tcc/robots/youtube_robot/src/modelo_robot' returned '0': PYTHONPATH=/home/ti/tcc/robots/youtube_robot/build/modelo_robot/prefix_override:/home/ti/tcc/robots/youtube_robot/install/modelo_robot/lib/python3.10/site-packages:${PYTHONPATH} /usr/bin/python3 setup.py egg_info --egg-base ../../build/modelo_robot build --build-base /home/ti/tcc/robots/youtube_robot/build/modelo_robot/build install --record /home/ti/tcc/robots/youtube_robot/build/modelo_robot/install.log --single-version-externally-managed
