/home/jeff/tcc/robots/bot_ws/install/my_package/lib/python3.10/site-packages/my_package/__init__.py
/home/jeff/tcc/robots/bot_ws/install/my_package/lib/python3.10/site-packages/my_package/controller.py
/home/jeff/tcc/robots/bot_ws/install/my_package/lib/python3.10/site-packages/my_package/__pycache__/__init__.cpython-310.pyc
/home/jeff/tcc/robots/bot_ws/install/my_package/lib/python3.10/site-packages/my_package/__pycache__/controller.cpython-310.pyc
/home/jeff/tcc/robots/bot_ws/install/my_package/share/ament_index/resource_index/packages/my_package
/home/jeff/tcc/robots/bot_ws/install/my_package/share/my_package/package.xml
/home/jeff/tcc/robots/bot_ws/install/my_package/share/my_package/launch/main.launch.py
/home/jeff/tcc/robots/bot_ws/install/my_package/share/my_package/launch/play.launch.py
/home/jeff/tcc/robots/bot_ws/install/my_package/share/my_package/worlds/my_world.world
/home/jeff/tcc/robots/bot_ws/install/my_package/share/my_package/worlds/meshes/roda_direita_link.stl
/home/jeff/tcc/robots/bot_ws/install/my_package/share/my_package/worlds/meshes/chassis_link.stl
/home/jeff/tcc/robots/bot_ws/install/my_package/share/my_package/worlds/meshes/base_castor_link.stl
/home/jeff/tcc/robots/bot_ws/install/my_package/share/my_package/worlds/meshes/roda_castor_link.stl
/home/jeff/tcc/robots/bot_ws/install/my_package/share/my_package/worlds/meshes/roda_esquerda_link.stl
/home/jeff/tcc/robots/bot_ws/install/my_package/share/my_package/models/model.config
/home/jeff/tcc/robots/bot_ws/install/my_package/share/my_package/models/model.sdf
/home/jeff/tcc/robots/bot_ws/install/my_package/lib/python3.10/site-packages/my_package-0.0.0-py3.10.egg-info/dependency_links.txt
/home/jeff/tcc/robots/bot_ws/install/my_package/lib/python3.10/site-packages/my_package-0.0.0-py3.10.egg-info/entry_points.txt
/home/jeff/tcc/robots/bot_ws/install/my_package/lib/python3.10/site-packages/my_package-0.0.0-py3.10.egg-info/requires.txt
/home/jeff/tcc/robots/bot_ws/install/my_package/lib/python3.10/site-packages/my_package-0.0.0-py3.10.egg-info/PKG-INFO
/home/jeff/tcc/robots/bot_ws/install/my_package/lib/python3.10/site-packages/my_package-0.0.0-py3.10.egg-info/zip-safe
/home/jeff/tcc/robots/bot_ws/install/my_package/lib/python3.10/site-packages/my_package-0.0.0-py3.10.egg-info/top_level.txt
/home/jeff/tcc/robots/bot_ws/install/my_package/lib/python3.10/site-packages/my_package-0.0.0-py3.10.egg-info/SOURCES.txt
/home/jeff/tcc/robots/bot_ws/install/my_package/lib/my_package/controller
