[0.779s] Invoking command in '/home/ti/tcc/robots/youtube_robot/src/modelo_robot': PYTHONPATH=/home/ti/tcc/robots/youtube_robot/build/modelo_robot/prefix_override:/home/ti/tcc/robots/youtube_robot/install/modelo_robot/lib/python3.10/site-packages:${PYTHONPATH} /usr/bin/python3 setup.py egg_info --egg-base ../../build/modelo_robot build --build-base /home/ti/tcc/robots/youtube_robot/build/modelo_robot/build install --record /home/ti/tcc/robots/youtube_robot/build/modelo_robot/install.log --single-version-externally-managed
[1.044s] running egg_info
[1.045s] writing ../../build/modelo_robot/modelo_robot.egg-info/PKG-INFO
[1.046s] writing dependency_links to ../../build/modelo_robot/modelo_robot.egg-info/dependency_links.txt
[1.046s] writing entry points to ../../build/modelo_robot/modelo_robot.egg-info/entry_points.txt
[1.046s] writing requirements to ../../build/modelo_robot/modelo_robot.egg-info/requires.txt
[1.046s] writing top-level names to ../../build/modelo_robot/modelo_robot.egg-info/top_level.txt
[1.048s] reading manifest file '../../build/modelo_robot/modelo_robot.egg-info/SOURCES.txt'
[1.050s] writing manifest file '../../build/modelo_robot/modelo_robot.egg-info/SOURCES.txt'
[1.051s] running build
[1.051s] running build_py
[1.051s] running install
[1.053s] running install_lib
[1.053s] running install_data
[1.054s] copying launch/gazebo.launch.py -> /home/ti/tcc/robots/youtube_robot/install/modelo_robot/share/modelo_robot/launch
[1.054s] running install_egg_info
[1.056s] removing '/home/ti/tcc/robots/youtube_robot/install/modelo_robot/lib/python3.10/site-packages/modelo_robot-0.0.0-py3.10.egg-info' (and everything under it)
[1.057s] Copying ../../build/modelo_robot/modelo_robot.egg-info to /home/ti/tcc/robots/youtube_robot/install/modelo_robot/lib/python3.10/site-packages/modelo_robot-0.0.0-py3.10.egg-info
[1.058s] running install_scripts
[1.078s] writing list of installed files to '/home/ti/tcc/robots/youtube_robot/build/modelo_robot/install.log'
[1.114s] Invoked command in '/home/ti/tcc/robots/youtube_robot/src/modelo_robot' returned '0': PYTHONPATH=/home/ti/tcc/robots/youtube_robot/build/modelo_robot/prefix_override:/home/ti/tcc/robots/youtube_robot/install/modelo_robot/lib/python3.10/site-packages:${PYTHONPATH} /usr/bin/python3 setup.py egg_info --egg-base ../../build/modelo_robot build --build-base /home/ti/tcc/robots/youtube_robot/build/modelo_robot/build install --record /home/ti/tcc/robots/youtube_robot/build/modelo_robot/install.log --single-version-externally-managed
