[1.275s] Invoking command in '/home/jeff/tcc/robots/my_ws/src/simulation': PYTHONPATH=/home/jeff/tcc/robots/my_ws/build/simulation/prefix_override:/home/jeff/tcc/robots/my_ws/install/simulation/lib/python3.10/site-packages:${PYTHONPATH} /usr/bin/python3 setup.py egg_info --egg-base ../../build/simulation build --build-base /home/jeff/tcc/robots/my_ws/build/simulation/build install --record /home/jeff/tcc/robots/my_ws/build/simulation/install.log --single-version-externally-managed
[1.540s] running egg_info
[1.541s] writing ../../build/simulation/simulation.egg-info/PKG-INFO
[1.541s] writing dependency_links to ../../build/simulation/simulation.egg-info/dependency_links.txt
[1.541s] writing entry points to ../../build/simulation/simulation.egg-info/entry_points.txt
[1.541s] writing requirements to ../../build/simulation/simulation.egg-info/requires.txt
[1.542s] writing top-level names to ../../build/simulation/simulation.egg-info/top_level.txt
[1.544s] reading manifest file '../../build/simulation/simulation.egg-info/SOURCES.txt'
[1.545s] writing manifest file '../../build/simulation/simulation.egg-info/SOURCES.txt'
[1.545s] running build
[1.545s] running build_py
[1.545s] copying simulation/simulation.launch.py -> /home/jeff/tcc/robots/my_ws/build/simulation/build/lib/simulation
[1.546s] running install
[1.546s] /usr/lib/python3/dist-packages/setuptools/command/install.py:34: SetuptoolsDeprecationWarning: setup.py install is deprecated. Use build and pip and other standards-based tools.
[1.546s]   warnings.warn(
[1.546s] running install_lib
[1.547s] copying /home/jeff/tcc/robots/my_ws/build/simulation/build/lib/simulation/simulation.launch.py -> /home/jeff/tcc/robots/my_ws/install/simulation/lib/python3.10/site-packages/simulation
[1.547s] byte-compiling /home/jeff/tcc/robots/my_ws/install/simulation/lib/python3.10/site-packages/simulation/simulation.launch.py to simulation.launch.cpython-310.pyc
[1.548s] running install_data
[1.548s] running install_egg_info
[1.550s] removing '/home/jeff/tcc/robots/my_ws/install/simulation/lib/python3.10/site-packages/simulation-0.0.0-py3.10.egg-info' (and everything under it)
[1.551s] Copying ../../build/simulation/simulation.egg-info to /home/jeff/tcc/robots/my_ws/install/simulation/lib/python3.10/site-packages/simulation-0.0.0-py3.10.egg-info
[1.552s] running install_scripts
[1.577s] writing list of installed files to '/home/jeff/tcc/robots/my_ws/build/simulation/install.log'
[1.609s] Invoked command in '/home/jeff/tcc/robots/my_ws/src/simulation' returned '0': PYTHONPATH=/home/jeff/tcc/robots/my_ws/build/simulation/prefix_override:/home/jeff/tcc/robots/my_ws/install/simulation/lib/python3.10/site-packages:${PYTHONPATH} /usr/bin/python3 setup.py egg_info --egg-base ../../build/simulation build --build-base /home/jeff/tcc/robots/my_ws/build/simulation/build install --record /home/jeff/tcc/robots/my_ws/build/simulation/install.log --single-version-externally-managed
