[0.428s] DEBUG:colcon:Command line arguments: ['/usr/bin/colcon', 'build']
[0.428s] DEBUG:colcon:Parsed command line arguments: Namespace(log_base=None, log_level=None, verb_name='build', build_base='build', install_base='install', merge_install=False, symlink_install=False, test_result_base=None, continue_on_error=False, executor='parallel', parallel_workers=8, event_handlers=None, ignore_user_meta=False, metas=['./colcon.meta'], base_paths=['.'], packages_ignore=None, packages_ignore_regex=None, paths=None, packages_up_to=None, packages_up_to_regex=None, packages_above=None, packages_above_and_dependencies=None, packages_above_depth=None, packages_select_by_dep=None, packages_skip_by_dep=None, packages_skip_up_to=None, packages_select_build_failed=False, packages_skip_build_finished=False, packages_select_test_failures=False, packages_skip_test_passed=False, packages_select=None, packages_skip=None, packages_select_regex=None, packages_skip_regex=None, packages_start=None, packages_end=None, allow_overriding=[], cmake_args=None, cmake_target=None, cmake_target_skip_unavailable=False, cmake_clean_cache=False, cmake_clean_first=False, cmake_force_configure=False, ament_cmake_args=None, catkin_cmake_args=None, catkin_skip_building_tests=False, verb_parser=<colcon_defaults.argument_parser.defaults.DefaultArgumentsDecorator object at 0x7f452676b580>, verb_extension=<colcon_core.verb.build.BuildVerb object at 0x7f452676b010>, main=<bound method BuildVerb.main of <colcon_core.verb.build.BuildVerb object at 0x7f452676b010>>)
[0.459s] Level 1:colcon.colcon_core.package_discovery:discover_packages(colcon_meta) check parameters
[0.459s] Level 1:colcon.colcon_core.package_discovery:discover_packages(recursive) check parameters
[0.459s] Level 1:colcon.colcon_core.package_discovery:discover_packages(ignore) check parameters
[0.459s] Level 1:colcon.colcon_core.package_discovery:discover_packages(path) check parameters
[0.459s] Level 1:colcon.colcon_core.package_discovery:discover_packages(colcon_meta) discover
[0.459s] Level 1:colcon.colcon_core.package_discovery:discover_packages(recursive) discover
[0.459s] INFO:colcon.colcon_core.package_discovery:Crawling recursively for packages in '/home/jeff/tcc/robots/bot_ws'
[0.459s] Level 1:colcon.colcon_core.package_identification:_identify(.) by extensions ['ignore', 'ignore_ament_install']
[0.459s] Level 1:colcon.colcon_core.package_identification:_identify(.) by extension 'ignore'
[0.460s] Level 1:colcon.colcon_core.package_identification:_identify(.) by extension 'ignore_ament_install'
[0.460s] Level 1:colcon.colcon_core.package_identification:_identify(.) by extensions ['colcon_pkg']
[0.460s] Level 1:colcon.colcon_core.package_identification:_identify(.) by extension 'colcon_pkg'
[0.460s] Level 1:colcon.colcon_core.package_identification:_identify(.) by extensions ['colcon_meta']
[0.460s] Level 1:colcon.colcon_core.package_identification:_identify(.) by extension 'colcon_meta'
[0.460s] Level 1:colcon.colcon_core.package_identification:_identify(.) by extensions ['ros']
[0.460s] Level 1:colcon.colcon_core.package_identification:_identify(.) by extension 'ros'
[0.473s] Level 1:colcon.colcon_core.package_identification:_identify(.) by extensions ['cmake', 'python']
[0.473s] Level 1:colcon.colcon_core.package_identification:_identify(.) by extension 'cmake'
[0.473s] Level 1:colcon.colcon_core.package_identification:_identify(.) by extension 'python'
[0.473s] Level 1:colcon.colcon_core.package_identification:_identify(.) by extensions ['python_setup_py']
[0.473s] Level 1:colcon.colcon_core.package_identification:_identify(.) by extension 'python_setup_py'
[0.473s] Level 1:colcon.colcon_core.package_identification:_identify(build) by extensions ['ignore', 'ignore_ament_install']
[0.473s] Level 1:colcon.colcon_core.package_identification:_identify(build) by extension 'ignore'
[0.473s] Level 1:colcon.colcon_core.package_identification:_identify(build) ignored
[0.474s] Level 1:colcon.colcon_core.package_identification:_identify(install) by extensions ['ignore', 'ignore_ament_install']
[0.474s] Level 1:colcon.colcon_core.package_identification:_identify(install) by extension 'ignore'
[0.474s] Level 1:colcon.colcon_core.package_identification:_identify(install) ignored
[0.474s] Level 1:colcon.colcon_core.package_identification:_identify(log) by extensions ['ignore', 'ignore_ament_install']
[0.474s] Level 1:colcon.colcon_core.package_identification:_identify(log) by extension 'ignore'
[0.474s] Level 1:colcon.colcon_core.package_identification:_identify(log) ignored
[0.474s] Level 1:colcon.colcon_core.package_identification:_identify(src) by extensions ['ignore', 'ignore_ament_install']
[0.474s] Level 1:colcon.colcon_core.package_identification:_identify(src) by extension 'ignore'
[0.474s] Level 1:colcon.colcon_core.package_identification:_identify(src) by extension 'ignore_ament_install'
[0.474s] Level 1:colcon.colcon_core.package_identification:_identify(src) by extensions ['colcon_pkg']
[0.474s] Level 1:colcon.colcon_core.package_identification:_identify(src) by extension 'colcon_pkg'
[0.474s] Level 1:colcon.colcon_core.package_identification:_identify(src) by extensions ['colcon_meta']
[0.474s] Level 1:colcon.colcon_core.package_identification:_identify(src) by extension 'colcon_meta'
[0.474s] Level 1:colcon.colcon_core.package_identification:_identify(src) by extensions ['ros']
[0.475s] Level 1:colcon.colcon_core.package_identification:_identify(src) by extension 'ros'
[0.475s] Level 1:colcon.colcon_core.package_identification:_identify(src) by extensions ['cmake', 'python']
[0.475s] Level 1:colcon.colcon_core.package_identification:_identify(src) by extension 'cmake'
[0.475s] Level 1:colcon.colcon_core.package_identification:_identify(src) by extension 'python'
[0.475s] Level 1:colcon.colcon_core.package_identification:_identify(src) by extensions ['python_setup_py']
[0.475s] Level 1:colcon.colcon_core.package_identification:_identify(src) by extension 'python_setup_py'
[0.475s] Level 1:colcon.colcon_core.package_identification:_identify(src/harm) by extensions ['ignore', 'ignore_ament_install']
[0.475s] Level 1:colcon.colcon_core.package_identification:_identify(src/harm) by extension 'ignore'
[0.475s] Level 1:colcon.colcon_core.package_identification:_identify(src/harm) by extension 'ignore_ament_install'
[0.475s] Level 1:colcon.colcon_core.package_identification:_identify(src/harm) by extensions ['colcon_pkg']
[0.475s] Level 1:colcon.colcon_core.package_identification:_identify(src/harm) by extension 'colcon_pkg'
[0.475s] Level 1:colcon.colcon_core.package_identification:_identify(src/harm) by extensions ['colcon_meta']
[0.475s] Level 1:colcon.colcon_core.package_identification:_identify(src/harm) by extension 'colcon_meta'
[0.475s] Level 1:colcon.colcon_core.package_identification:_identify(src/harm) by extensions ['ros']
[0.475s] Level 1:colcon.colcon_core.package_identification:_identify(src/harm) by extension 'ros'
[0.478s] DEBUG:colcon.colcon_core.package_identification:Package 'src/harm' with type 'ros.ament_python' and name 'harm'
[0.478s] Level 1:colcon.colcon_core.package_identification:_identify(src/my_bot) by extensions ['ignore', 'ignore_ament_install']
[0.478s] Level 1:colcon.colcon_core.package_identification:_identify(src/my_bot) by extension 'ignore'
[0.478s] Level 1:colcon.colcon_core.package_identification:_identify(src/my_bot) by extension 'ignore_ament_install'
[0.478s] Level 1:colcon.colcon_core.package_identification:_identify(src/my_bot) by extensions ['colcon_pkg']
[0.479s] Level 1:colcon.colcon_core.package_identification:_identify(src/my_bot) by extension 'colcon_pkg'
[0.479s] Level 1:colcon.colcon_core.package_identification:_identify(src/my_bot) by extensions ['colcon_meta']
[0.479s] Level 1:colcon.colcon_core.package_identification:_identify(src/my_bot) by extension 'colcon_meta'
[0.479s] Level 1:colcon.colcon_core.package_identification:_identify(src/my_bot) by extensions ['ros']
[0.479s] Level 1:colcon.colcon_core.package_identification:_identify(src/my_bot) by extension 'ros'
[0.479s] DEBUG:colcon.colcon_core.package_identification:Package 'src/my_bot' with type 'ros.ament_python' and name 'my_bot'
[0.480s] Level 1:colcon.colcon_core.package_identification:_identify(src/my_package) by extensions ['ignore', 'ignore_ament_install']
[0.480s] Level 1:colcon.colcon_core.package_identification:_identify(src/my_package) by extension 'ignore'
[0.480s] Level 1:colcon.colcon_core.package_identification:_identify(src/my_package) by extension 'ignore_ament_install'
[0.480s] Level 1:colcon.colcon_core.package_identification:_identify(src/my_package) by extensions ['colcon_pkg']
[0.480s] Level 1:colcon.colcon_core.package_identification:_identify(src/my_package) by extension 'colcon_pkg'
[0.480s] Level 1:colcon.colcon_core.package_identification:_identify(src/my_package) by extensions ['colcon_meta']
[0.480s] Level 1:colcon.colcon_core.package_identification:_identify(src/my_package) by extension 'colcon_meta'
[0.480s] Level 1:colcon.colcon_core.package_identification:_identify(src/my_package) by extensions ['ros']
[0.480s] Level 1:colcon.colcon_core.package_identification:_identify(src/my_package) by extension 'ros'
[0.481s] DEBUG:colcon.colcon_core.package_identification:Package 'src/my_package' with type 'ros.ament_python' and name 'my_package'
[0.481s] Level 1:colcon.colcon_core.package_identification:_identify(src/room_wall_2x5m) by extensions ['ignore', 'ignore_ament_install']
[0.481s] Level 1:colcon.colcon_core.package_identification:_identify(src/room_wall_2x5m) by extension 'ignore'
[0.481s] Level 1:colcon.colcon_core.package_identification:_identify(src/room_wall_2x5m) by extension 'ignore_ament_install'
[0.481s] Level 1:colcon.colcon_core.package_identification:_identify(src/room_wall_2x5m) by extensions ['colcon_pkg']
[0.481s] Level 1:colcon.colcon_core.package_identification:_identify(src/room_wall_2x5m) by extension 'colcon_pkg'
[0.481s] Level 1:colcon.colcon_core.package_identification:_identify(src/room_wall_2x5m) by extensions ['colcon_meta']
[0.481s] Level 1:colcon.colcon_core.package_identification:_identify(src/room_wall_2x5m) by extension 'colcon_meta'
[0.481s] Level 1:colcon.colcon_core.package_identification:_identify(src/room_wall_2x5m) by extensions ['ros']
[0.481s] Level 1:colcon.colcon_core.package_identification:_identify(src/room_wall_2x5m) by extension 'ros'
[0.481s] Level 1:colcon.colcon_core.package_identification:_identify(src/room_wall_2x5m) by extensions ['cmake', 'python']
[0.481s] Level 1:colcon.colcon_core.package_identification:_identify(src/room_wall_2x5m) by extension 'cmake'
[0.481s] Level 1:colcon.colcon_core.package_identification:_identify(src/room_wall_2x5m) by extension 'python'
[0.481s] Level 1:colcon.colcon_core.package_identification:_identify(src/room_wall_2x5m) by extensions ['python_setup_py']
[0.481s] Level 1:colcon.colcon_core.package_identification:_identify(src/room_wall_2x5m) by extension 'python_setup_py'
[0.481s] Level 1:colcon.colcon_core.package_discovery:discover_packages(recursive) using defaults
[0.482s] Level 1:colcon.colcon_core.package_discovery:discover_packages(ignore) discover
[0.482s] Level 1:colcon.colcon_core.package_discovery:discover_packages(ignore) using defaults
[0.482s] Level 1:colcon.colcon_core.package_discovery:discover_packages(path) discover
[0.482s] Level 1:colcon.colcon_core.package_discovery:discover_packages(path) using defaults
[0.508s] Level 1:colcon.colcon_core.package_discovery:discover_packages(prefix_path) check parameters
[0.508s] Level 1:colcon.colcon_core.package_discovery:discover_packages(prefix_path) discover
[0.519s] DEBUG:colcon.colcon_installed_package_information.package_discovery:Found 294 installed packages in /opt/ros/iron
[0.524s] Level 1:colcon.colcon_core.package_discovery:discover_packages(prefix_path) using defaults
[0.586s] Level 5:colcon.colcon_core.verb:set package 'harm' build argument 'cmake_args' from command line to 'None'
[0.586s] Level 5:colcon.colcon_core.verb:set package 'harm' build argument 'cmake_target' from command line to 'None'
[0.586s] Level 5:colcon.colcon_core.verb:set package 'harm' build argument 'cmake_target_skip_unavailable' from command line to 'False'
[0.586s] Level 5:colcon.colcon_core.verb:set package 'harm' build argument 'cmake_clean_cache' from command line to 'False'
[0.586s] Level 5:colcon.colcon_core.verb:set package 'harm' build argument 'cmake_clean_first' from command line to 'False'
[0.586s] Level 5:colcon.colcon_core.verb:set package 'harm' build argument 'cmake_force_configure' from command line to 'False'
[0.586s] Level 5:colcon.colcon_core.verb:set package 'harm' build argument 'ament_cmake_args' from command line to 'None'
[0.586s] Level 5:colcon.colcon_core.verb:set package 'harm' build argument 'catkin_cmake_args' from command line to 'None'
[0.586s] Level 5:colcon.colcon_core.verb:set package 'harm' build argument 'catkin_skip_building_tests' from command line to 'False'
[0.586s] DEBUG:colcon.colcon_core.verb:Building package 'harm' with the following arguments: {'ament_cmake_args': None, 'build_base': '/home/jeff/tcc/robots/bot_ws/build/harm', 'catkin_cmake_args': None, 'catkin_skip_building_tests': False, 'cmake_args': None, 'cmake_clean_cache': False, 'cmake_clean_first': False, 'cmake_force_configure': False, 'cmake_target': None, 'cmake_target_skip_unavailable': False, 'install_base': '/home/jeff/tcc/robots/bot_ws/install/harm', 'merge_install': False, 'path': '/home/jeff/tcc/robots/bot_ws/src/harm', 'symlink_install': False, 'test_result_base': None}
[0.587s] Level 5:colcon.colcon_core.verb:set package 'my_bot' build argument 'cmake_args' from command line to 'None'
[0.587s] Level 5:colcon.colcon_core.verb:set package 'my_bot' build argument 'cmake_target' from command line to 'None'
[0.587s] Level 5:colcon.colcon_core.verb:set package 'my_bot' build argument 'cmake_target_skip_unavailable' from command line to 'False'
[0.587s] Level 5:colcon.colcon_core.verb:set package 'my_bot' build argument 'cmake_clean_cache' from command line to 'False'
[0.587s] Level 5:colcon.colcon_core.verb:set package 'my_bot' build argument 'cmake_clean_first' from command line to 'False'
[0.587s] Level 5:colcon.colcon_core.verb:set package 'my_bot' build argument 'cmake_force_configure' from command line to 'False'
[0.587s] Level 5:colcon.colcon_core.verb:set package 'my_bot' build argument 'ament_cmake_args' from command line to 'None'
[0.587s] Level 5:colcon.colcon_core.verb:set package 'my_bot' build argument 'catkin_cmake_args' from command line to 'None'
[0.587s] Level 5:colcon.colcon_core.verb:set package 'my_bot' build argument 'catkin_skip_building_tests' from command line to 'False'
[0.587s] DEBUG:colcon.colcon_core.verb:Building package 'my_bot' with the following arguments: {'ament_cmake_args': None, 'build_base': '/home/jeff/tcc/robots/bot_ws/build/my_bot', 'catkin_cmake_args': None, 'catkin_skip_building_tests': False, 'cmake_args': None, 'cmake_clean_cache': False, 'cmake_clean_first': False, 'cmake_force_configure': False, 'cmake_target': None, 'cmake_target_skip_unavailable': False, 'install_base': '/home/jeff/tcc/robots/bot_ws/install/my_bot', 'merge_install': False, 'path': '/home/jeff/tcc/robots/bot_ws/src/my_bot', 'symlink_install': False, 'test_result_base': None}
[0.588s] Level 5:colcon.colcon_core.verb:set package 'my_package' build argument 'cmake_args' from command line to 'None'
[0.588s] Level 5:colcon.colcon_core.verb:set package 'my_package' build argument 'cmake_target' from command line to 'None'
[0.588s] Level 5:colcon.colcon_core.verb:set package 'my_package' build argument 'cmake_target_skip_unavailable' from command line to 'False'
[0.588s] Level 5:colcon.colcon_core.verb:set package 'my_package' build argument 'cmake_clean_cache' from command line to 'False'
[0.588s] Level 5:colcon.colcon_core.verb:set package 'my_package' build argument 'cmake_clean_first' from command line to 'False'
[0.588s] Level 5:colcon.colcon_core.verb:set package 'my_package' build argument 'cmake_force_configure' from command line to 'False'
[0.588s] Level 5:colcon.colcon_core.verb:set package 'my_package' build argument 'ament_cmake_args' from command line to 'None'
[0.588s] Level 5:colcon.colcon_core.verb:set package 'my_package' build argument 'catkin_cmake_args' from command line to 'None'
[0.589s] Level 5:colcon.colcon_core.verb:set package 'my_package' build argument 'catkin_skip_building_tests' from command line to 'False'
[0.589s] DEBUG:colcon.colcon_core.verb:Building package 'my_package' with the following arguments: {'ament_cmake_args': None, 'build_base': '/home/jeff/tcc/robots/bot_ws/build/my_package', 'catkin_cmake_args': None, 'catkin_skip_building_tests': False, 'cmake_args': None, 'cmake_clean_cache': False, 'cmake_clean_first': False, 'cmake_force_configure': False, 'cmake_target': None, 'cmake_target_skip_unavailable': False, 'install_base': '/home/jeff/tcc/robots/bot_ws/install/my_package', 'merge_install': False, 'path': '/home/jeff/tcc/robots/bot_ws/src/my_package', 'symlink_install': False, 'test_result_base': None}
[0.589s] INFO:colcon.colcon_core.executor:Executing jobs using 'parallel' executor
[0.592s] DEBUG:colcon.colcon_parallel_executor.executor.parallel:run_until_complete
[0.592s] INFO:colcon.colcon_ros.task.ament_python.build:Building ROS package in '/home/jeff/tcc/robots/bot_ws/src/harm' with build type 'ament_python'
[0.593s] Level 1:colcon.colcon_core.shell:create_environment_hook('harm', 'ament_prefix_path')
[0.608s] INFO:colcon.colcon_core.plugin_system:Skipping extension 'colcon_core.shell.bat': Not used on non-Windows systems
[0.608s] INFO:colcon.colcon_core.shell:Creating environment hook '/home/jeff/tcc/robots/bot_ws/install/harm/share/harm/hook/ament_prefix_path.ps1'
[0.610s] INFO:colcon.colcon_core.shell:Creating environment descriptor '/home/jeff/tcc/robots/bot_ws/install/harm/share/harm/hook/ament_prefix_path.dsv'
[0.612s] INFO:colcon.colcon_core.shell:Creating environment hook '/home/jeff/tcc/robots/bot_ws/install/harm/share/harm/hook/ament_prefix_path.sh'
[0.615s] INFO:colcon.colcon_core.shell:Skip shell extension 'powershell' for command environment: Not usable outside of PowerShell
[0.615s] DEBUG:colcon.colcon_core.shell:Skip shell extension 'dsv' for command environment
[0.622s] INFO:colcon.colcon_ros.task.ament_python.build:Building ROS package in '/home/jeff/tcc/robots/bot_ws/src/my_bot' with build type 'ament_python'
[0.622s] Level 1:colcon.colcon_core.shell:create_environment_hook('my_bot', 'ament_prefix_path')
[0.624s] INFO:colcon.colcon_core.shell:Creating environment hook '/home/jeff/tcc/robots/bot_ws/install/my_bot/share/my_bot/hook/ament_prefix_path.ps1'
[0.625s] INFO:colcon.colcon_core.shell:Creating environment descriptor '/home/jeff/tcc/robots/bot_ws/install/my_bot/share/my_bot/hook/ament_prefix_path.dsv'
[0.625s] INFO:colcon.colcon_core.shell:Creating environment hook '/home/jeff/tcc/robots/bot_ws/install/my_bot/share/my_bot/hook/ament_prefix_path.sh'
[0.627s] INFO:colcon.colcon_core.shell:Skip shell extension 'powershell' for command environment: Not usable outside of PowerShell
[0.627s] DEBUG:colcon.colcon_core.shell:Skip shell extension 'dsv' for command environment
[0.630s] INFO:colcon.colcon_ros.task.ament_python.build:Building ROS package in '/home/jeff/tcc/robots/bot_ws/src/my_package' with build type 'ament_python'
[0.631s] Level 1:colcon.colcon_core.shell:create_environment_hook('my_package', 'ament_prefix_path')
[0.632s] INFO:colcon.colcon_core.shell:Creating environment hook '/home/jeff/tcc/robots/bot_ws/install/my_package/share/my_package/hook/ament_prefix_path.ps1'
[0.633s] INFO:colcon.colcon_core.shell:Creating environment descriptor '/home/jeff/tcc/robots/bot_ws/install/my_package/share/my_package/hook/ament_prefix_path.dsv'
[0.633s] INFO:colcon.colcon_core.shell:Creating environment hook '/home/jeff/tcc/robots/bot_ws/install/my_package/share/my_package/hook/ament_prefix_path.sh'
[0.635s] INFO:colcon.colcon_core.shell:Skip shell extension 'powershell' for command environment: Not usable outside of PowerShell
[0.635s] DEBUG:colcon.colcon_core.shell:Skip shell extension 'dsv' for command environment
[0.940s] INFO:colcon.colcon_core.task.python.build:Building Python package in '/home/jeff/tcc/robots/bot_ws/src/harm'
[0.942s] INFO:colcon.colcon_core.shell:Skip shell extension 'powershell' for command environment: Not usable outside of PowerShell
[0.942s] DEBUG:colcon.colcon_core.shell:Skip shell extension 'dsv' for command environment
[1.232s] INFO:colcon.colcon_core.task.python.build:Building Python package in '/home/jeff/tcc/robots/bot_ws/src/my_bot'
[1.233s] INFO:colcon.colcon_core.shell:Skip shell extension 'powershell' for command environment: Not usable outside of PowerShell
[1.234s] DEBUG:colcon.colcon_core.shell:Skip shell extension 'dsv' for command environment
[1.522s] INFO:colcon.colcon_core.task.python.build:Building Python package in '/home/jeff/tcc/robots/bot_ws/src/my_package'
[1.524s] INFO:colcon.colcon_core.shell:Skip shell extension 'powershell' for command environment: Not usable outside of PowerShell
[1.524s] DEBUG:colcon.colcon_core.shell:Skip shell extension 'dsv' for command environment
[2.087s] DEBUG:colcon.colcon_core.event_handler.log_command:Invoking command in '/home/jeff/tcc/robots/bot_ws/src/my_package': PYTHONPATH=/home/jeff/tcc/robots/bot_ws/build/my_package/prefix_override:/home/jeff/tcc/robots/bot_ws/install/my_package/lib/python3.10/site-packages:${PYTHONPATH} /usr/bin/python3 setup.py egg_info --egg-base ../../build/my_package build --build-base /home/jeff/tcc/robots/bot_ws/build/my_package/build install --record /home/jeff/tcc/robots/bot_ws/build/my_package/install.log --single-version-externally-managed
[2.092s] DEBUG:colcon.colcon_core.event_handler.log_command:Invoking command in '/home/jeff/tcc/robots/bot_ws/src/harm': PYTHONPATH=/home/jeff/tcc/robots/bot_ws/build/harm/prefix_override:/home/jeff/tcc/robots/bot_ws/install/harm/lib/python3.10/site-packages:${PYTHONPATH} /usr/bin/python3 setup.py egg_info --egg-base ../../build/harm build --build-base /home/jeff/tcc/robots/bot_ws/build/harm/build install --record /home/jeff/tcc/robots/bot_ws/build/harm/install.log --single-version-externally-managed
[2.096s] DEBUG:colcon.colcon_core.event_handler.log_command:Invoking command in '/home/jeff/tcc/robots/bot_ws/src/my_bot': PYTHONPATH=/home/jeff/tcc/robots/bot_ws/build/my_bot/prefix_override:/home/jeff/tcc/robots/bot_ws/install/my_bot/lib/python3.10/site-packages:${PYTHONPATH} /usr/bin/python3 setup.py egg_info --egg-base ../../build/my_bot build --build-base /home/jeff/tcc/robots/bot_ws/build/my_bot/build install --record /home/jeff/tcc/robots/bot_ws/build/my_bot/install.log --single-version-externally-managed
[2.469s] DEBUG:colcon.colcon_core.event_handler.log_command:Invoked command in '/home/jeff/tcc/robots/bot_ws/src/my_bot' returned '0': PYTHONPATH=/home/jeff/tcc/robots/bot_ws/build/my_bot/prefix_override:/home/jeff/tcc/robots/bot_ws/install/my_bot/lib/python3.10/site-packages:${PYTHONPATH} /usr/bin/python3 setup.py egg_info --egg-base ../../build/my_bot build --build-base /home/jeff/tcc/robots/bot_ws/build/my_bot/build install --record /home/jeff/tcc/robots/bot_ws/build/my_bot/install.log --single-version-externally-managed
[2.480s] Level 1:colcon.colcon_core.environment:checking '/home/jeff/tcc/robots/bot_ws/install/my_bot' for CMake module files
[2.481s] Level 1:colcon.colcon_core.environment:checking '/home/jeff/tcc/robots/bot_ws/install/my_bot' for CMake config files
[2.482s] Level 1:colcon.colcon_core.environment:checking '/home/jeff/tcc/robots/bot_ws/install/my_bot/lib'
[2.482s] Level 1:colcon.colcon_core.environment:checking '/home/jeff/tcc/robots/bot_ws/install/my_bot/bin'
[2.482s] Level 1:colcon.colcon_core.environment:checking '/home/jeff/tcc/robots/bot_ws/install/my_bot/lib/pkgconfig/my_bot.pc'
[2.483s] Level 1:colcon.colcon_core.environment:checking '/home/jeff/tcc/robots/bot_ws/install/my_bot/lib/python3.10/site-packages'
[2.483s] Level 1:colcon.colcon_core.shell:create_environment_hook('my_bot', 'pythonpath')
[2.485s] INFO:colcon.colcon_core.shell:Creating environment hook '/home/jeff/tcc/robots/bot_ws/install/my_bot/share/my_bot/hook/pythonpath.ps1'
[2.485s] INFO:colcon.colcon_core.shell:Creating environment descriptor '/home/jeff/tcc/robots/bot_ws/install/my_bot/share/my_bot/hook/pythonpath.dsv'
[2.485s] INFO:colcon.colcon_core.shell:Creating environment hook '/home/jeff/tcc/robots/bot_ws/install/my_bot/share/my_bot/hook/pythonpath.sh'
[2.486s] Level 1:colcon.colcon_core.environment:checking '/home/jeff/tcc/robots/bot_ws/install/my_bot/bin'
[2.486s] Level 1:colcon.colcon_core.environment:create_environment_scripts_only(my_bot)
[2.488s] INFO:colcon.colcon_core.shell:Creating package script '/home/jeff/tcc/robots/bot_ws/install/my_bot/share/my_bot/package.ps1'
[2.489s] INFO:colcon.colcon_core.shell:Creating package descriptor '/home/jeff/tcc/robots/bot_ws/install/my_bot/share/my_bot/package.dsv'
[2.491s] INFO:colcon.colcon_core.shell:Creating package script '/home/jeff/tcc/robots/bot_ws/install/my_bot/share/my_bot/package.sh'
[2.492s] INFO:colcon.colcon_core.shell:Creating package script '/home/jeff/tcc/robots/bot_ws/install/my_bot/share/my_bot/package.bash'
[2.494s] INFO:colcon.colcon_core.shell:Creating package script '/home/jeff/tcc/robots/bot_ws/install/my_bot/share/my_bot/package.zsh'
[2.495s] Level 1:colcon.colcon_core.environment:create_file_with_runtime_dependencies(/home/jeff/tcc/robots/bot_ws/install/my_bot/share/colcon-core/packages/my_bot)
[2.499s] Level 1:colcon.colcon_core.environment:checking '/home/jeff/tcc/robots/bot_ws/install/harm' for CMake module files
[2.500s] DEBUG:colcon.colcon_core.event_handler.log_command:Invoked command in '/home/jeff/tcc/robots/bot_ws/src/harm' returned '0': PYTHONPATH=/home/jeff/tcc/robots/bot_ws/build/harm/prefix_override:/home/jeff/tcc/robots/bot_ws/install/harm/lib/python3.10/site-packages:${PYTHONPATH} /usr/bin/python3 setup.py egg_info --egg-base ../../build/harm build --build-base /home/jeff/tcc/robots/bot_ws/build/harm/build install --record /home/jeff/tcc/robots/bot_ws/build/harm/install.log --single-version-externally-managed
[2.501s] Level 1:colcon.colcon_core.environment:checking '/home/jeff/tcc/robots/bot_ws/install/harm' for CMake config files
[2.501s] Level 1:colcon.colcon_core.environment:checking '/home/jeff/tcc/robots/bot_ws/install/harm/lib'
[2.501s] Level 1:colcon.colcon_core.environment:checking '/home/jeff/tcc/robots/bot_ws/install/harm/bin'
[2.502s] Level 1:colcon.colcon_core.environment:checking '/home/jeff/tcc/robots/bot_ws/install/harm/lib/pkgconfig/harm.pc'
[2.502s] Level 1:colcon.colcon_core.environment:checking '/home/jeff/tcc/robots/bot_ws/install/harm/lib/python3.10/site-packages'
[2.502s] Level 1:colcon.colcon_core.shell:create_environment_hook('harm', 'pythonpath')
[2.504s] INFO:colcon.colcon_core.shell:Creating environment hook '/home/jeff/tcc/robots/bot_ws/install/harm/share/harm/hook/pythonpath.ps1'
[2.504s] INFO:colcon.colcon_core.shell:Creating environment descriptor '/home/jeff/tcc/robots/bot_ws/install/harm/share/harm/hook/pythonpath.dsv'
[2.504s] INFO:colcon.colcon_core.shell:Creating environment hook '/home/jeff/tcc/robots/bot_ws/install/harm/share/harm/hook/pythonpath.sh'
[2.505s] Level 1:colcon.colcon_core.environment:checking '/home/jeff/tcc/robots/bot_ws/install/harm/bin'
[2.505s] Level 1:colcon.colcon_core.environment:create_environment_scripts_only(harm)
[2.507s] INFO:colcon.colcon_core.shell:Creating package script '/home/jeff/tcc/robots/bot_ws/install/harm/share/harm/package.ps1'
[2.507s] INFO:colcon.colcon_core.shell:Creating package descriptor '/home/jeff/tcc/robots/bot_ws/install/harm/share/harm/package.dsv'
[2.508s] INFO:colcon.colcon_core.shell:Creating package script '/home/jeff/tcc/robots/bot_ws/install/harm/share/harm/package.sh'
[2.508s] INFO:colcon.colcon_core.shell:Creating package script '/home/jeff/tcc/robots/bot_ws/install/harm/share/harm/package.bash'
[2.509s] INFO:colcon.colcon_core.shell:Creating package script '/home/jeff/tcc/robots/bot_ws/install/harm/share/harm/package.zsh'
[2.509s] Level 1:colcon.colcon_core.environment:create_file_with_runtime_dependencies(/home/jeff/tcc/robots/bot_ws/install/harm/share/colcon-core/packages/harm)
[2.512s] Level 1:colcon.colcon_core.environment:checking '/home/jeff/tcc/robots/bot_ws/install/my_package' for CMake module files
[2.514s] DEBUG:colcon.colcon_core.event_handler.log_command:Invoked command in '/home/jeff/tcc/robots/bot_ws/src/my_package' returned '0': PYTHONPATH=/home/jeff/tcc/robots/bot_ws/build/my_package/prefix_override:/home/jeff/tcc/robots/bot_ws/install/my_package/lib/python3.10/site-packages:${PYTHONPATH} /usr/bin/python3 setup.py egg_info --egg-base ../../build/my_package build --build-base /home/jeff/tcc/robots/bot_ws/build/my_package/build install --record /home/jeff/tcc/robots/bot_ws/build/my_package/install.log --single-version-externally-managed
[2.514s] Level 1:colcon.colcon_core.environment:checking '/home/jeff/tcc/robots/bot_ws/install/my_package' for CMake config files
[2.515s] Level 1:colcon.colcon_core.environment:checking '/home/jeff/tcc/robots/bot_ws/install/my_package/lib'
[2.515s] Level 1:colcon.colcon_core.environment:checking '/home/jeff/tcc/robots/bot_ws/install/my_package/bin'
[2.516s] Level 1:colcon.colcon_core.environment:checking '/home/jeff/tcc/robots/bot_ws/install/my_package/lib/pkgconfig/my_package.pc'
[2.516s] Level 1:colcon.colcon_core.environment:checking '/home/jeff/tcc/robots/bot_ws/install/my_package/lib/python3.10/site-packages'
[2.516s] Level 1:colcon.colcon_core.shell:create_environment_hook('my_package', 'pythonpath')
[2.519s] INFO:colcon.colcon_core.shell:Creating environment hook '/home/jeff/tcc/robots/bot_ws/install/my_package/share/my_package/hook/pythonpath.ps1'
[2.519s] INFO:colcon.colcon_core.shell:Creating environment descriptor '/home/jeff/tcc/robots/bot_ws/install/my_package/share/my_package/hook/pythonpath.dsv'
[2.520s] INFO:colcon.colcon_core.shell:Creating environment hook '/home/jeff/tcc/robots/bot_ws/install/my_package/share/my_package/hook/pythonpath.sh'
[2.521s] Level 1:colcon.colcon_core.environment:checking '/home/jeff/tcc/robots/bot_ws/install/my_package/bin'
[2.521s] Level 1:colcon.colcon_core.environment:create_environment_scripts_only(my_package)
[2.524s] INFO:colcon.colcon_core.shell:Creating package script '/home/jeff/tcc/robots/bot_ws/install/my_package/share/my_package/package.ps1'
[2.525s] INFO:colcon.colcon_core.shell:Creating package descriptor '/home/jeff/tcc/robots/bot_ws/install/my_package/share/my_package/package.dsv'
[2.525s] INFO:colcon.colcon_core.shell:Creating package script '/home/jeff/tcc/robots/bot_ws/install/my_package/share/my_package/package.sh'
[2.526s] INFO:colcon.colcon_core.shell:Creating package script '/home/jeff/tcc/robots/bot_ws/install/my_package/share/my_package/package.bash'
[2.526s] INFO:colcon.colcon_core.shell:Creating package script '/home/jeff/tcc/robots/bot_ws/install/my_package/share/my_package/package.zsh'
[2.526s] Level 1:colcon.colcon_core.environment:create_file_with_runtime_dependencies(/home/jeff/tcc/robots/bot_ws/install/my_package/share/colcon-core/packages/my_package)
[2.527s] DEBUG:colcon.colcon_parallel_executor.executor.parallel:closing loop
[2.527s] DEBUG:colcon.colcon_parallel_executor.executor.parallel:loop closed
[2.528s] DEBUG:colcon.colcon_parallel_executor.executor.parallel:run_until_complete finished with '0'
[2.528s] DEBUG:colcon.colcon_core.event_reactor:joining thread
[2.537s] INFO:colcon.colcon_core.plugin_system:Skipping extension 'colcon_notification.desktop_notification.terminal_notifier': Not used on non-Darwin systems
[2.538s] INFO:colcon.colcon_core.plugin_system:Skipping extension 'colcon_notification.desktop_notification.win32': Not used on non-Windows systems
[2.538s] INFO:colcon.colcon_notification.desktop_notification:Sending desktop notification using 'notify2'
[2.557s] DEBUG:colcon.colcon_core.event_reactor:joined thread
[2.559s] INFO:colcon.colcon_core.shell:Creating prefix script '/home/jeff/tcc/robots/bot_ws/install/local_setup.ps1'
[2.560s] INFO:colcon.colcon_core.shell:Creating prefix util module '/home/jeff/tcc/robots/bot_ws/install/_local_setup_util_ps1.py'
[2.571s] INFO:colcon.colcon_core.shell:Creating prefix chain script '/home/jeff/tcc/robots/bot_ws/install/setup.ps1'
[2.573s] INFO:colcon.colcon_core.shell:Creating prefix script '/home/jeff/tcc/robots/bot_ws/install/local_setup.sh'
[2.574s] INFO:colcon.colcon_core.shell:Creating prefix util module '/home/jeff/tcc/robots/bot_ws/install/_local_setup_util_sh.py'
[2.575s] INFO:colcon.colcon_core.shell:Creating prefix chain script '/home/jeff/tcc/robots/bot_ws/install/setup.sh'
[2.577s] INFO:colcon.colcon_core.shell:Creating prefix script '/home/jeff/tcc/robots/bot_ws/install/local_setup.bash'
[2.577s] INFO:colcon.colcon_core.shell:Creating prefix chain script '/home/jeff/tcc/robots/bot_ws/install/setup.bash'
[2.579s] INFO:colcon.colcon_core.shell:Creating prefix script '/home/jeff/tcc/robots/bot_ws/install/local_setup.zsh'
[2.580s] INFO:colcon.colcon_core.shell:Creating prefix chain script '/home/jeff/tcc/robots/bot_ws/install/setup.zsh'
