[0.011s] Invoking command in '/home/jeff/tcc/robots/nav2_outdoor_example/build/nav2_outdoor_example': CMAKE_PREFIX_PATH=/opt/ros/humble /usr/bin/cmake /home/jeff/tcc/robots/nav2_outdoor_example -DCMAKE_INSTALL_PREFIX=/home/jeff/tcc/robots/nav2_outdoor_example/install/nav2_outdoor_example
[0.067s] -- The C compiler identification is GNU 11.4.0
[0.126s] -- The CXX compiler identification is GNU 11.4.0
[0.134s] -- Detecting C compiler ABI info
[0.205s] -- Detecting C compiler ABI info - done
[0.213s] -- Check for working C compiler: /usr/bin/cc - skipped
[0.214s] -- Detecting C compile features
[0.214s] -- Detecting C compile features - done
[0.217s] -- Detecting CXX compiler ABI info
[0.300s] -- Detecting CXX compiler ABI info - done
[0.310s] -- Check for working CXX compiler: /usr/bin/c++ - skipped
[0.311s] -- Detecting CXX compile features
[0.311s] -- Detecting CXX compile features - done
[0.313s] -- Found ament_cmake: 1.3.5 (/opt/ros/humble/share/ament_cmake/cmake)
[0.499s] -- Found Python3: /usr/bin/python3.10 (found version "3.10.12") found components: Interpreter 
[0.648s] -- Configuring done
[0.651s] -- Generating done
[0.652s] -- Build files have been written to: /home/jeff/tcc/robots/nav2_outdoor_example/build/nav2_outdoor_example
[0.656s] Invoked command in '/home/jeff/tcc/robots/nav2_outdoor_example/build/nav2_outdoor_example' returned '0': CMAKE_PREFIX_PATH=/opt/ros/humble /usr/bin/cmake /home/jeff/tcc/robots/nav2_outdoor_example -DCMAKE_INSTALL_PREFIX=/home/jeff/tcc/robots/nav2_outdoor_example/install/nav2_outdoor_example
[0.658s] Invoking command in '/home/jeff/tcc/robots/nav2_outdoor_example/build/nav2_outdoor_example': CMAKE_PREFIX_PATH=/opt/ros/humble /usr/bin/cmake --build /home/jeff/tcc/robots/nav2_outdoor_example/build/nav2_outdoor_example -- -j8 -l8
[0.697s] Invoked command in '/home/jeff/tcc/robots/nav2_outdoor_example/build/nav2_outdoor_example' returned '0': CMAKE_PREFIX_PATH=/opt/ros/humble /usr/bin/cmake --build /home/jeff/tcc/robots/nav2_outdoor_example/build/nav2_outdoor_example -- -j8 -l8
[0.731s] Invoking command in '/home/jeff/tcc/robots/nav2_outdoor_example/build/nav2_outdoor_example': CMAKE_PREFIX_PATH=/opt/ros/humble /usr/bin/cmake --install /home/jeff/tcc/robots/nav2_outdoor_example/build/nav2_outdoor_example
[0.738s] -- Install configuration: ""
[0.739s] -- Installing: /home/jeff/tcc/robots/nav2_outdoor_example/install/nav2_outdoor_example/share/nav2_outdoor_example/launch
[0.739s] -- Installing: /home/jeff/tcc/robots/nav2_outdoor_example/install/nav2_outdoor_example/share/nav2_outdoor_example/launch/localization.launch.py
[0.739s] -- Installing: /home/jeff/tcc/robots/nav2_outdoor_example/install/nav2_outdoor_example/share/nav2_outdoor_example/launch/navigation.launch.py
[0.739s] -- Installing: /home/jeff/tcc/robots/nav2_outdoor_example/install/nav2_outdoor_example/share/nav2_outdoor_example/launch/bringup.launch.py
[0.739s] -- Installing: /home/jeff/tcc/robots/nav2_outdoor_example/install/nav2_outdoor_example/share/nav2_outdoor_example/launch/simulation.launch.py
[0.739s] -- Installing: /home/jeff/tcc/robots/nav2_outdoor_example/install/nav2_outdoor_example/share/nav2_outdoor_example/launch/visualization.launch.py
[0.740s] -- Installing: /home/jeff/tcc/robots/nav2_outdoor_example/install/nav2_outdoor_example/share/nav2_outdoor_example/rviz
[0.740s] -- Installing: /home/jeff/tcc/robots/nav2_outdoor_example/install/nav2_outdoor_example/share/nav2_outdoor_example/rviz/navigation_config.rviz
[0.740s] -- Installing: /home/jeff/tcc/robots/nav2_outdoor_example/install/nav2_outdoor_example/share/nav2_outdoor_example/config
[0.740s] -- Installing: /home/jeff/tcc/robots/nav2_outdoor_example/install/nav2_outdoor_example/share/nav2_outdoor_example/config/nav2_params.yaml
[0.740s] -- Installing: /home/jeff/tcc/robots/nav2_outdoor_example/install/nav2_outdoor_example/share/nav2_outdoor_example/config/ukf.yaml
[0.740s] -- Installing: /home/jeff/tcc/robots/nav2_outdoor_example/install/nav2_outdoor_example/share/nav2_outdoor_example/config/diff_drive_controller_velocity.yaml
[0.740s] -- Installing: /home/jeff/tcc/robots/nav2_outdoor_example/install/nav2_outdoor_example/share/nav2_outdoor_example/world
[0.740s] -- Installing: /home/jeff/tcc/robots/nav2_outdoor_example/install/nav2_outdoor_example/share/nav2_outdoor_example/world/turtlebot3_world.xcf
[0.740s] -- Installing: /home/jeff/tcc/robots/nav2_outdoor_example/install/nav2_outdoor_example/share/nav2_outdoor_example/world/turtlebot3_world_empty.pgm
[0.741s] -- Installing: /home/jeff/tcc/robots/nav2_outdoor_example/install/nav2_outdoor_example/share/nav2_outdoor_example/world/turtlebot3_world.yaml
[0.741s] -- Installing: /home/jeff/tcc/robots/nav2_outdoor_example/install/nav2_outdoor_example/share/nav2_outdoor_example/world/empty.sdf
[0.741s] -- Installing: /home/jeff/tcc/robots/nav2_outdoor_example/install/nav2_outdoor_example/share/nav2_outdoor_example/urdf
[0.741s] -- Installing: /home/jeff/tcc/robots/nav2_outdoor_example/install/nav2_outdoor_example/share/nav2_outdoor_example/urdf/materials.xacro
[0.741s] -- Installing: /home/jeff/tcc/robots/nav2_outdoor_example/install/nav2_outdoor_example/share/nav2_outdoor_example/urdf/robot.gazebo
[0.741s] -- Installing: /home/jeff/tcc/robots/nav2_outdoor_example/install/nav2_outdoor_example/share/nav2_outdoor_example/urdf/meshes
[0.741s] -- Installing: /home/jeff/tcc/robots/nav2_outdoor_example/install/nav2_outdoor_example/share/nav2_outdoor_example/urdf/meshes/base_link.stl
[0.742s] -- Installing: /home/jeff/tcc/robots/nav2_outdoor_example/install/nav2_outdoor_example/share/nav2_outdoor_example/urdf/meshes/wheel.stl
[0.742s] -- Installing: /home/jeff/tcc/robots/nav2_outdoor_example/install/nav2_outdoor_example/share/nav2_outdoor_example/urdf/wheel.xacro
[0.742s] -- Installing: /home/jeff/tcc/robots/nav2_outdoor_example/install/nav2_outdoor_example/share/nav2_outdoor_example/urdf/robot.xacro.urdf
[0.742s] -- Installing: /home/jeff/tcc/robots/nav2_outdoor_example/install/nav2_outdoor_example/share/ament_index/resource_index/package_run_dependencies/nav2_outdoor_example
[0.743s] -- Installing: /home/jeff/tcc/robots/nav2_outdoor_example/install/nav2_outdoor_example/share/ament_index/resource_index/parent_prefix_path/nav2_outdoor_example
[0.743s] -- Installing: /home/jeff/tcc/robots/nav2_outdoor_example/install/nav2_outdoor_example/share/nav2_outdoor_example/environment/ament_prefix_path.sh
[0.743s] -- Installing: /home/jeff/tcc/robots/nav2_outdoor_example/install/nav2_outdoor_example/share/nav2_outdoor_example/environment/ament_prefix_path.dsv
[0.743s] -- Installing: /home/jeff/tcc/robots/nav2_outdoor_example/install/nav2_outdoor_example/share/nav2_outdoor_example/environment/path.sh
[0.743s] -- Installing: /home/jeff/tcc/robots/nav2_outdoor_example/install/nav2_outdoor_example/share/nav2_outdoor_example/environment/path.dsv
[0.743s] -- Installing: /home/jeff/tcc/robots/nav2_outdoor_example/install/nav2_outdoor_example/share/nav2_outdoor_example/local_setup.bash
[0.744s] -- Installing: /home/jeff/tcc/robots/nav2_outdoor_example/install/nav2_outdoor_example/share/nav2_outdoor_example/local_setup.sh
[0.744s] -- Installing: /home/jeff/tcc/robots/nav2_outdoor_example/install/nav2_outdoor_example/share/nav2_outdoor_example/local_setup.zsh
[0.744s] -- Installing: /home/jeff/tcc/robots/nav2_outdoor_example/install/nav2_outdoor_example/share/nav2_outdoor_example/local_setup.dsv
[0.744s] -- Installing: /home/jeff/tcc/robots/nav2_outdoor_example/install/nav2_outdoor_example/share/nav2_outdoor_example/package.dsv
[0.744s] -- Installing: /home/jeff/tcc/robots/nav2_outdoor_example/install/nav2_outdoor_example/share/ament_index/resource_index/packages/nav2_outdoor_example
[0.745s] -- Installing: /home/jeff/tcc/robots/nav2_outdoor_example/install/nav2_outdoor_example/share/nav2_outdoor_example/cmake/nav2_outdoor_exampleConfig.cmake
[0.745s] -- Installing: /home/jeff/tcc/robots/nav2_outdoor_example/install/nav2_outdoor_example/share/nav2_outdoor_example/cmake/nav2_outdoor_exampleConfig-version.cmake
[0.745s] -- Installing: /home/jeff/tcc/robots/nav2_outdoor_example/install/nav2_outdoor_example/share/nav2_outdoor_example/package.xml
[0.748s] Invoked command in '/home/jeff/tcc/robots/nav2_outdoor_example/build/nav2_outdoor_example' returned '0': CMAKE_PREFIX_PATH=/opt/ros/humble /usr/bin/cmake --install /home/jeff/tcc/robots/nav2_outdoor_example/build/nav2_outdoor_example
