[0.574s] Invoking command in '/home/jeff/tcc/robots/my_ws/build/my_robot': CMAKE_PREFIX_PATH=${CMAKE_PREFIX_PATH}:/home/jeff/tcc/robots/my_ws/install/simulation:/home/jeff/tcc/robots/my_ws/install/my_car_control_package:/home/jeff/tcc/robots/my_ws/install/controllers /usr/bin/cmake --build /home/jeff/tcc/robots/my_ws/build/my_robot -- -j8 -l8
[0.853s] Invoked command in '/home/jeff/tcc/robots/my_ws/build/my_robot' returned '0': CMAKE_PREFIX_PATH=${CMAKE_PREFIX_PATH}:/home/jeff/tcc/robots/my_ws/install/simulation:/home/jeff/tcc/robots/my_ws/install/my_car_control_package:/home/jeff/tcc/robots/my_ws/install/controllers /usr/bin/cmake --build /home/jeff/tcc/robots/my_ws/build/my_robot -- -j8 -l8
[0.890s] Invoking command in '/home/jeff/tcc/robots/my_ws/build/my_robot': CMAKE_PREFIX_PATH=${CMAKE_PREFIX_PATH}:/home/jeff/tcc/robots/my_ws/install/simulation:/home/jeff/tcc/robots/my_ws/install/my_car_control_package:/home/jeff/tcc/robots/my_ws/install/controllers /usr/bin/cmake --install /home/jeff/tcc/robots/my_ws/build/my_robot
[0.904s] -- Install configuration: ""
[0.904s] -- Up-to-date: /home/jeff/tcc/robots/my_ws/install/my_robot/share/ament_index/resource_index/package_run_dependencies/my_robot
[0.905s] -- Up-to-date: /home/jeff/tcc/robots/my_ws/install/my_robot/share/ament_index/resource_index/parent_prefix_path/my_robot
[0.905s] -- Up-to-date: /home/jeff/tcc/robots/my_ws/install/my_robot/share/my_robot/environment/ament_prefix_path.sh
[0.907s] -- Up-to-date: /home/jeff/tcc/robots/my_ws/install/my_robot/share/my_robot/environment/ament_prefix_path.dsv
[0.907s] -- Up-to-date: /home/jeff/tcc/robots/my_ws/install/my_robot/share/my_robot/environment/path.sh
[0.907s] -- Up-to-date: /home/jeff/tcc/robots/my_ws/install/my_robot/share/my_robot/environment/path.dsv
[0.907s] -- Up-to-date: /home/jeff/tcc/robots/my_ws/install/my_robot/share/my_robot/local_setup.bash
[0.908s] -- Up-to-date: /home/jeff/tcc/robots/my_ws/install/my_robot/share/my_robot/local_setup.sh
[0.908s] -- Up-to-date: /home/jeff/tcc/robots/my_ws/install/my_robot/share/my_robot/local_setup.zsh
[0.909s] -- Up-to-date: /home/jeff/tcc/robots/my_ws/install/my_robot/share/my_robot/local_setup.dsv
[0.909s] -- Up-to-date: /home/jeff/tcc/robots/my_ws/install/my_robot/share/my_robot/package.dsv
[0.910s] -- Up-to-date: /home/jeff/tcc/robots/my_ws/install/my_robot/share/ament_index/resource_index/packages/my_robot
[0.910s] -- Up-to-date: /home/jeff/tcc/robots/my_ws/install/my_robot/share/my_robot/cmake/my_robotConfig.cmake
[0.910s] -- Up-to-date: /home/jeff/tcc/robots/my_ws/install/my_robot/share/my_robot/cmake/my_robotConfig-version.cmake
[0.911s] -- Up-to-date: /home/jeff/tcc/robots/my_ws/install/my_robot/share/my_robot/package.xml
[0.936s] Invoked command in '/home/jeff/tcc/robots/my_ws/build/my_robot' returned '0': CMAKE_PREFIX_PATH=${CMAKE_PREFIX_PATH}:/home/jeff/tcc/robots/my_ws/install/simulation:/home/jeff/tcc/robots/my_ws/install/my_car_control_package:/home/jeff/tcc/robots/my_ws/install/controllers /usr/bin/cmake --install /home/jeff/tcc/robots/my_ws/build/my_robot
