[0.702s] Invoking command in '/home/ti/tcc/robots/ros2_ws/src/my_robot_controller': PYTHONPATH=/home/ti/tcc/robots/ros2_ws/build/my_robot_controller/prefix_override:/home/ti/tcc/robots/ros2_ws/install/my_robot_controller/lib/python3.10/site-packages:${PYTHONPATH} /usr/bin/python3 setup.py egg_info --egg-base ../../build/my_robot_controller build --build-base /home/ti/tcc/robots/ros2_ws/build/my_robot_controller/build install --record /home/ti/tcc/robots/ros2_ws/build/my_robot_controller/install.log --single-version-externally-managed
[0.957s] running egg_info
[0.958s] writing ../../build/my_robot_controller/my_robot_controller.egg-info/PKG-INFO
[0.958s] writing dependency_links to ../../build/my_robot_controller/my_robot_controller.egg-info/dependency_links.txt
[0.959s] writing entry points to ../../build/my_robot_controller/my_robot_controller.egg-info/entry_points.txt
[0.959s] writing requirements to ../../build/my_robot_controller/my_robot_controller.egg-info/requires.txt
[0.959s] writing top-level names to ../../build/my_robot_controller/my_robot_controller.egg-info/top_level.txt
[0.961s] reading manifest file '../../build/my_robot_controller/my_robot_controller.egg-info/SOURCES.txt'
[0.962s] writing manifest file '../../build/my_robot_controller/my_robot_controller.egg-info/SOURCES.txt'
[0.962s] running build
[0.962s] running build_py
[0.963s] running install
[0.963s] running install_lib
[0.964s] running install_data
[0.964s] running install_egg_info
[0.966s] removing '/home/ti/tcc/robots/ros2_ws/install/my_robot_controller/lib/python3.10/site-packages/my_robot_controller-0.0.0-py3.10.egg-info' (and everything under it)
[0.967s] Copying ../../build/my_robot_controller/my_robot_controller.egg-info to /home/ti/tcc/robots/ros2_ws/install/my_robot_controller/lib/python3.10/site-packages/my_robot_controller-0.0.0-py3.10.egg-info
[0.968s] running install_scripts
[0.987s] writing list of installed files to '/home/ti/tcc/robots/ros2_ws/build/my_robot_controller/install.log'
[1.022s] Invoked command in '/home/ti/tcc/robots/ros2_ws/src/my_robot_controller' returned '0': PYTHONPATH=/home/ti/tcc/robots/ros2_ws/build/my_robot_controller/prefix_override:/home/ti/tcc/robots/ros2_ws/install/my_robot_controller/lib/python3.10/site-packages:${PYTHONPATH} /usr/bin/python3 setup.py egg_info --egg-base ../../build/my_robot_controller build --build-base /home/ti/tcc/robots/ros2_ws/build/my_robot_controller/build install --record /home/ti/tcc/robots/ros2_ws/build/my_robot_controller/install.log --single-version-externally-managed
