[1.284s] Invoking command in '/home/jeff/tcc/robots/my_ws/src/my_car_control_package': PYTHONPATH=/home/jeff/tcc/robots/my_ws/build/my_car_control_package/prefix_override:/home/jeff/tcc/robots/my_ws/install/my_car_control_package/lib/python3.10/site-packages:${PYTHONPATH} /usr/bin/python3 setup.py egg_info --egg-base ../../build/my_car_control_package build --build-base /home/jeff/tcc/robots/my_ws/build/my_car_control_package/build install --record /home/jeff/tcc/robots/my_ws/build/my_car_control_package/install.log --single-version-externally-managed
[1.597s] running egg_info
[1.598s] creating ../../build/my_car_control_package/my_car_control_package.egg-info
[1.598s] writing ../../build/my_car_control_package/my_car_control_package.egg-info/PKG-INFO
[1.598s] writing dependency_links to ../../build/my_car_control_package/my_car_control_package.egg-info/dependency_links.txt
[1.598s] writing entry points to ../../build/my_car_control_package/my_car_control_package.egg-info/entry_points.txt
[1.598s] writing requirements to ../../build/my_car_control_package/my_car_control_package.egg-info/requires.txt
[1.599s] writing top-level names to ../../build/my_car_control_package/my_car_control_package.egg-info/top_level.txt
[1.599s] writing manifest file '../../build/my_car_control_package/my_car_control_package.egg-info/SOURCES.txt'
[1.602s] reading manifest file '../../build/my_car_control_package/my_car_control_package.egg-info/SOURCES.txt'
[1.604s] writing manifest file '../../build/my_car_control_package/my_car_control_package.egg-info/SOURCES.txt'
[1.604s] running build
[1.604s] running build_py
[1.604s] creating /home/jeff/tcc/robots/my_ws/build/my_car_control_package/build
[1.604s] creating /home/jeff/tcc/robots/my_ws/build/my_car_control_package/build/lib
[1.605s] creating /home/jeff/tcc/robots/my_ws/build/my_car_control_package/build/lib/my_car_control_package
[1.605s] copying my_car_control_package/__init__.py -> /home/jeff/tcc/robots/my_ws/build/my_car_control_package/build/lib/my_car_control_package
[1.605s] running install
[1.605s] /usr/lib/python3/dist-packages/setuptools/command/install.py:34: SetuptoolsDeprecationWarning: setup.py install is deprecated. Use build and pip and other standards-based tools.
[1.605s]   warnings.warn(
[1.606s] running install_lib
[1.607s] creating /home/jeff/tcc/robots/my_ws/install/my_car_control_package/lib/python3.10/site-packages/my_car_control_package
[1.607s] copying /home/jeff/tcc/robots/my_ws/build/my_car_control_package/build/lib/my_car_control_package/__init__.py -> /home/jeff/tcc/robots/my_ws/install/my_car_control_package/lib/python3.10/site-packages/my_car_control_package
[1.608s] byte-compiling /home/jeff/tcc/robots/my_ws/install/my_car_control_package/lib/python3.10/site-packages/my_car_control_package/__init__.py to __init__.cpython-310.pyc
[1.608s] running install_data
[1.609s] creating /home/jeff/tcc/robots/my_ws/install/my_car_control_package/share/ament_index
[1.609s] creating /home/jeff/tcc/robots/my_ws/install/my_car_control_package/share/ament_index/resource_index
[1.609s] creating /home/jeff/tcc/robots/my_ws/install/my_car_control_package/share/ament_index/resource_index/packages
[1.609s] copying resource/my_car_control_package -> /home/jeff/tcc/robots/my_ws/install/my_car_control_package/share/ament_index/resource_index/packages
[1.610s] copying package.xml -> /home/jeff/tcc/robots/my_ws/install/my_car_control_package/share/my_car_control_package
[1.610s] running install_egg_info
[1.613s] Copying ../../build/my_car_control_package/my_car_control_package.egg-info to /home/jeff/tcc/robots/my_ws/install/my_car_control_package/lib/python3.10/site-packages/my_car_control_package-0.0.0-py3.10.egg-info
[1.618s] running install_scripts
[1.644s] writing list of installed files to '/home/jeff/tcc/robots/my_ws/build/my_car_control_package/install.log'
[1.671s] Invoked command in '/home/jeff/tcc/robots/my_ws/src/my_car_control_package' returned '0': PYTHONPATH=/home/jeff/tcc/robots/my_ws/build/my_car_control_package/prefix_override:/home/jeff/tcc/robots/my_ws/install/my_car_control_package/lib/python3.10/site-packages:${PYTHONPATH} /usr/bin/python3 setup.py egg_info --egg-base ../../build/my_car_control_package build --build-base /home/jeff/tcc/robots/my_ws/build/my_car_control_package/build install --record /home/jeff/tcc/robots/my_ws/build/my_car_control_package/install.log --single-version-externally-managed
