[0.677s] Invoking command in '/home/ti/tcc/robots/ros2_ws/build/my_robot_controller': PYTHONPATH=/home/ti/tcc/robots/ros2_ws/build/my_robot_controller/prefix_override:/home/ti/tcc/robots/ros2_ws/install/my_robot_controller/lib/python3.10/site-packages:${PYTHONPATH} /usr/bin/python3 setup.py develop --editable --build-directory /home/ti/tcc/robots/ros2_ws/build/my_robot_controller/build --no-deps install_data
[0.953s] running develop
[1.120s] running egg_info
[1.120s] writing my_robot_controller.egg-info/PKG-INFO
[1.121s] writing dependency_links to my_robot_controller.egg-info/dependency_links.txt
[1.121s] writing entry points to my_robot_controller.egg-info/entry_points.txt
[1.121s] writing requirements to my_robot_controller.egg-info/requires.txt
[1.121s] writing top-level names to my_robot_controller.egg-info/top_level.txt
[1.124s] reading manifest file 'my_robot_controller.egg-info/SOURCES.txt'
[1.124s] writing manifest file 'my_robot_controller.egg-info/SOURCES.txt'
[1.125s] running build_ext
[1.126s] Creating /home/ti/tcc/robots/ros2_ws/install/my_robot_controller/lib/python3.10/site-packages/my-robot-controller.egg-link (link to .)
[1.126s] Installing draw_circle script to /home/ti/tcc/robots/ros2_ws/install/my_robot_controller/lib/my_robot_controller
[1.127s] Installing pose_subscriber script to /home/ti/tcc/robots/ros2_ws/install/my_robot_controller/lib/my_robot_controller
[1.127s] Installing test_node script to /home/ti/tcc/robots/ros2_ws/install/my_robot_controller/lib/my_robot_controller
[1.127s] Installing turtle_controller script to /home/ti/tcc/robots/ros2_ws/install/my_robot_controller/lib/my_robot_controller
[1.128s] 
[1.128s] Installed /home/ti/tcc/robots/ros2_ws/build/my_robot_controller
[1.128s] running install_data
[1.177s] Invoked command in '/home/ti/tcc/robots/ros2_ws/build/my_robot_controller' returned '0': PYTHONPATH=/home/ti/tcc/robots/ros2_ws/build/my_robot_controller/prefix_override:/home/ti/tcc/robots/ros2_ws/install/my_robot_controller/lib/python3.10/site-packages:${PYTHONPATH} /usr/bin/python3 setup.py develop --editable --build-directory /home/ti/tcc/robots/ros2_ws/build/my_robot_controller/build --no-deps install_data
