running egg_info
creating ../../build/simulation/simulation.egg-info
writing ../../build/simulation/simulation.egg-info/PKG-INFO
writing dependency_links to ../../build/simulation/simulation.egg-info/dependency_links.txt
writing entry points to ../../build/simulation/simulation.egg-info/entry_points.txt
writing requirements to ../../build/simulation/simulation.egg-info/requires.txt
writing top-level names to ../../build/simulation/simulation.egg-info/top_level.txt
writing manifest file '../../build/simulation/simulation.egg-info/SOURCES.txt'
reading manifest file '../../build/simulation/simulation.egg-info/SOURCES.txt'
writing manifest file '../../build/simulation/simulation.egg-info/SOURCES.txt'
running build
running build_py
creating /home/jeff/tcc/robots/my_ws/build/simulation/build
creating /home/jeff/tcc/robots/my_ws/build/simulation/build/lib
creating /home/jeff/tcc/robots/my_ws/build/simulation/build/lib/simulation
copying simulation/__init__.py -> /home/jeff/tcc/robots/my_ws/build/simulation/build/lib/simulation
running install
/usr/lib/python3/dist-packages/setuptools/command/install.py:34: SetuptoolsDeprecationWarning: setup.py install is deprecated. Use build and pip and other standards-based tools.
  warnings.warn(
running install_lib
creating /home/jeff/tcc/robots/my_ws/install/simulation/lib/python3.10/site-packages/simulation
copying /home/jeff/tcc/robots/my_ws/build/simulation/build/lib/simulation/__init__.py -> /home/jeff/tcc/robots/my_ws/install/simulation/lib/python3.10/site-packages/simulation
byte-compiling /home/jeff/tcc/robots/my_ws/install/simulation/lib/python3.10/site-packages/simulation/__init__.py to __init__.cpython-310.pyc
running install_data
creating /home/jeff/tcc/robots/my_ws/install/simulation/share/ament_index
creating /home/jeff/tcc/robots/my_ws/install/simulation/share/ament_index/resource_index
creating /home/jeff/tcc/robots/my_ws/install/simulation/share/ament_index/resource_index/packages
copying resource/simulation -> /home/jeff/tcc/robots/my_ws/install/simulation/share/ament_index/resource_index/packages
copying package.xml -> /home/jeff/tcc/robots/my_ws/install/simulation/share/simulation
running install_egg_info
Copying ../../build/simulation/simulation.egg-info to /home/jeff/tcc/robots/my_ws/install/simulation/lib/python3.10/site-packages/simulation-0.0.0-py3.10.egg-info
running install_scripts
writing list of installed files to '/home/jeff/tcc/robots/my_ws/build/simulation/install.log'
