[1.256s] Invoking command in '/home/jeff/tcc/robots/my_ws/src/simulation': PYTHONPATH=/home/jeff/tcc/robots/my_ws/build/simulation/prefix_override:/home/jeff/tcc/robots/my_ws/install/simulation/lib/python3.10/site-packages:${PYTHONPATH} /usr/bin/python3 setup.py egg_info --egg-base ../../build/simulation build --build-base /home/jeff/tcc/robots/my_ws/build/simulation/build install --record /home/jeff/tcc/robots/my_ws/build/simulation/install.log --single-version-externally-managed
[1.526s] running egg_info
[1.527s] creating ../../build/simulation/simulation.egg-info
[1.527s] writing ../../build/simulation/simulation.egg-info/PKG-INFO
[1.527s] writing dependency_links to ../../build/simulation/simulation.egg-info/dependency_links.txt
[1.527s] writing entry points to ../../build/simulation/simulation.egg-info/entry_points.txt
[1.528s] writing requirements to ../../build/simulation/simulation.egg-info/requires.txt
[1.528s] writing top-level names to ../../build/simulation/simulation.egg-info/top_level.txt
[1.528s] writing manifest file '../../build/simulation/simulation.egg-info/SOURCES.txt'
[1.530s] reading manifest file '../../build/simulation/simulation.egg-info/SOURCES.txt'
[1.531s] writing manifest file '../../build/simulation/simulation.egg-info/SOURCES.txt'
[1.531s] running build
[1.532s] running build_py
[1.532s] creating /home/jeff/tcc/robots/my_ws/build/simulation/build
[1.532s] creating /home/jeff/tcc/robots/my_ws/build/simulation/build/lib
[1.532s] creating /home/jeff/tcc/robots/my_ws/build/simulation/build/lib/simulation
[1.532s] copying simulation/__init__.py -> /home/jeff/tcc/robots/my_ws/build/simulation/build/lib/simulation
[1.532s] running install
[1.532s] /usr/lib/python3/dist-packages/setuptools/command/install.py:34: SetuptoolsDeprecationWarning: setup.py install is deprecated. Use build and pip and other standards-based tools.
[1.532s]   warnings.warn(
[1.532s] running install_lib
[1.533s] creating /home/jeff/tcc/robots/my_ws/install/simulation/lib/python3.10/site-packages/simulation
[1.533s] copying /home/jeff/tcc/robots/my_ws/build/simulation/build/lib/simulation/__init__.py -> /home/jeff/tcc/robots/my_ws/install/simulation/lib/python3.10/site-packages/simulation
[1.534s] byte-compiling /home/jeff/tcc/robots/my_ws/install/simulation/lib/python3.10/site-packages/simulation/__init__.py to __init__.cpython-310.pyc
[1.534s] running install_data
[1.535s] creating /home/jeff/tcc/robots/my_ws/install/simulation/share/ament_index
[1.535s] creating /home/jeff/tcc/robots/my_ws/install/simulation/share/ament_index/resource_index
[1.535s] creating /home/jeff/tcc/robots/my_ws/install/simulation/share/ament_index/resource_index/packages
[1.536s] copying resource/simulation -> /home/jeff/tcc/robots/my_ws/install/simulation/share/ament_index/resource_index/packages
[1.536s] copying package.xml -> /home/jeff/tcc/robots/my_ws/install/simulation/share/simulation
[1.536s] running install_egg_info
[1.538s] Copying ../../build/simulation/simulation.egg-info to /home/jeff/tcc/robots/my_ws/install/simulation/lib/python3.10/site-packages/simulation-0.0.0-py3.10.egg-info
[1.539s] running install_scripts
[1.565s] writing list of installed files to '/home/jeff/tcc/robots/my_ws/build/simulation/install.log'
[1.599s] Invoked command in '/home/jeff/tcc/robots/my_ws/src/simulation' returned '0': PYTHONPATH=/home/jeff/tcc/robots/my_ws/build/simulation/prefix_override:/home/jeff/tcc/robots/my_ws/install/simulation/lib/python3.10/site-packages:${PYTHONPATH} /usr/bin/python3 setup.py egg_info --egg-base ../../build/simulation build --build-base /home/jeff/tcc/robots/my_ws/build/simulation/build install --record /home/jeff/tcc/robots/my_ws/build/simulation/install.log --single-version-externally-managed
