[0.019s] Invoking command in '/home/ti/tcc/robots/simulation_ws/build/my_simulations': /usr/bin/cmake /home/ti/tcc/robots/simulation_ws/src/my_simulations -DCATKIN_INSTALL_INTO_PREFIX_ROOT=0 -DCMAKE_INSTALL_PREFIX=/home/ti/tcc/robots/simulation_ws/install/my_simulations
[0.198s] -- The C compiler identification is GNU 11.4.0
[0.323s] -- The CXX compiler identification is GNU 11.4.0
[0.341s] -- Detecting C compiler ABI info
[0.472s] -- Detecting C compiler ABI info - done
[0.482s] -- Check for working C compiler: /usr/bin/cc - skipped
[0.483s] -- Detecting C compile features
[0.484s] -- Detecting C compile features - done
[0.489s] -- Detecting CXX compiler ABI info
[0.580s] -- Detecting CXX compiler ABI info - done
[0.591s] -- Check for working CXX compiler: /usr/bin/c++ - skipped
[0.591s] -- Detecting CXX compile features
[0.592s] -- Detecting CXX compile features - done
[0.607s] [31mCMake Error at CMakeLists.txt:10 (find_package):
[0.607s]   By not providing "Findcatkin.cmake" in CMAKE_MODULE_PATH this project has
[0.607s]   asked CMake to find a package configuration file provided by "catkin", but
[0.607s]   CMake did not find one.
[0.607s] 
[0.608s]   Could not find a package configuration file provided by "catkin" with any
[0.608s]   of the following names:
[0.608s] 
[0.608s]     catkinConfig.cmake
[0.608s]     catkin-config.cmake
[0.608s] 
[0.609s]   Add the installation prefix of "catkin" to CMAKE_PREFIX_PATH or set
[0.609s]   "catkin_DIR" to a directory containing one of the above files.  If "catkin"
[0.609s]   provides a separate development package or SDK, be sure it has been
[0.609s]   installed.
[0.610s] 
[0.610s] [0m
[0.610s] -- Configuring incomplete, errors occurred!
[0.611s] See also "/home/ti/tcc/robots/simulation_ws/build/my_simulations/CMakeFiles/CMakeOutput.log".
[0.611s] Invoked command in '/home/ti/tcc/robots/simulation_ws/build/my_simulations' returned '1': /usr/bin/cmake /home/ti/tcc/robots/simulation_ws/src/my_simulations -DCATKIN_INSTALL_INTO_PREFIX_ROOT=0 -DCMAKE_INSTALL_PREFIX=/home/ti/tcc/robots/simulation_ws/install/my_simulations
