[0.890s] DEBUG:colcon:Command line arguments: ['/usr/bin/colcon', 'list', '-p', '--base-paths', '/home/ti/tcc/robots/youtube_robot']
[0.890s] DEBUG:colcon:Parsed command line arguments: Namespace(log_base=None, log_level=None, verb_name='list', build_base='build', ignore_user_meta=False, metas=['./colcon.meta'], base_paths=['/home/ti/tcc/robots/youtube_robot'], packages_ignore=None, packages_ignore_regex=None, paths=None, packages_up_to=None, packages_up_to_regex=None, packages_above=None, packages_above_and_dependencies=None, packages_above_depth=None, packages_select_by_dep=None, packages_skip_by_dep=None, packages_skip_up_to=None, packages_select_build_failed=False, packages_skip_build_finished=False, packages_select_test_failures=False, packages_skip_test_passed=False, packages_select=None, packages_skip=None, packages_select_regex=None, packages_skip_regex=None, packages_start=None, packages_end=None, allow_overriding=[], topological_order=False, names_only=False, paths_only=True, topological_graph=False, topological_graph_dot=False, topological_graph_density=False, topological_graph_legend=False, topological_graph_dot_cluster=False, topological_graph_dot_include_skipped=False, verb_parser=<colcon_defaults.argument_parser.defaults.DefaultArgumentsDecorator object at 0x7fbb7e092ce0>, verb_extension=<colcon_package_information.verb.list.ListVerb object at 0x7fbb7e12a020>, main=<bound method ListVerb.main of <colcon_package_information.verb.list.ListVerb object at 0x7fbb7e12a020>>)
[1.214s] Level 1:colcon.colcon_core.package_discovery:discover_packages(colcon_meta) check parameters
[1.214s] Level 1:colcon.colcon_core.package_discovery:discover_packages(recursive) check parameters
[1.214s] Level 1:colcon.colcon_core.package_discovery:discover_packages(ignore) check parameters
[1.214s] Level 1:colcon.colcon_core.package_discovery:discover_packages(path) check parameters
[1.214s] Level 1:colcon.colcon_core.package_discovery:discover_packages(recursive) discover
[1.214s] INFO:colcon.colcon_core.package_discovery:Crawling recursively for packages in '/home/ti/tcc/robots/youtube_robot'
[1.214s] Level 1:colcon.colcon_core.package_identification:_identify(/home/ti/tcc/robots/youtube_robot) by extensions ['ignore', 'ignore_ament_install']
[1.215s] Level 1:colcon.colcon_core.package_identification:_identify(/home/ti/tcc/robots/youtube_robot) by extension 'ignore'
[1.215s] Level 1:colcon.colcon_core.package_identification:_identify(/home/ti/tcc/robots/youtube_robot) by extension 'ignore_ament_install'
[1.215s] Level 1:colcon.colcon_core.package_identification:_identify(/home/ti/tcc/robots/youtube_robot) by extensions ['colcon_pkg']
[1.215s] Level 1:colcon.colcon_core.package_identification:_identify(/home/ti/tcc/robots/youtube_robot) by extension 'colcon_pkg'
[1.215s] Level 1:colcon.colcon_core.package_identification:_identify(/home/ti/tcc/robots/youtube_robot) by extensions ['colcon_meta']
[1.215s] Level 1:colcon.colcon_core.package_identification:_identify(/home/ti/tcc/robots/youtube_robot) by extension 'colcon_meta'
[1.215s] Level 1:colcon.colcon_core.package_identification:_identify(/home/ti/tcc/robots/youtube_robot) by extensions ['ros']
[1.215s] Level 1:colcon.colcon_core.package_identification:_identify(/home/ti/tcc/robots/youtube_robot) by extension 'ros'
[1.300s] Level 1:colcon.colcon_core.package_identification:_identify(/home/ti/tcc/robots/youtube_robot) by extensions ['cmake', 'python']
[1.300s] Level 1:colcon.colcon_core.package_identification:_identify(/home/ti/tcc/robots/youtube_robot) by extension 'cmake'
[1.300s] Level 1:colcon.colcon_core.package_identification:_identify(/home/ti/tcc/robots/youtube_robot) by extension 'python'
[1.300s] Level 1:colcon.colcon_core.package_identification:_identify(/home/ti/tcc/robots/youtube_robot) by extensions ['python_setup_py']
[1.300s] Level 1:colcon.colcon_core.package_identification:_identify(/home/ti/tcc/robots/youtube_robot) by extension 'python_setup_py'
[1.300s] Level 1:colcon.colcon_core.package_identification:_identify(/home/ti/tcc/robots/youtube_robot/build) by extensions ['ignore', 'ignore_ament_install']
[1.301s] Level 1:colcon.colcon_core.package_identification:_identify(/home/ti/tcc/robots/youtube_robot/build) by extension 'ignore'
[1.301s] Level 1:colcon.colcon_core.package_identification:_identify(/home/ti/tcc/robots/youtube_robot/build) ignored
[1.301s] Level 1:colcon.colcon_core.package_identification:_identify(/home/ti/tcc/robots/youtube_robot/install) by extensions ['ignore', 'ignore_ament_install']
[1.301s] Level 1:colcon.colcon_core.package_identification:_identify(/home/ti/tcc/robots/youtube_robot/install) by extension 'ignore'
[1.301s] Level 1:colcon.colcon_core.package_identification:_identify(/home/ti/tcc/robots/youtube_robot/install) ignored
[1.301s] Level 1:colcon.colcon_core.package_identification:_identify(/home/ti/tcc/robots/youtube_robot/log) by extensions ['ignore', 'ignore_ament_install']
[1.301s] Level 1:colcon.colcon_core.package_identification:_identify(/home/ti/tcc/robots/youtube_robot/log) by extension 'ignore'
[1.301s] Level 1:colcon.colcon_core.package_identification:_identify(/home/ti/tcc/robots/youtube_robot/log) ignored
[1.301s] Level 1:colcon.colcon_core.package_identification:_identify(/home/ti/tcc/robots/youtube_robot/src) by extensions ['ignore', 'ignore_ament_install']
[1.302s] Level 1:colcon.colcon_core.package_identification:_identify(/home/ti/tcc/robots/youtube_robot/src) by extension 'ignore'
[1.302s] Level 1:colcon.colcon_core.package_identification:_identify(/home/ti/tcc/robots/youtube_robot/src) by extension 'ignore_ament_install'
[1.302s] Level 1:colcon.colcon_core.package_identification:_identify(/home/ti/tcc/robots/youtube_robot/src) by extensions ['colcon_pkg']
[1.302s] Level 1:colcon.colcon_core.package_identification:_identify(/home/ti/tcc/robots/youtube_robot/src) by extension 'colcon_pkg'
[1.302s] Level 1:colcon.colcon_core.package_identification:_identify(/home/ti/tcc/robots/youtube_robot/src) by extensions ['colcon_meta']
[1.302s] Level 1:colcon.colcon_core.package_identification:_identify(/home/ti/tcc/robots/youtube_robot/src) by extension 'colcon_meta'
[1.302s] Level 1:colcon.colcon_core.package_identification:_identify(/home/ti/tcc/robots/youtube_robot/src) by extensions ['ros']
[1.302s] Level 1:colcon.colcon_core.package_identification:_identify(/home/ti/tcc/robots/youtube_robot/src) by extension 'ros'
[1.302s] Level 1:colcon.colcon_core.package_identification:_identify(/home/ti/tcc/robots/youtube_robot/src) by extensions ['cmake', 'python']
[1.302s] Level 1:colcon.colcon_core.package_identification:_identify(/home/ti/tcc/robots/youtube_robot/src) by extension 'cmake'
[1.302s] Level 1:colcon.colcon_core.package_identification:_identify(/home/ti/tcc/robots/youtube_robot/src) by extension 'python'
[1.302s] Level 1:colcon.colcon_core.package_identification:_identify(/home/ti/tcc/robots/youtube_robot/src) by extensions ['python_setup_py']
[1.302s] Level 1:colcon.colcon_core.package_identification:_identify(/home/ti/tcc/robots/youtube_robot/src) by extension 'python_setup_py'
[1.303s] Level 1:colcon.colcon_core.package_identification:_identify(/home/ti/tcc/robots/youtube_robot/src/launch) by extensions ['ignore', 'ignore_ament_install']
[1.303s] Level 1:colcon.colcon_core.package_identification:_identify(/home/ti/tcc/robots/youtube_robot/src/launch) by extension 'ignore'
[1.303s] Level 1:colcon.colcon_core.package_identification:_identify(/home/ti/tcc/robots/youtube_robot/src/launch) by extension 'ignore_ament_install'
[1.303s] Level 1:colcon.colcon_core.package_identification:_identify(/home/ti/tcc/robots/youtube_robot/src/launch) by extensions ['colcon_pkg']
[1.303s] Level 1:colcon.colcon_core.package_identification:_identify(/home/ti/tcc/robots/youtube_robot/src/launch) by extension 'colcon_pkg'
[1.303s] Level 1:colcon.colcon_core.package_identification:_identify(/home/ti/tcc/robots/youtube_robot/src/launch) by extensions ['colcon_meta']
[1.303s] Level 1:colcon.colcon_core.package_identification:_identify(/home/ti/tcc/robots/youtube_robot/src/launch) by extension 'colcon_meta'
[1.303s] Level 1:colcon.colcon_core.package_identification:_identify(/home/ti/tcc/robots/youtube_robot/src/launch) by extensions ['ros']
[1.303s] Level 1:colcon.colcon_core.package_identification:_identify(/home/ti/tcc/robots/youtube_robot/src/launch) by extension 'ros'
[1.303s] Level 1:colcon.colcon_core.package_identification:_identify(/home/ti/tcc/robots/youtube_robot/src/launch) by extensions ['cmake', 'python']
[1.303s] Level 1:colcon.colcon_core.package_identification:_identify(/home/ti/tcc/robots/youtube_robot/src/launch) by extension 'cmake'
[1.303s] Level 1:colcon.colcon_core.package_identification:_identify(/home/ti/tcc/robots/youtube_robot/src/launch) by extension 'python'
[1.303s] Level 1:colcon.colcon_core.package_identification:_identify(/home/ti/tcc/robots/youtube_robot/src/launch) by extensions ['python_setup_py']
[1.303s] Level 1:colcon.colcon_core.package_identification:_identify(/home/ti/tcc/robots/youtube_robot/src/launch) by extension 'python_setup_py'
[1.304s] Level 1:colcon.colcon_core.package_identification:_identify(/home/ti/tcc/robots/youtube_robot/src/meshes) by extensions ['ignore', 'ignore_ament_install']
[1.304s] Level 1:colcon.colcon_core.package_identification:_identify(/home/ti/tcc/robots/youtube_robot/src/meshes) by extension 'ignore'
[1.304s] Level 1:colcon.colcon_core.package_identification:_identify(/home/ti/tcc/robots/youtube_robot/src/meshes) by extension 'ignore_ament_install'
[1.304s] Level 1:colcon.colcon_core.package_identification:_identify(/home/ti/tcc/robots/youtube_robot/src/meshes) by extensions ['colcon_pkg']
[1.304s] Level 1:colcon.colcon_core.package_identification:_identify(/home/ti/tcc/robots/youtube_robot/src/meshes) by extension 'colcon_pkg'
[1.304s] Level 1:colcon.colcon_core.package_identification:_identify(/home/ti/tcc/robots/youtube_robot/src/meshes) by extensions ['colcon_meta']
[1.304s] Level 1:colcon.colcon_core.package_identification:_identify(/home/ti/tcc/robots/youtube_robot/src/meshes) by extension 'colcon_meta'
[1.304s] Level 1:colcon.colcon_core.package_identification:_identify(/home/ti/tcc/robots/youtube_robot/src/meshes) by extensions ['ros']
[1.304s] Level 1:colcon.colcon_core.package_identification:_identify(/home/ti/tcc/robots/youtube_robot/src/meshes) by extension 'ros'
[1.304s] Level 1:colcon.colcon_core.package_identification:_identify(/home/ti/tcc/robots/youtube_robot/src/meshes) by extensions ['cmake', 'python']
[1.304s] Level 1:colcon.colcon_core.package_identification:_identify(/home/ti/tcc/robots/youtube_robot/src/meshes) by extension 'cmake'
[1.304s] Level 1:colcon.colcon_core.package_identification:_identify(/home/ti/tcc/robots/youtube_robot/src/meshes) by extension 'python'
[1.304s] Level 1:colcon.colcon_core.package_identification:_identify(/home/ti/tcc/robots/youtube_robot/src/meshes) by extensions ['python_setup_py']
[1.305s] Level 1:colcon.colcon_core.package_identification:_identify(/home/ti/tcc/robots/youtube_robot/src/meshes) by extension 'python_setup_py'
[1.305s] Level 1:colcon.colcon_core.package_identification:_identify(/home/ti/tcc/robots/youtube_robot/src/modelo_robot) by extensions ['ignore', 'ignore_ament_install']
[1.305s] Level 1:colcon.colcon_core.package_identification:_identify(/home/ti/tcc/robots/youtube_robot/src/modelo_robot) by extension 'ignore'
[1.305s] Level 1:colcon.colcon_core.package_identification:_identify(/home/ti/tcc/robots/youtube_robot/src/modelo_robot) by extension 'ignore_ament_install'
[1.305s] Level 1:colcon.colcon_core.package_identification:_identify(/home/ti/tcc/robots/youtube_robot/src/modelo_robot) by extensions ['colcon_pkg']
[1.305s] Level 1:colcon.colcon_core.package_identification:_identify(/home/ti/tcc/robots/youtube_robot/src/modelo_robot) by extension 'colcon_pkg'
[1.305s] Level 1:colcon.colcon_core.package_identification:_identify(/home/ti/tcc/robots/youtube_robot/src/modelo_robot) by extensions ['colcon_meta']
[1.305s] Level 1:colcon.colcon_core.package_identification:_identify(/home/ti/tcc/robots/youtube_robot/src/modelo_robot) by extension 'colcon_meta'
[1.305s] Level 1:colcon.colcon_core.package_identification:_identify(/home/ti/tcc/robots/youtube_robot/src/modelo_robot) by extensions ['ros']
[1.305s] Level 1:colcon.colcon_core.package_identification:_identify(/home/ti/tcc/robots/youtube_robot/src/modelo_robot) by extension 'ros'
[1.308s] DEBUG:colcon.colcon_core.package_identification:Package '/home/ti/tcc/robots/youtube_robot/src/modelo_robot' with type 'ros.ament_python' and name 'modelo_robot'
[1.309s] Level 1:colcon.colcon_core.package_identification:_identify(/home/ti/tcc/robots/youtube_robot/src/urdf) by extensions ['ignore', 'ignore_ament_install']
[1.309s] Level 1:colcon.colcon_core.package_identification:_identify(/home/ti/tcc/robots/youtube_robot/src/urdf) by extension 'ignore'
[1.309s] Level 1:colcon.colcon_core.package_identification:_identify(/home/ti/tcc/robots/youtube_robot/src/urdf) by extension 'ignore_ament_install'
[1.309s] Level 1:colcon.colcon_core.package_identification:_identify(/home/ti/tcc/robots/youtube_robot/src/urdf) by extensions ['colcon_pkg']
[1.309s] Level 1:colcon.colcon_core.package_identification:_identify(/home/ti/tcc/robots/youtube_robot/src/urdf) by extension 'colcon_pkg'
[1.309s] Level 1:colcon.colcon_core.package_identification:_identify(/home/ti/tcc/robots/youtube_robot/src/urdf) by extensions ['colcon_meta']
[1.309s] Level 1:colcon.colcon_core.package_identification:_identify(/home/ti/tcc/robots/youtube_robot/src/urdf) by extension 'colcon_meta'
[1.309s] Level 1:colcon.colcon_core.package_identification:_identify(/home/ti/tcc/robots/youtube_robot/src/urdf) by extensions ['ros']
[1.309s] Level 1:colcon.colcon_core.package_identification:_identify(/home/ti/tcc/robots/youtube_robot/src/urdf) by extension 'ros'
[1.309s] Level 1:colcon.colcon_core.package_identification:_identify(/home/ti/tcc/robots/youtube_robot/src/urdf) by extensions ['cmake', 'python']
[1.309s] Level 1:colcon.colcon_core.package_identification:_identify(/home/ti/tcc/robots/youtube_robot/src/urdf) by extension 'cmake'
[1.309s] Level 1:colcon.colcon_core.package_identification:_identify(/home/ti/tcc/robots/youtube_robot/src/urdf) by extension 'python'
[1.310s] Level 1:colcon.colcon_core.package_identification:_identify(/home/ti/tcc/robots/youtube_robot/src/urdf) by extensions ['python_setup_py']
[1.310s] Level 1:colcon.colcon_core.package_identification:_identify(/home/ti/tcc/robots/youtube_robot/src/urdf) by extension 'python_setup_py'
[1.310s] Level 1:colcon.colcon_core.package_discovery:discover_packages(recursive) using defaults
