[0.425s] DEBUG:colcon:Command line arguments: ['/usr/bin/colcon', 'list', '-p', '--base-paths', '/home/ti/tcc/robots/youtube_robot']
[0.426s] DEBUG:colcon:Parsed command line arguments: Namespace(log_base=None, log_level=None, verb_name='list', build_base='build', ignore_user_meta=False, metas=['./colcon.meta'], base_paths=['/home/ti/tcc/robots/youtube_robot'], packages_ignore=None, packages_ignore_regex=None, paths=None, packages_up_to=None, packages_up_to_regex=None, packages_above=None, packages_above_and_dependencies=None, packages_above_depth=None, packages_select_by_dep=None, packages_skip_by_dep=None, packages_skip_up_to=None, packages_select_build_failed=False, packages_skip_build_finished=False, packages_select_test_failures=False, packages_skip_test_passed=False, packages_select=None, packages_skip=None, packages_select_regex=None, packages_skip_regex=None, packages_start=None, packages_end=None, allow_overriding=[], topological_order=False, names_only=False, paths_only=True, topological_graph=False, topological_graph_dot=False, topological_graph_density=False, topological_graph_legend=False, topological_graph_dot_cluster=False, topological_graph_dot_include_skipped=False, verb_parser=<colcon_defaults.argument_parser.defaults.DefaultArgumentsDecorator object at 0x7fa3ab992b00>, verb_extension=<colcon_package_information.verb.list.ListVerb object at 0x7fa3aba70280>, main=<bound method ListVerb.main of <colcon_package_information.verb.list.ListVerb object at 0x7fa3aba70280>>)
[0.500s] Level 1:colcon.colcon_core.package_discovery:discover_packages(colcon_meta) check parameters
[0.501s] Level 1:colcon.colcon_core.package_discovery:discover_packages(recursive) check parameters
[0.501s] Level 1:colcon.colcon_core.package_discovery:discover_packages(ignore) check parameters
[0.501s] Level 1:colcon.colcon_core.package_discovery:discover_packages(path) check parameters
[0.501s] Level 1:colcon.colcon_core.package_discovery:discover_packages(recursive) discover
[0.501s] INFO:colcon.colcon_core.package_discovery:Crawling recursively for packages in '/home/ti/tcc/robots/youtube_robot'
[0.501s] Level 1:colcon.colcon_core.package_identification:_identify(/home/ti/tcc/robots/youtube_robot) by extensions ['ignore', 'ignore_ament_install']
[0.501s] Level 1:colcon.colcon_core.package_identification:_identify(/home/ti/tcc/robots/youtube_robot) by extension 'ignore'
[0.501s] Level 1:colcon.colcon_core.package_identification:_identify(/home/ti/tcc/robots/youtube_robot) by extension 'ignore_ament_install'
[0.501s] Level 1:colcon.colcon_core.package_identification:_identify(/home/ti/tcc/robots/youtube_robot) by extensions ['colcon_pkg']
[0.501s] Level 1:colcon.colcon_core.package_identification:_identify(/home/ti/tcc/robots/youtube_robot) by extension 'colcon_pkg'
[0.501s] Level 1:colcon.colcon_core.package_identification:_identify(/home/ti/tcc/robots/youtube_robot) by extensions ['colcon_meta']
[0.502s] Level 1:colcon.colcon_core.package_identification:_identify(/home/ti/tcc/robots/youtube_robot) by extension 'colcon_meta'
[0.502s] Level 1:colcon.colcon_core.package_identification:_identify(/home/ti/tcc/robots/youtube_robot) by extensions ['ros']
[0.502s] Level 1:colcon.colcon_core.package_identification:_identify(/home/ti/tcc/robots/youtube_robot) by extension 'ros'
[0.530s] Level 1:colcon.colcon_core.package_identification:_identify(/home/ti/tcc/robots/youtube_robot) by extensions ['cmake', 'python']
[0.530s] Level 1:colcon.colcon_core.package_identification:_identify(/home/ti/tcc/robots/youtube_robot) by extension 'cmake'
[0.530s] Level 1:colcon.colcon_core.package_identification:_identify(/home/ti/tcc/robots/youtube_robot) by extension 'python'
[0.531s] Level 1:colcon.colcon_core.package_identification:_identify(/home/ti/tcc/robots/youtube_robot) by extensions ['python_setup_py']
[0.531s] Level 1:colcon.colcon_core.package_identification:_identify(/home/ti/tcc/robots/youtube_robot) by extension 'python_setup_py'
[0.531s] Level 1:colcon.colcon_core.package_identification:_identify(/home/ti/tcc/robots/youtube_robot/build) by extensions ['ignore', 'ignore_ament_install']
[0.531s] Level 1:colcon.colcon_core.package_identification:_identify(/home/ti/tcc/robots/youtube_robot/build) by extension 'ignore'
[0.532s] Level 1:colcon.colcon_core.package_identification:_identify(/home/ti/tcc/robots/youtube_robot/build) ignored
[0.532s] Level 1:colcon.colcon_core.package_identification:_identify(/home/ti/tcc/robots/youtube_robot/install) by extensions ['ignore', 'ignore_ament_install']
[0.533s] Level 1:colcon.colcon_core.package_identification:_identify(/home/ti/tcc/robots/youtube_robot/install) by extension 'ignore'
[0.536s] Level 1:colcon.colcon_core.package_identification:_identify(/home/ti/tcc/robots/youtube_robot/install) ignored
[0.542s] Level 1:colcon.colcon_core.package_identification:_identify(/home/ti/tcc/robots/youtube_robot/launch) by extensions ['ignore', 'ignore_ament_install']
[0.542s] Level 1:colcon.colcon_core.package_identification:_identify(/home/ti/tcc/robots/youtube_robot/launch) by extension 'ignore'
[0.542s] Level 1:colcon.colcon_core.package_identification:_identify(/home/ti/tcc/robots/youtube_robot/launch) by extension 'ignore_ament_install'
[0.542s] Level 1:colcon.colcon_core.package_identification:_identify(/home/ti/tcc/robots/youtube_robot/launch) by extensions ['colcon_pkg']
[0.542s] Level 1:colcon.colcon_core.package_identification:_identify(/home/ti/tcc/robots/youtube_robot/launch) by extension 'colcon_pkg'
[0.542s] Level 1:colcon.colcon_core.package_identification:_identify(/home/ti/tcc/robots/youtube_robot/launch) by extensions ['colcon_meta']
[0.543s] Level 1:colcon.colcon_core.package_identification:_identify(/home/ti/tcc/robots/youtube_robot/launch) by extension 'colcon_meta'
[0.543s] Level 1:colcon.colcon_core.package_identification:_identify(/home/ti/tcc/robots/youtube_robot/launch) by extensions ['ros']
[0.543s] Level 1:colcon.colcon_core.package_identification:_identify(/home/ti/tcc/robots/youtube_robot/launch) by extension 'ros'
[0.543s] Level 1:colcon.colcon_core.package_identification:_identify(/home/ti/tcc/robots/youtube_robot/launch) by extensions ['cmake', 'python']
[0.543s] Level 1:colcon.colcon_core.package_identification:_identify(/home/ti/tcc/robots/youtube_robot/launch) by extension 'cmake'
[0.543s] Level 1:colcon.colcon_core.package_identification:_identify(/home/ti/tcc/robots/youtube_robot/launch) by extension 'python'
[0.543s] Level 1:colcon.colcon_core.package_identification:_identify(/home/ti/tcc/robots/youtube_robot/launch) by extensions ['python_setup_py']
[0.543s] Level 1:colcon.colcon_core.package_identification:_identify(/home/ti/tcc/robots/youtube_robot/launch) by extension 'python_setup_py'
[0.543s] Level 1:colcon.colcon_core.package_identification:_identify(/home/ti/tcc/robots/youtube_robot/log) by extensions ['ignore', 'ignore_ament_install']
[0.544s] Level 1:colcon.colcon_core.package_identification:_identify(/home/ti/tcc/robots/youtube_robot/log) by extension 'ignore'
[0.544s] Level 1:colcon.colcon_core.package_identification:_identify(/home/ti/tcc/robots/youtube_robot/log) ignored
[0.544s] Level 1:colcon.colcon_core.package_identification:_identify(/home/ti/tcc/robots/youtube_robot/meshes) by extensions ['ignore', 'ignore_ament_install']
[0.544s] Level 1:colcon.colcon_core.package_identification:_identify(/home/ti/tcc/robots/youtube_robot/meshes) by extension 'ignore'
[0.544s] Level 1:colcon.colcon_core.package_identification:_identify(/home/ti/tcc/robots/youtube_robot/meshes) by extension 'ignore_ament_install'
[0.544s] Level 1:colcon.colcon_core.package_identification:_identify(/home/ti/tcc/robots/youtube_robot/meshes) by extensions ['colcon_pkg']
[0.544s] Level 1:colcon.colcon_core.package_identification:_identify(/home/ti/tcc/robots/youtube_robot/meshes) by extension 'colcon_pkg'
[0.544s] Level 1:colcon.colcon_core.package_identification:_identify(/home/ti/tcc/robots/youtube_robot/meshes) by extensions ['colcon_meta']
[0.544s] Level 1:colcon.colcon_core.package_identification:_identify(/home/ti/tcc/robots/youtube_robot/meshes) by extension 'colcon_meta'
[0.544s] Level 1:colcon.colcon_core.package_identification:_identify(/home/ti/tcc/robots/youtube_robot/meshes) by extensions ['ros']
[0.544s] Level 1:colcon.colcon_core.package_identification:_identify(/home/ti/tcc/robots/youtube_robot/meshes) by extension 'ros'
[0.545s] Level 1:colcon.colcon_core.package_identification:_identify(/home/ti/tcc/robots/youtube_robot/meshes) by extensions ['cmake', 'python']
[0.545s] Level 1:colcon.colcon_core.package_identification:_identify(/home/ti/tcc/robots/youtube_robot/meshes) by extension 'cmake'
[0.563s] Level 1:colcon.colcon_core.package_identification:_identify(/home/ti/tcc/robots/youtube_robot/meshes) by extension 'python'
[0.567s] Level 1:colcon.colcon_core.package_identification:_identify(/home/ti/tcc/robots/youtube_robot/meshes) by extensions ['python_setup_py']
[0.567s] Level 1:colcon.colcon_core.package_identification:_identify(/home/ti/tcc/robots/youtube_robot/meshes) by extension 'python_setup_py'
[0.574s] Level 1:colcon.colcon_core.package_identification:_identify(/home/ti/tcc/robots/youtube_robot/src) by extensions ['ignore', 'ignore_ament_install']
[0.575s] Level 1:colcon.colcon_core.package_identification:_identify(/home/ti/tcc/robots/youtube_robot/src) by extension 'ignore'
[0.575s] Level 1:colcon.colcon_core.package_identification:_identify(/home/ti/tcc/robots/youtube_robot/src) by extension 'ignore_ament_install'
[0.575s] Level 1:colcon.colcon_core.package_identification:_identify(/home/ti/tcc/robots/youtube_robot/src) by extensions ['colcon_pkg']
[0.575s] Level 1:colcon.colcon_core.package_identification:_identify(/home/ti/tcc/robots/youtube_robot/src) by extension 'colcon_pkg'
[0.575s] Level 1:colcon.colcon_core.package_identification:_identify(/home/ti/tcc/robots/youtube_robot/src) by extensions ['colcon_meta']
[0.575s] Level 1:colcon.colcon_core.package_identification:_identify(/home/ti/tcc/robots/youtube_robot/src) by extension 'colcon_meta'
[0.575s] Level 1:colcon.colcon_core.package_identification:_identify(/home/ti/tcc/robots/youtube_robot/src) by extensions ['ros']
[0.575s] Level 1:colcon.colcon_core.package_identification:_identify(/home/ti/tcc/robots/youtube_robot/src) by extension 'ros'
[0.575s] Level 1:colcon.colcon_core.package_identification:_identify(/home/ti/tcc/robots/youtube_robot/src) by extensions ['cmake', 'python']
[0.575s] Level 1:colcon.colcon_core.package_identification:_identify(/home/ti/tcc/robots/youtube_robot/src) by extension 'cmake'
[0.575s] Level 1:colcon.colcon_core.package_identification:_identify(/home/ti/tcc/robots/youtube_robot/src) by extension 'python'
[0.575s] Level 1:colcon.colcon_core.package_identification:_identify(/home/ti/tcc/robots/youtube_robot/src) by extensions ['python_setup_py']
[0.576s] Level 1:colcon.colcon_core.package_identification:_identify(/home/ti/tcc/robots/youtube_robot/src) by extension 'python_setup_py'
[0.585s] Level 1:colcon.colcon_core.package_identification:_identify(/home/ti/tcc/robots/youtube_robot/src/modelo_robot) by extensions ['ignore', 'ignore_ament_install']
[0.586s] Level 1:colcon.colcon_core.package_identification:_identify(/home/ti/tcc/robots/youtube_robot/src/modelo_robot) by extension 'ignore'
[0.586s] Level 1:colcon.colcon_core.package_identification:_identify(/home/ti/tcc/robots/youtube_robot/src/modelo_robot) by extension 'ignore_ament_install'
[0.586s] Level 1:colcon.colcon_core.package_identification:_identify(/home/ti/tcc/robots/youtube_robot/src/modelo_robot) by extensions ['colcon_pkg']
[0.586s] Level 1:colcon.colcon_core.package_identification:_identify(/home/ti/tcc/robots/youtube_robot/src/modelo_robot) by extension 'colcon_pkg'
[0.586s] Level 1:colcon.colcon_core.package_identification:_identify(/home/ti/tcc/robots/youtube_robot/src/modelo_robot) by extensions ['colcon_meta']
[0.586s] Level 1:colcon.colcon_core.package_identification:_identify(/home/ti/tcc/robots/youtube_robot/src/modelo_robot) by extension 'colcon_meta'
[0.586s] Level 1:colcon.colcon_core.package_identification:_identify(/home/ti/tcc/robots/youtube_robot/src/modelo_robot) by extensions ['ros']
[0.586s] Level 1:colcon.colcon_core.package_identification:_identify(/home/ti/tcc/robots/youtube_robot/src/modelo_robot) by extension 'ros'
[0.614s] DEBUG:colcon.colcon_core.package_identification:Package '/home/ti/tcc/robots/youtube_robot/src/modelo_robot' with type 'ros.ament_python' and name 'modelo_robot'
[0.615s] Level 1:colcon.colcon_core.package_identification:_identify(/home/ti/tcc/robots/youtube_robot/urdf) by extensions ['ignore', 'ignore_ament_install']
[0.615s] Level 1:colcon.colcon_core.package_identification:_identify(/home/ti/tcc/robots/youtube_robot/urdf) by extension 'ignore'
[0.615s] Level 1:colcon.colcon_core.package_identification:_identify(/home/ti/tcc/robots/youtube_robot/urdf) by extension 'ignore_ament_install'
[0.615s] Level 1:colcon.colcon_core.package_identification:_identify(/home/ti/tcc/robots/youtube_robot/urdf) by extensions ['colcon_pkg']
[0.615s] Level 1:colcon.colcon_core.package_identification:_identify(/home/ti/tcc/robots/youtube_robot/urdf) by extension 'colcon_pkg'
[0.615s] Level 1:colcon.colcon_core.package_identification:_identify(/home/ti/tcc/robots/youtube_robot/urdf) by extensions ['colcon_meta']
[0.615s] Level 1:colcon.colcon_core.package_identification:_identify(/home/ti/tcc/robots/youtube_robot/urdf) by extension 'colcon_meta'
[0.615s] Level 1:colcon.colcon_core.package_identification:_identify(/home/ti/tcc/robots/youtube_robot/urdf) by extensions ['ros']
[0.615s] Level 1:colcon.colcon_core.package_identification:_identify(/home/ti/tcc/robots/youtube_robot/urdf) by extension 'ros'
[0.616s] Level 1:colcon.colcon_core.package_identification:_identify(/home/ti/tcc/robots/youtube_robot/urdf) by extensions ['cmake', 'python']
[0.616s] Level 1:colcon.colcon_core.package_identification:_identify(/home/ti/tcc/robots/youtube_robot/urdf) by extension 'cmake'
[0.616s] Level 1:colcon.colcon_core.package_identification:_identify(/home/ti/tcc/robots/youtube_robot/urdf) by extension 'python'
[0.616s] Level 1:colcon.colcon_core.package_identification:_identify(/home/ti/tcc/robots/youtube_robot/urdf) by extensions ['python_setup_py']
[0.616s] Level 1:colcon.colcon_core.package_identification:_identify(/home/ti/tcc/robots/youtube_robot/urdf) by extension 'python_setup_py'
[0.616s] Level 1:colcon.colcon_core.package_discovery:discover_packages(recursive) using defaults
